2023-06-05 23:39:27.578 [info] Reading sessions from secret storage...
2023-06-05 23:39:27.578 [info] Got 0 stored sessions
2023-06-05 23:39:27.579 [info] Getting sessions for all scopes...
2023-06-05 23:39:27.580 [info] Got 0 sessions for all scopes...
2023-06-05 23:39:27.586 [info] Getting sessions for the following scopes: email offline_access openid profile
2023-06-05 23:39:27.588 [info] Got 0 sessions for scopes: email offline_access openid profile
2023-06-05 23:40:53.006 [info] Getting sessions for the following scopes: email offline_access openid profile
2023-06-05 23:40:53.007 [info] Got 0 sessions for scopes: email offline_access openid profile
2023-06-05 23:41:39.565 [info] Reading sessions from secret storage...
2023-06-05 23:41:39.566 [info] Got 0 stored sessions
2023-06-05 23:41:39.566 [info] Getting sessions for all scopes...
2023-06-05 23:41:39.566 [info] Got 0 sessions for all scopes...
2023-06-05 23:41:39.566 [info] Getting sessions for the following scopes: email offline_access openid profile
2023-06-05 23:41:39.566 [info] Got 0 sessions for scopes: email offline_access openid profile
2023-06-05 23:43:53.236 [info] Reading sessions from secret storage...
2023-06-05 23:43:53.236 [info] Got 0 stored sessions
2023-06-05 23:43:53.249 [info] Getting sessions for all scopes...
2023-06-05 23:43:53.249 [info] Got 0 sessions for all scopes...
2023-06-05 23:43:53.254 [info] Getting sessions for the following scopes: email offline_access openid profile
2023-06-05 23:43:53.254 [info] Got 0 sessions for scopes: email offline_access openid profile
2023-06-05 23:43:53.256 [info] Getting sessions for the following scopes: email offline_access openid profile
2023-06-05 23:43:53.256 [info] Got 0 sessions for scopes: email offline_access openid profile
