2023-06-05 23:39:07.512 [info] Reading sessions from keychain...
2023-06-05 23:39:07.512 [info] Getting sessions for all scopes...
2023-06-05 23:39:07.512 [info] Getting sessions for user:email...
2023-06-05 23:39:07.512 [info] Got 0 sessions for ...
2023-06-05 23:39:07.512 [info] Got 0 sessions for user:email...
2023-06-05 23:39:07.512 [info] Getting sessions for all scopes...
2023-06-05 23:39:07.512 [info] Got 0 sessions for ...
2023-06-05 23:39:27.789 [info] Getting sessions for all scopes...
2023-06-05 23:39:27.790 [info] Got 0 sessions for ...
2023-06-05 23:39:36.377 [info] Getting sessions for codespace,read:user,repo,user:email...
2023-06-05 23:39:36.378 [info] Got 0 sessions for codespace,read:user,repo,user:email...
2023-06-05 23:40:08.984 [info] Getting sessions for codespace,read:user,repo,user:email...
2023-06-05 23:40:08.985 [info] Got 0 sessions for codespace,read:user,repo,user:email...
2023-06-05 23:40:12.175 [info] Logging in for the following scopes: codespace read:user repo user:email
2023-06-05 23:40:12.232 [info] Trying without local server... (codespace read:user repo user:email)
2023-06-05 23:40:48.742 [info] Exchanging code for token...
2023-06-05 23:40:52.035 [info] Token exchange success!
2023-06-05 23:40:52.071 [info] Getting user info...
2023-06-05 23:40:52.536 [info] Got account info!
2023-06-05 23:40:52.538 [info] Storing 1 sessions...
2023-06-05 23:40:52.787 [error] Setting token failed: Error: GDBus.Error:org.freedesktop.DBus.Error.ServiceUnknown: The name org.freedesktop.secrets was not provided by any .service files
2023-06-05 23:40:52.787 [info] Stored 1 sessions!
2023-06-05 23:40:52.788 [info] Login success!
2023-06-05 23:40:52.803 [info] Getting sessions for user:email...
2023-06-05 23:40:52.804 [info] Got 0 sessions for user:email...
2023-06-05 23:40:53.354 [info] Getting user info...
2023-06-05 23:40:53.740 [info] Got account info!
2023-06-05 23:41:08.196 [info] Reading sessions from keychain...
2023-06-05 23:41:08.196 [info] Getting sessions for all scopes...
2023-06-05 23:41:08.196 [info] Got 0 sessions for ...
2023-06-05 23:41:08.239 [info] Getting sessions for codespace,read:user,repo,user:email...
2023-06-05 23:41:08.239 [info] Got 0 sessions for codespace,read:user,repo,user:email...
2023-06-05 23:41:13.871 [info] Getting sessions for all scopes...
2023-06-05 23:41:13.871 [info] Got 0 sessions for ...
2023-06-05 23:41:14.447 [info] Getting sessions for codespace,read:user,repo,user:email...
2023-06-05 23:41:14.448 [info] Got 0 sessions for codespace,read:user,repo,user:email...
2023-06-05 23:41:22.120 [info] Getting sessions for user:email...
2023-06-05 23:41:22.120 [info] Got 0 sessions for user:email...
2023-06-05 23:41:39.384 [info] Reading sessions from keychain...
2023-06-05 23:41:39.384 [info] Getting sessions for all scopes...
2023-06-05 23:41:39.384 [info] Getting sessions for user:email...
2023-06-05 23:41:39.384 [info] Got 0 sessions for ...
2023-06-05 23:41:39.384 [info] Got 0 sessions for user:email...
2023-06-05 23:41:39.392 [info] Getting sessions for all scopes...
2023-06-05 23:41:39.392 [info] Got 0 sessions for ...
2023-06-05 23:41:39.579 [info] Getting sessions for all scopes...
2023-06-05 23:41:39.579 [info] Got 0 sessions for ...
2023-06-05 23:43:53.247 [info] Reading sessions from keychain...
2023-06-05 23:43:53.247 [info] Getting sessions for all scopes...
2023-06-05 23:43:53.247 [info] Getting sessions for all scopes...
2023-06-05 23:43:53.247 [info] Got 0 sessions for ...
2023-06-05 23:43:53.247 [info] Got 0 sessions for ...
2023-06-05 23:43:53.247 [info] Getting sessions for user:email...
2023-06-05 23:43:53.247 [info] Got 0 sessions for user:email...
2023-06-05 23:43:53.282 [info] Getting sessions for user:email...
2023-06-05 23:43:53.282 [info] Got 0 sessions for user:email...
2023-06-05 23:43:53.310 [info] Getting sessions for all scopes...
2023-06-05 23:43:53.310 [info] Got 0 sessions for ...
