2023-06-04 20:42:51.383 [info] Added views:workbench.panel.markers.view in workbench.panel.markers
2023-06-04 20:42:51.383 [info] Added views:workbench.panel.output in workbench.panel.output
2023-06-04 20:42:51.383 [info] Added views:terminal in terminal
2023-06-04 20:42:51.383 [info] Added views:outline in workbench.view.explorer
2023-06-04 20:42:51.383 [info] Added views:workbench.scm in workbench.view.scm
2023-06-04 20:42:51.386 [info] Added views:workbench.view.search in workbench.view.search
2023-06-04 20:42:51.386 [info] Added views:timeline in workbench.view.explorer
2023-06-04 20:42:51.386 [info] Added views:workbench.explorer.fileView in workbench.view.explorer
2023-06-04 20:42:55.692 [info] Added views:workbench.debug.welcome in workbench.view.debug
2023-06-04 20:42:57.289 [info] Added views:workbench.panel.repl.view in workbench.panel.repl
2023-06-04 20:56:03.439 [info] Showing view workbench.explorer.openEditorsView in the container workbench.view.explorer
2023-06-04 20:56:03.511 [info] Added views:workbench.explorer.openEditorsView in workbench.view.explorer
2023-06-04 20:56:19.638 [info] Removed views:workbench.explorer.openEditorsView from workbench.view.explorer
2023-06-04 22:55:15.818 [info] Added views:workbench.views.extensions.installed,workbench.views.extensions.popular,extensions.recommendedList in workbench.view.extensions
2023-06-04 22:55:15.828 [info] Removed views:workbench.views.extensions.popular from workbench.view.extensions
2023-06-04 22:55:34.896 [info] Removed views:extensions.recommendedList,workbench.views.extensions.installed from workbench.view.extensions
2023-06-04 22:55:34.998 [info] Added views:workbench.views.extensions.marketplace in workbench.view.extensions
2023-06-04 22:56:13.327 [info] Added views:remoteTargets in workbench.view.remote
2023-06-04 23:14:07.362 [info] Removed views:workbench.panel.repl.view from workbench.panel.repl
2023-06-04 23:14:07.937 [info] Added views:workbench.panel.repl.view in workbench.panel.repl
