2023-06-04 20:43:17.757 [info] Reading sessions from secret storage...
2023-06-04 20:43:17.757 [info] Got 0 stored sessions
2023-06-04 20:43:17.758 [info] Getting sessions for all scopes...
2023-06-04 20:43:17.758 [info] Got 0 sessions for all scopes...
2023-06-04 20:43:17.758 [info] Getting sessions for the following scopes: email offline_access openid profile
2023-06-04 20:43:17.759 [info] Got 0 sessions for scopes: email offline_access openid profile
2023-06-04 20:43:17.764 [info] Getting sessions for the following scopes: email offline_access openid profile
2023-06-04 20:43:17.765 [info] Got 0 sessions for scopes: email offline_access openid profile
2023-06-04 23:00:30.235 [info] Getting sessions for the following scopes: email offline_access openid profile
2023-06-04 23:00:30.236 [info] Got 0 sessions for scopes: email offline_access openid profile
2023-06-04 23:00:30.272 [info] Getting sessions for the following scopes: email offline_access openid profile
2023-06-04 23:00:30.272 [info] Got 0 sessions for scopes: email offline_access openid profile
2023-06-04 23:00:43.976 [info] Getting sessions for the following scopes: email offline_access openid profile
2023-06-04 23:00:43.977 [info] Got 0 sessions for scopes: email offline_access openid profile
2023-06-04 23:14:10.100 [info] Reading sessions from secret storage...
2023-06-04 23:14:10.100 [info] Got 0 stored sessions
2023-06-04 23:14:10.100 [info] Getting sessions for all scopes...
2023-06-04 23:14:10.100 [info] Got 0 sessions for all scopes...
2023-06-04 23:14:10.100 [info] Getting sessions for the following scopes: email offline_access openid profile
2023-06-04 23:14:10.100 [info] Got 0 sessions for scopes: email offline_access openid profile
2023-06-04 23:14:10.130 [info] Getting sessions for the following scopes: email offline_access openid profile
2023-06-04 23:14:10.130 [info] Got 0 sessions for scopes: email offline_access openid profile
