2023-06-04 20:43:17.760 [info] Reading sessions from keychain...
2023-06-04 20:43:17.760 [info] Getting sessions for all scopes...
2023-06-04 20:43:17.761 [info] Getting sessions for user:email...
2023-06-04 20:43:17.761 [info] Got 0 sessions for ...
2023-06-04 20:43:17.761 [info] Got 0 sessions for user:email...
2023-06-04 20:43:17.763 [info] Getting sessions for all scopes...
2023-06-04 20:43:17.763 [info] Got 0 sessions for ...
2023-06-04 20:43:17.763 [info] Getting sessions for all scopes...
2023-06-04 20:43:17.763 [info] Got 0 sessions for ...
2023-06-04 20:43:17.769 [info] Getting sessions for user:email...
2023-06-04 20:43:17.770 [info] Got 0 sessions for user:email...
2023-06-04 23:00:30.261 [info] Getting sessions for user:email...
2023-06-04 23:00:30.261 [info] Got 0 sessions for user:email...
2023-06-04 23:00:30.274 [info] Getting sessions for user:email...
2023-06-04 23:00:30.274 [info] Got 0 sessions for user:email...
2023-06-04 23:00:34.727 [info] Logging in for the following scopes: user:email
2023-06-04 23:00:34.811 [info] Trying without local server... (user:email)
2023-06-04 23:00:41.762 [info] Exchanging code for token...
2023-06-04 23:00:43.132 [info] Token exchange success!
2023-06-04 23:00:43.144 [info] Getting user info...
2023-06-04 23:00:43.785 [info] Got account info!
2023-06-04 23:00:43.786 [info] Storing 1 sessions...
2023-06-04 23:00:43.918 [error] Setting token failed: Error: GDBus.Error:org.freedesktop.DBus.Error.ServiceUnknown: The name org.freedesktop.secrets was not provided by any .service files
2023-06-04 23:00:43.925 [info] Stored 1 sessions!
2023-06-04 23:00:43.928 [info] Login success!
2023-06-04 23:00:43.942 [info] Getting sessions for user:email...
2023-06-04 23:00:43.944 [info] Got 1 sessions for user:email...
2023-06-04 23:00:49.596 [info] Getting user info...
2023-06-04 23:00:50.044 [info] Got account info!
2023-06-04 23:14:10.101 [info] Reading sessions from keychain...
2023-06-04 23:14:10.101 [info] Getting sessions for all scopes...
2023-06-04 23:14:10.101 [info] Getting sessions for user:email...
2023-06-04 23:14:10.101 [info] Got 0 sessions for ...
2023-06-04 23:14:10.101 [info] Got 0 sessions for user:email...
2023-06-04 23:14:10.101 [info] Getting sessions for all scopes...
2023-06-04 23:14:10.101 [info] Got 0 sessions for ...
2023-06-04 23:14:10.101 [info] Getting sessions for user:email...
2023-06-04 23:14:10.101 [info] Got 0 sessions for user:email...
2023-06-04 23:14:10.113 [info] Getting sessions for all scopes...
2023-06-04 23:14:10.113 [info] Got 0 sessions for ...
