2023-06-05 23:38:58.521 [info] Added views:workbench.panel.markers.view in workbench.panel.markers
2023-06-05 23:38:58.521 [info] Added views:workbench.panel.output in workbench.panel.output
2023-06-05 23:38:58.521 [info] Added views:terminal in terminal
2023-06-05 23:38:58.521 [info] Added views:outline in workbench.view.explorer
2023-06-05 23:38:58.521 [info] Added views:workbench.scm in workbench.view.scm
2023-06-05 23:38:58.521 [info] Added views:workbench.view.search in workbench.view.search
2023-06-05 23:38:58.521 [info] Added views:timeline in workbench.view.explorer
2023-06-05 23:38:58.521 [info] Added views:workbench.explorer.emptyView in workbench.view.explorer
2023-06-05 23:39:00.015 [info] Added views:remoteTargets in workbench.view.remote
2023-06-05 23:39:01.589 [info] Added views:workbench.debug.variablesView,workbench.debug.watchExpressionsView,workbench.debug.callStackView,workbench.debug.breakPointsView in workbench.view.debug
2023-06-05 23:39:02.494 [info] Added views:workbench.panel.repl.view in workbench.panel.repl
2023-06-05 23:39:02.504 [info] Removed views:workbench.debug.breakPointsView,workbench.debug.callStackView,workbench.debug.watchExpressionsView,workbench.debug.variablesView from workbench.view.debug
2023-06-05 23:39:02.507 [info] Added views:workbench.debug.welcome in workbench.view.debug
2023-06-05 23:39:33.388 [info] Added views:github.codespaces.explorer in workbench.view.remote
2023-06-05 23:40:59.691 [info] Added views:workbench.panel.markers.view in workbench.panel.markers
2023-06-05 23:40:59.692 [info] Added views:workbench.panel.output in workbench.panel.output
2023-06-05 23:40:59.692 [info] Added views:terminal in terminal
2023-06-05 23:40:59.692 [info] Added views:outline in workbench.view.explorer
2023-06-05 23:40:59.692 [info] Added views:workbench.scm in workbench.view.scm
2023-06-05 23:40:59.692 [info] Added views:workbench.view.search in workbench.view.search
2023-06-05 23:40:59.692 [info] Added views:timeline in workbench.view.explorer
2023-06-05 23:41:03.115 [info] Added views:workbench.debug.variablesView,workbench.debug.watchExpressionsView,workbench.debug.callStackView,workbench.debug.breakPointsView in workbench.view.debug
2023-06-05 23:41:21.123 [info] Added views:github.codespaces.explorer in workbench.view.remote
2023-06-05 23:41:21.127 [info] Added views:remoteTargets in workbench.view.remote
2023-06-05 23:41:29.647 [info] Added views:workbench.panel.markers.view in workbench.panel.markers
2023-06-05 23:41:29.647 [info] Added views:workbench.panel.output in workbench.panel.output
2023-06-05 23:41:29.647 [info] Added views:terminal in terminal
2023-06-05 23:41:29.647 [info] Added views:outline in workbench.view.explorer
2023-06-05 23:41:29.648 [info] Added views:workbench.scm in workbench.view.scm
2023-06-05 23:41:29.648 [info] Added views:workbench.view.search in workbench.view.search
2023-06-05 23:41:29.648 [info] Added views:timeline in workbench.view.explorer
2023-06-05 23:41:29.648 [info] Added views:workbench.explorer.emptyView in workbench.view.explorer
2023-06-05 23:41:33.296 [info] Added views:github.codespaces.explorer in workbench.view.remote
2023-06-05 23:41:33.304 [info] Added views:remoteTargets in workbench.view.remote
2023-06-05 23:41:35.717 [info] Added views:workbench.debug.variablesView,workbench.debug.watchExpressionsView,workbench.debug.callStackView,workbench.debug.breakPointsView in workbench.view.debug
2023-06-05 23:41:36.588 [info] Added views:workbench.panel.repl.view in workbench.panel.repl
2023-06-05 23:41:36.589 [info] Removed views:workbench.debug.breakPointsView,workbench.debug.callStackView,workbench.debug.watchExpressionsView,workbench.debug.variablesView from workbench.view.debug
2023-06-05 23:41:36.696 [info] Added views:workbench.debug.welcome in workbench.view.debug
2023-06-05 23:43:25.727 [info] Added views:workbench.panel.markers.view in workbench.panel.markers
2023-06-05 23:43:25.727 [info] Added views:workbench.panel.output in workbench.panel.output
2023-06-05 23:43:25.727 [info] Added views:terminal in terminal
2023-06-05 23:43:25.727 [info] Added views:outline in workbench.view.explorer
2023-06-05 23:43:25.727 [info] Added views:workbench.scm in workbench.view.scm
2023-06-05 23:43:25.727 [info] Added views:workbench.view.search in workbench.view.search
2023-06-05 23:43:25.727 [info] Added views:timeline in workbench.view.explorer
2023-06-05 23:43:25.727 [info] Added views:workbench.explorer.fileView in workbench.view.explorer
2023-06-05 23:43:26.832 [info] Added views:workbench.debug.welcome in workbench.view.debug
2023-06-05 23:43:28.310 [info] Added views:github.codespaces.explorer in workbench.view.remote
2023-06-05 23:43:28.313 [info] Added views:remoteTargets in workbench.view.remote
2023-06-05 23:43:29.906 [info] Added views:workbench.panel.repl.view in workbench.panel.repl
