2023-06-05 23:39:02.273 [info] Extension host with pid 6174 started
2023-06-05 23:39:02.511 [info] ExtensionService#_doActivateExtension vscode.git-base, startup: true, activationEvent: '*', root cause: vscode.git
2023-06-05 23:39:04.263 [info] ExtensionService#_doActivateExtension vscode.git, startup: true, activationEvent: '*'
2023-06-05 23:39:04.272 [info] ExtensionService#_doActivateExtension vscode.github, startup: true, activationEvent: '*'
2023-06-05 23:39:04.990 [info] ExtensionService#_doActivateExtension vscode.github-authentication, startup: false, activationEvent: 'onAuthenticationRequest:github'
2023-06-05 23:39:06.886 [info] Eager extensions activated
2023-06-05 23:39:07.388 [info] ExtensionService#_doActivateExtension vscode.debug-auto-launch, startup: false, activationEvent: 'onStartupFinished'
2023-06-05 23:39:07.389 [info] ExtensionService#_doActivateExtension vscode.merge-conflict, startup: false, activationEvent: 'onStartupFinished'
2023-06-05 23:39:07.402 [info] ExtensionService#_doActivateExtension ritwickdey.LiveServer, startup: false, activationEvent: 'onStartupFinished'
2023-06-05 23:39:07.510 [info] ExtensionService#_doActivateExtension vscode.microsoft-authentication, startup: false, activationEvent: 'onAuthenticationRequest:microsoft'
2023-06-05 23:39:14.421 [warning] [Decorations] CAPPING events from decorations provider vscode.git 8017
2023-06-05 23:39:14.496 [info] ExtensionService#_doActivateExtension vscode.json-language-features, startup: false, activationEvent: 'onLanguage:jsonc'
2023-06-05 23:39:14.498 [info] ExtensionService#_doActivateExtension vscode.typescript-language-features, startup: false, activationEvent: 'onLanguage:jsonc'
2023-06-05 23:39:14.504 [info] ExtensionService#_doActivateExtension vscode.emmet, startup: false, activationEvent: 'onLanguage'
2023-06-05 23:39:20.206 [warning] [Decorations] CAPPING events from decorations provider vscode.git 8018
2023-06-05 23:39:33.738 [info] ExtensionService#_doActivateExtension GitHub.codespaces, startup: false, activationEvent: 'onUri:github.codespaces'
2023-06-05 23:39:34.491 [warning] Using default string since no string found in i18n bundle that has the key: Keep Defaults
2023-06-05 23:39:34.491 [warning] Using default string since no string found in i18n bundle that has the key: Configure Options
2023-06-05 23:39:34.491 [warning] Using default string since no string found in i18n bundle that has the key: Finish
2023-06-05 23:39:34.495 [warning] Using default string since no string found in i18n bundle that has the key: Learn More
2023-06-05 23:39:34.502 [warning] Using default string since no string found in i18n bundle that has the key: Documentation on predefined container definitions
2023-06-05 23:40:02.939 [warning] [Decorations] CAPPING events from decorations provider vscode.git 8063
2023-06-05 23:40:13.630 [warning] [Decorations] CAPPING events from decorations provider vscode.git 8064
2023-06-05 23:40:34.895 [warning] [Decorations] CAPPING events from decorations provider vscode.git 8064
2023-06-05 23:40:53.759 [info] Extension host terminating: renderer closed the MessagePort
2023-06-05 23:40:53.920 [error] Canceled: Canceled
    at new l (/usr/share/code/resources/app/out/vs/workbench/api/node/extensionHostProcess.js:98:104563)
    at a.O (/usr/share/code/resources/app/out/vs/workbench/api/node/extensionHostProcess.js:110:11657)
    at Proxy.H.<computed>.V.charCodeAt.H.<computed> (/usr/share/code/resources/app/out/vs/workbench/api/node/extensionHostProcess.js:110:8947)
    at e.ExtHostCommands.g (/usr/share/code/resources/app/out/vs/workbench/api/node/extensionHostProcess.js:98:124729)
    at e.ExtHostCommands.executeCommand (/usr/share/code/resources/app/out/vs/workbench/api/node/extensionHostProcess.js:98:124105)
    at C.registerCommand.description (/usr/share/code/resources/app/out/vs/workbench/api/node/extensionHostProcess.js:98:123398)
    at e.ExtHostCommands.h (/usr/share/code/resources/app/out/vs/workbench/api/node/extensionHostProcess.js:98:125315)
    at e.ExtHostCommands.g (/usr/share/code/resources/app/out/vs/workbench/api/node/extensionHostProcess.js:98:124205)
    at e.ExtHostCommands.executeCommand (/usr/share/code/resources/app/out/vs/workbench/api/node/extensionHostProcess.js:98:124105)
    at Object.executeCommand (/usr/share/code/resources/app/out/vs/workbench/api/node/extensionHostProcess.js:116:24043)
    at D (/usr/share/code/resources/app/extensions/git/dist/main.js:2:1259661)
    at v.invoke (/usr/share/code/resources/app/out/vs/workbench/api/node/extensionHostProcess.js:63:145)
    at h.deliver (/usr/share/code/resources/app/out/vs/workbench/api/node/extensionHostProcess.js:63:2121)
    at i.fire (/usr/share/code/resources/app/out/vs/workbench/api/node/extensionHostProcess.js:63:1729)
    at Object.m [as dispose] (/usr/share/code/resources/app/extensions/git/dist/main.js:2:1274494)
    at /usr/share/code/resources/app/extensions/git/dist/main.js:2:1278940
    at Array.forEach (<anonymous>)
    at g.dispose (/usr/share/code/resources/app/extensions/git/dist/main.js:2:1278926)
    at t.<anonymous> (/usr/share/code/resources/app/out/vs/workbench/api/node/extensionHostProcess.js:96:12369)
    at t.dispose (/usr/share/code/resources/app/out/vs/workbench/api/node/extensionHostProcess.js:96:12504)
    at t.<anonymous> (/usr/share/code/resources/app/extensions/git/dist/main.js:2:1261791)
    at t.dispose (/usr/share/code/resources/app/out/vs/workbench/api/node/extensionHostProcess.js:96:12504)
    at T (/usr/share/code/resources/app/out/vs/workbench/api/node/extensionHostProcess.js:10:12080)
    at v.Y (/usr/share/code/resources/app/out/vs/workbench/api/node/extensionHostProcess.js:112:11173)
    at /usr/share/code/resources/app/out/vs/workbench/api/node/extensionHostProcess.js:112:9157
    at Array.map (<anonymous>)
    at v.R (/usr/share/code/resources/app/out/vs/workbench/api/node/extensionHostProcess.js:112:9144)
    at v.terminate (/usr/share/code/resources/app/out/vs/workbench/api/node/extensionHostProcess.js:112:9415)
    at d.terminate (/usr/share/code/resources/app/out/vs/workbench/api/node/extensionHostProcess.js:116:1544)
    at g (/usr/share/code/resources/app/out/vs/workbench/api/node/extensionHostProcess.js:126:34439)
    at MessagePortMain.<anonymous> (/usr/share/code/resources/app/out/vs/workbench/api/node/extensionHostProcess.js:126:30578)
    at MessagePortMain.emit (node:events:513:28)
    at Object.MessagePortMain._internalPort.emit (node:electron/js2c/utility_init:2:367) setContext undefined
2023-06-05 23:40:54.178 [info] Extension host with pid 6174 exiting with code 0
2023-06-05 23:41:04.789 [info] Extension host with pid 6487 started
2023-06-05 23:41:04.789 [info] Skipping acquiring lock for /home/cerejinha3020/.config/Code/User/workspaceStorage/aba6acb40f98f59a81ff5900db33cfe9.
2023-06-05 23:41:04.855 [info] $getCanonicalURI invoked for authority (codespaces)
2023-06-05 23:41:05.706 [info] ExtensionService#_doActivateExtension GitHub.codespaces, startup: false, activationEvent: 'onResolveRemoteAuthority:codespaces'
2023-06-05 23:41:06.426 [warning] Using default string since no string found in i18n bundle that has the key: Keep Defaults
2023-06-05 23:41:06.427 [warning] Using default string since no string found in i18n bundle that has the key: Configure Options
2023-06-05 23:41:06.427 [warning] Using default string since no string found in i18n bundle that has the key: Finish
2023-06-05 23:41:06.428 [warning] Using default string since no string found in i18n bundle that has the key: Learn More
2023-06-05 23:41:06.428 [warning] Using default string since no string found in i18n bundle that has the key: Documentation on predefined container definitions
2023-06-05 23:41:07.861 [info] ExtensionService#_doActivateExtension vscode.github-authentication, startup: false, activationEvent: 'api', root cause: GitHub.codespaces
2023-06-05 23:41:14.451 [error] Activating extension GitHub.codespaces failed due to an error:
2023-06-05 23:41:14.451 [error] Error: list codespaces request failed with status 499
    at throwCommandError (/home/cerejinha3020/.vscode/extensions/github.codespaces-1.14.7/src/api/githubApi.ts:478:19)
    at nn.<anonymous> (/home/cerejinha3020/.vscode/extensions/github.codespaces-1.14.7/src/api/githubApi.ts:492:13)
    at Generator.next (<anonymous>)
    at fulfilled (/home/cerejinha3020/.vscode/extensions/github.codespaces-1.14.7/out/bundle/extension-node.js:322:139982)
2023-06-05 23:41:14.467 [info] [resolveAuthority(codespaces,1)][0ms] activating resolver...
2023-06-05 23:41:14.467 [info] [resolveAuthority(codespaces,1)][0ms] setting tunnel factory...
2023-06-05 23:41:14.468 [info] [resolveAuthority(codespaces,1)][1ms] invoking resolve()...
2023-06-05 23:41:15.470 [info] [resolveAuthority(codespaces,1)][1003ms] waiting...
2023-06-05 23:41:16.472 [info] [resolveAuthority(codespaces,1)][2005ms] waiting...
2023-06-05 23:41:17.472 [info] [resolveAuthority(codespaces,1)][3005ms] waiting...
2023-06-05 23:41:18.473 [info] [resolveAuthority(codespaces,1)][4006ms] waiting...
2023-06-05 23:41:19.474 [info] [resolveAuthority(codespaces,1)][5007ms] waiting...
2023-06-05 23:41:20.474 [info] [resolveAuthority(codespaces,1)][6007ms] waiting...
2023-06-05 23:41:20.824 [error] [resolveAuthority(codespaces,1)][6311ms] returned an error Please sign in to the GitHub Codespaces extension before connecting to a codespace.
2023-06-05 23:41:23.298 [info] Extension host terminating: renderer closed the MessagePort
2023-06-05 23:41:23.299 [info] Extension host with pid 6487 exiting with code 0
2023-06-05 23:41:35.298 [info] Extension host with pid 6526 started
2023-06-05 23:41:36.332 [info] ExtensionService#_doActivateExtension vscode.git-base, startup: true, activationEvent: '*', root cause: vscode.git
2023-06-05 23:41:37.790 [info] ExtensionService#_doActivateExtension vscode.git, startup: true, activationEvent: '*'
2023-06-05 23:41:37.792 [info] ExtensionService#_doActivateExtension vscode.github, startup: true, activationEvent: '*'
2023-06-05 23:41:38.474 [info] Eager extensions activated
2023-06-05 23:41:38.510 [info] ExtensionService#_doActivateExtension vscode.debug-auto-launch, startup: false, activationEvent: 'onStartupFinished'
2023-06-05 23:41:38.513 [info] ExtensionService#_doActivateExtension vscode.merge-conflict, startup: false, activationEvent: 'onStartupFinished'
2023-06-05 23:41:38.514 [info] ExtensionService#_doActivateExtension ritwickdey.LiveServer, startup: false, activationEvent: 'onStartupFinished'
2023-06-05 23:41:38.678 [info] ExtensionService#_doActivateExtension vscode.github-authentication, startup: false, activationEvent: 'onAuthenticationRequest:github'
2023-06-05 23:41:39.390 [info] ExtensionService#_doActivateExtension vscode.microsoft-authentication, startup: false, activationEvent: 'onAuthenticationRequest:microsoft'
2023-06-05 23:43:23.654 [info] Extension host terminating: renderer closed the MessagePort
2023-06-05 23:43:23.742 [info] Extension host with pid 6526 exiting with code 0
2023-06-05 23:43:29.520 [info] Extension host with pid 6571 started
2023-06-05 23:43:29.520 [info] Skipping acquiring lock for /home/cerejinha3020/.config/Code/User/workspaceStorage/1ed3642370080ffdacc842396305fdd6.
2023-06-05 23:43:29.894 [info] ExtensionService#_doActivateExtension vscode.emmet, startup: false, activationEvent: 'onLanguage'
2023-06-05 23:43:31.011 [info] ExtensionService#_doActivateExtension vscode.git-base, startup: true, activationEvent: '*', root cause: vscode.git
2023-06-05 23:43:33.929 [info] ExtensionService#_doActivateExtension vscode.git, startup: true, activationEvent: '*'
2023-06-05 23:43:33.931 [info] ExtensionService#_doActivateExtension vscode.github, startup: true, activationEvent: '*'
2023-06-05 23:43:34.721 [info] Eager extensions activated
2023-06-05 23:43:35.023 [info] ExtensionService#_doActivateExtension vscode.debug-auto-launch, startup: false, activationEvent: 'onStartupFinished'
2023-06-05 23:43:35.024 [info] ExtensionService#_doActivateExtension vscode.merge-conflict, startup: false, activationEvent: 'onStartupFinished'
2023-06-05 23:43:35.025 [info] ExtensionService#_doActivateExtension ritwickdey.LiveServer, startup: false, activationEvent: 'onStartupFinished'
2023-06-05 23:43:35.092 [info] ExtensionService#_doActivateExtension vscode.html-language-features, startup: false, activationEvent: 'onLanguage:html'
2023-06-05 23:43:35.098 [info] ExtensionService#_doActivateExtension george-alisson.html-preview-vscode, startup: false, activationEvent: 'onLanguage:html'
2023-06-05 23:43:40.552 [warning] [Decorations] CAPPING events from decorations provider vscode.git 8072
2023-06-05 23:43:46.004 [warning] [Decorations] CAPPING events from decorations provider vscode.git 8073
2023-06-05 23:43:51.763 [info] ExtensionService#_doActivateExtension vscode.microsoft-authentication, startup: false, activationEvent: 'onAuthenticationRequest:microsoft'
2023-06-05 23:43:51.790 [info] ExtensionService#_doActivateExtension vscode.github-authentication, startup: false, activationEvent: 'onAuthenticationRequest:github'
2023-06-05 23:43:55.050 [warning] [Decorations] CAPPING events from decorations provider vscode.git 8073
2023-06-05 23:44:00.609 [warning] [Decorations] CAPPING events from decorations provider vscode.git 8073
2023-06-05 23:44:05.995 [warning] [Decorations] CAPPING events from decorations provider vscode.git 8073
2023-06-05 23:44:11.390 [warning] [Decorations] CAPPING events from decorations provider vscode.git 8074
2023-06-05 23:44:16.875 [warning] [Decorations] CAPPING events from decorations provider vscode.git 8074
2023-06-05 23:44:22.294 [warning] [Decorations] CAPPING events from decorations provider vscode.git 8074
2023-06-05 23:44:27.810 [warning] [Decorations] CAPPING events from decorations provider vscode.git 8074
2023-06-05 23:44:33.329 [warning] [Decorations] CAPPING events from decorations provider vscode.git 8074
2023-06-05 23:44:38.779 [warning] [Decorations] CAPPING events from decorations provider vscode.git 8074
2023-06-05 23:44:44.247 [warning] [Decorations] CAPPING events from decorations provider vscode.git 8074
2023-06-05 23:46:36.933 [warning] Using default string since no string found in i18n bundle that has the key: There are no staged changes to commit.

Would you like to stage all your changes and commit them directly?
