2023-06-04 20:20:08.924 [info] Extension host with pid 12821 started
2023-06-04 20:20:08.924 [info] Skipping acquiring lock for /home/cerejinha3020/.config/Code/User/workspaceStorage/1ed3642370080ffdacc842396305fdd6.
2023-06-04 20:20:09.828 [info] ExtensionService#_doActivateExtension vscode.git-base, startup: false, activationEvent: 'onFileSystem:git', root cause: vscode.git
2023-06-04 20:20:09.847 [info] ExtensionService#_doActivateExtension vscode.emmet, startup: false, activationEvent: 'onLanguage'
2023-06-04 20:20:12.209 [info] ExtensionService#_doActivateExtension vscode.git, startup: false, activationEvent: 'onFileSystem:git'
2023-06-04 20:20:12.211 [info] ExtensionService#_doActivateExtension vscode.github, startup: true, activationEvent: '*'
2023-06-04 20:20:13.523 [info] ExtensionService#_doActivateExtension vscode.microsoft-authentication, startup: false, activationEvent: 'onAuthenticationRequest:microsoft'
2023-06-04 20:20:14.839 [info] ExtensionService#_doActivateExtension vscode.github-authentication, startup: false, activationEvent: 'onAuthenticationRequest:github'
2023-06-04 20:20:17.031 [info] Eager extensions activated
2023-06-04 20:20:17.231 [info] ExtensionService#_doActivateExtension vscode.debug-auto-launch, startup: false, activationEvent: 'onStartupFinished'
2023-06-04 20:20:17.232 [info] ExtensionService#_doActivateExtension vscode.merge-conflict, startup: false, activationEvent: 'onStartupFinished'
2023-06-04 20:20:17.245 [info] ExtensionService#_doActivateExtension ritwickdey.LiveServer, startup: false, activationEvent: 'onStartupFinished'
2023-06-04 20:20:18.959 [warning] [Decorations] CAPPING events from decorations provider vscode.git 5921
2023-06-04 20:20:23.875 [warning] [Decorations] CAPPING events from decorations provider vscode.git 5925
2023-06-04 20:20:29.226 [warning] [Decorations] CAPPING events from decorations provider vscode.git 5871
2023-06-04 20:20:34.539 [warning] [Decorations] CAPPING events from decorations provider vscode.git 5871
2023-06-04 20:20:39.846 [warning] [Decorations] CAPPING events from decorations provider vscode.git 5871
2023-06-04 20:20:45.165 [warning] [Decorations] CAPPING events from decorations provider vscode.git 5871
2023-06-04 20:20:50.469 [warning] [Decorations] CAPPING events from decorations provider vscode.git 5871
2023-06-04 20:20:55.770 [warning] [Decorations] CAPPING events from decorations provider vscode.git 5871
2023-06-04 20:21:01.095 [warning] [Decorations] CAPPING events from decorations provider vscode.git 5871
2023-06-04 20:21:06.429 [warning] [Decorations] CAPPING events from decorations provider vscode.git 5871
2023-06-04 20:21:11.737 [warning] [Decorations] CAPPING events from decorations provider vscode.git 5871
2023-06-04 20:21:17.078 [warning] [Decorations] CAPPING events from decorations provider vscode.git 5871
2023-06-04 20:21:22.398 [warning] [Decorations] CAPPING events from decorations provider vscode.git 5871
2023-06-04 20:21:27.712 [warning] [Decorations] CAPPING events from decorations provider vscode.git 5871
2023-06-04 20:21:33.003 [warning] [Decorations] CAPPING events from decorations provider vscode.git 5871
2023-06-04 20:21:38.326 [warning] [Decorations] CAPPING events from decorations provider vscode.git 5871
2023-06-04 20:21:43.631 [warning] [Decorations] CAPPING events from decorations provider vscode.git 5871
2023-06-04 20:21:48.937 [warning] [Decorations] CAPPING events from decorations provider vscode.git 5871
2023-06-04 20:21:54.256 [warning] [Decorations] CAPPING events from decorations provider vscode.git 5871
2023-06-04 20:21:59.640 [warning] [Decorations] CAPPING events from decorations provider vscode.git 5871
2023-06-04 20:22:05.154 [warning] [Decorations] CAPPING events from decorations provider vscode.git 5871
2023-06-04 20:22:10.590 [warning] [Decorations] CAPPING events from decorations provider vscode.git 5871
2023-06-04 20:22:15.918 [warning] [Decorations] CAPPING events from decorations provider vscode.git 5871
2023-06-04 20:22:21.231 [warning] [Decorations] CAPPING events from decorations provider vscode.git 5871
2023-06-04 20:22:26.548 [warning] [Decorations] CAPPING events from decorations provider vscode.git 5871
2023-06-04 20:22:31.871 [warning] [Decorations] CAPPING events from decorations provider vscode.git 5871
2023-06-04 20:22:37.173 [warning] [Decorations] CAPPING events from decorations provider vscode.git 5871
2023-06-04 20:22:42.476 [warning] [Decorations] CAPPING events from decorations provider vscode.git 5871
2023-06-04 20:22:47.786 [warning] [Decorations] CAPPING events from decorations provider vscode.git 5871
2023-06-04 20:22:53.095 [warning] [Decorations] CAPPING events from decorations provider vscode.git 5871
2023-06-04 20:22:58.401 [warning] [Decorations] CAPPING events from decorations provider vscode.git 5871
2023-06-04 20:30:43.046 [warning] [Decorations] CAPPING events from decorations provider vscode.git 5871
2023-06-04 20:30:48.491 [warning] [Decorations] CAPPING events from decorations provider vscode.git 5871
2023-06-04 20:30:53.824 [warning] [Decorations] CAPPING events from decorations provider vscode.git 5871
2023-06-04 20:30:59.129 [warning] [Decorations] CAPPING events from decorations provider vscode.git 5871
2023-06-04 20:31:04.442 [warning] [Decorations] CAPPING events from decorations provider vscode.git 5871
2023-06-04 20:31:09.728 [warning] [Decorations] CAPPING events from decorations provider vscode.git 5871
2023-06-04 20:31:15.030 [warning] [Decorations] CAPPING events from decorations provider vscode.git 5871
2023-06-04 20:31:20.317 [warning] [Decorations] CAPPING events from decorations provider vscode.git 5871
2023-06-04 20:31:25.605 [warning] [Decorations] CAPPING events from decorations provider vscode.git 5871
2023-06-04 20:31:30.917 [warning] [Decorations] CAPPING events from decorations provider vscode.git 5871
2023-06-04 20:31:36.231 [warning] [Decorations] CAPPING events from decorations provider vscode.git 5871
2023-06-04 20:31:41.549 [warning] [Decorations] CAPPING events from decorations provider vscode.git 5871
2023-06-04 20:31:46.834 [warning] [Decorations] CAPPING events from decorations provider vscode.git 5871
2023-06-04 20:31:52.129 [warning] [Decorations] CAPPING events from decorations provider vscode.git 5871
2023-06-04 20:31:57.472 [warning] [Decorations] CAPPING events from decorations provider vscode.git 5871
2023-06-04 20:32:02.794 [warning] [Decorations] CAPPING events from decorations provider vscode.git 5871
2023-06-04 20:32:08.120 [warning] [Decorations] CAPPING events from decorations provider vscode.git 5871
2023-06-04 20:32:45.304 [info] ExtensionService#_doActivateExtension vscode.html-language-features, startup: false, activationEvent: 'onLanguage:html'
2023-06-04 20:34:04.284 [info] Extension host terminating: renderer closed the MessagePort
2023-06-04 20:34:04.348 [error] Canceled: Canceled
	at new l (/usr/share/code/resources/app/out/vs/workbench/api/node/extensionHostProcess.js:98:104563)
	at a.O (/usr/share/code/resources/app/out/vs/workbench/api/node/extensionHostProcess.js:110:11657)
	at H.<computed>.V.charCodeAt.H.<computed> (/usr/share/code/resources/app/out/vs/workbench/api/node/extensionHostProcess.js:110:8947)
	at e.ExtHostCommands.g (/usr/share/code/resources/app/out/vs/workbench/api/node/extensionHostProcess.js:98:124729)
	at e.ExtHostCommands.executeCommand (/usr/share/code/resources/app/out/vs/workbench/api/node/extensionHostProcess.js:98:124105)
	at C.registerCommand.description (/usr/share/code/resources/app/out/vs/workbench/api/node/extensionHostProcess.js:98:123398)
	at e.ExtHostCommands.h (/usr/share/code/resources/app/out/vs/workbench/api/node/extensionHostProcess.js:98:125315)
	at e.ExtHostCommands.g (/usr/share/code/resources/app/out/vs/workbench/api/node/extensionHostProcess.js:98:124205)
	at e.ExtHostCommands.executeCommand (/usr/share/code/resources/app/out/vs/workbench/api/node/extensionHostProcess.js:98:124105)
	at Object.executeCommand (/usr/share/code/resources/app/out/vs/workbench/api/node/extensionHostProcess.js:116:24043)
	at D (/usr/share/code/resources/app/extensions/git/dist/main.js:2:1259661)
	at v.invoke (/usr/share/code/resources/app/out/vs/workbench/api/node/extensionHostProcess.js:63:145)
	at h.deliver (/usr/share/code/resources/app/out/vs/workbench/api/node/extensionHostProcess.js:63:2121)
	at i.fire (/usr/share/code/resources/app/out/vs/workbench/api/node/extensionHostProcess.js:63:1729)
	at Object.m [as dispose] (/usr/share/code/resources/app/extensions/git/dist/main.js:2:1274494)
	at /usr/share/code/resources/app/extensions/git/dist/main.js:2:1278940
	at Array.forEach (<anonymous>)
	at g.dispose (/usr/share/code/resources/app/extensions/git/dist/main.js:2:1278926)
	at t.<anonymous> (/usr/share/code/resources/app/out/vs/workbench/api/node/extensionHostProcess.js:96:12369)
	at t.dispose (/usr/share/code/resources/app/out/vs/workbench/api/node/extensionHostProcess.js:96:12504)
	at t.<anonymous> (/usr/share/code/resources/app/extensions/git/dist/main.js:2:1261791)
	at t.dispose (/usr/share/code/resources/app/out/vs/workbench/api/node/extensionHostProcess.js:96:12504)
	at T (/usr/share/code/resources/app/out/vs/workbench/api/node/extensionHostProcess.js:10:12080)
	at v.Y (/usr/share/code/resources/app/out/vs/workbench/api/node/extensionHostProcess.js:112:11173)
	at /usr/share/code/resources/app/out/vs/workbench/api/node/extensionHostProcess.js:112:9157
	at Array.map (<anonymous>)
	at v.R (/usr/share/code/resources/app/out/vs/workbench/api/node/extensionHostProcess.js:112:9144)
	at v.terminate (/usr/share/code/resources/app/out/vs/workbench/api/node/extensionHostProcess.js:112:9415)
	at d.terminate (/usr/share/code/resources/app/out/vs/workbench/api/node/extensionHostProcess.js:116:1544)
	at g (/usr/share/code/resources/app/out/vs/workbench/api/node/extensionHostProcess.js:126:34439)
	at MessagePortMain.<anonymous> (/usr/share/code/resources/app/out/vs/workbench/api/node/extensionHostProcess.js:126:30578)
	at MessagePortMain.emit (node:events:513:28)
	at MessagePortMain._internalPort.emit (node:electron/js2c/utility_init:2:367) setContext undefined
2023-06-04 20:34:04.467 [info] Extension host with pid 12821 exiting with code 0
2023-06-04 20:34:09.054 [info] Extension host with pid 13192 started
2023-06-04 20:34:09.054 [info] Skipping acquiring lock for /home/cerejinha3020/.config/Code/User/workspaceStorage/1ed3642370080ffdacc842396305fdd6.
2023-06-04 20:34:09.914 [info] ExtensionService#_doActivateExtension vscode.emmet, startup: false, activationEvent: 'onLanguage'
2023-06-04 20:34:10.453 [info] ExtensionService#_doActivateExtension vscode.git-base, startup: true, activationEvent: '*', root cause: vscode.git
2023-06-04 20:34:10.799 [info] ExtensionService#_doActivateExtension vscode.git, startup: true, activationEvent: '*'
2023-06-04 20:34:10.812 [info] ExtensionService#_doActivateExtension vscode.github, startup: true, activationEvent: '*'
2023-06-04 20:34:12.020 [info] Eager extensions activated
2023-06-04 20:34:12.480 [info] ExtensionService#_doActivateExtension vscode.debug-auto-launch, startup: false, activationEvent: 'onStartupFinished'
2023-06-04 20:34:12.481 [info] ExtensionService#_doActivateExtension vscode.merge-conflict, startup: false, activationEvent: 'onStartupFinished'
2023-06-04 20:34:12.486 [info] ExtensionService#_doActivateExtension ritwickdey.LiveServer, startup: false, activationEvent: 'onStartupFinished'
2023-06-04 20:34:12.731 [info] ExtensionService#_doActivateExtension vscode.html-language-features, startup: false, activationEvent: 'onLanguage:html'
2023-06-04 20:34:14.410 [warning] [Decorations] CAPPING events from decorations provider vscode.git 5873
2023-06-04 20:34:20.627 [warning] [Decorations] CAPPING events from decorations provider vscode.git 5873
2023-06-04 20:34:26.639 [info] ExtensionService#_doActivateExtension vscode.microsoft-authentication, startup: false, activationEvent: 'onAuthenticationRequest:microsoft'
2023-06-04 20:34:26.816 [info] ExtensionService#_doActivateExtension vscode.github-authentication, startup: false, activationEvent: 'onAuthenticationRequest:github'
2023-06-04 20:34:30.157 [warning] [Decorations] CAPPING events from decorations provider vscode.git 5874
2023-06-04 20:34:35.659 [warning] [Decorations] CAPPING events from decorations provider vscode.git 5874
2023-06-04 20:34:41.017 [warning] [Decorations] CAPPING events from decorations provider vscode.git 5874
2023-06-04 20:34:46.546 [warning] [Decorations] CAPPING events from decorations provider vscode.git 5874
2023-06-04 20:34:52.155 [warning] [Decorations] CAPPING events from decorations provider vscode.git 5874
2023-06-04 20:34:57.769 [warning] [Decorations] CAPPING events from decorations provider vscode.git 5874
2023-06-04 20:35:03.151 [warning] [Decorations] CAPPING events from decorations provider vscode.git 5874
2023-06-04 20:35:08.510 [warning] [Decorations] CAPPING events from decorations provider vscode.git 5874
2023-06-04 20:35:13.872 [warning] [Decorations] CAPPING events from decorations provider vscode.git 5874
2023-06-04 20:35:19.158 [warning] [Decorations] CAPPING events from decorations provider vscode.git 5874
2023-06-04 20:35:24.879 [warning] [Decorations] CAPPING events from decorations provider vscode.git 5874
2023-06-04 20:35:30.263 [warning] [Decorations] CAPPING events from decorations provider vscode.git 5874
2023-06-04 20:35:35.801 [warning] [Decorations] CAPPING events from decorations provider vscode.git 5874
2023-06-04 20:35:41.382 [warning] [Decorations] CAPPING events from decorations provider vscode.git 5874
2023-06-04 20:35:46.777 [warning] [Decorations] CAPPING events from decorations provider vscode.git 5874
2023-06-04 20:35:52.240 [warning] [Decorations] CAPPING events from decorations provider vscode.git 5874
2023-06-04 20:35:57.639 [warning] [Decorations] CAPPING events from decorations provider vscode.git 5874
2023-06-04 20:36:02.947 [warning] [Decorations] CAPPING events from decorations provider vscode.git 5874
2023-06-04 20:36:08.298 [warning] [Decorations] CAPPING events from decorations provider vscode.git 5874
2023-06-04 20:36:13.646 [warning] [Decorations] CAPPING events from decorations provider vscode.git 5874
2023-06-04 20:36:18.958 [warning] [Decorations] CAPPING events from decorations provider vscode.git 5874
2023-06-04 20:36:24.256 [warning] [Decorations] CAPPING events from decorations provider vscode.git 5874
2023-06-04 20:36:29.570 [warning] [Decorations] CAPPING events from decorations provider vscode.git 5874
2023-06-04 20:36:35.042 [warning] [Decorations] CAPPING events from decorations provider vscode.git 5874
2023-06-04 20:36:40.361 [warning] [Decorations] CAPPING events from decorations provider vscode.git 5874
2023-06-04 20:36:45.681 [warning] [Decorations] CAPPING events from decorations provider vscode.git 5874
2023-06-04 20:36:50.980 [warning] [Decorations] CAPPING events from decorations provider vscode.git 5874
2023-06-04 20:36:56.273 [warning] [Decorations] CAPPING events from decorations provider vscode.git 5874
2023-06-04 20:37:01.573 [warning] [Decorations] CAPPING events from decorations provider vscode.git 5874
2023-06-04 20:37:06.862 [warning] [Decorations] CAPPING events from decorations provider vscode.git 5874
2023-06-04 20:37:12.187 [warning] [Decorations] CAPPING events from decorations provider vscode.git 5874
2023-06-04 20:37:17.853 [warning] [Decorations] CAPPING events from decorations provider vscode.git 5874
2023-06-04 20:37:23.210 [warning] [Decorations] CAPPING events from decorations provider vscode.git 5874
2023-06-04 20:37:28.496 [warning] [Decorations] CAPPING events from decorations provider vscode.git 5874
2023-06-04 20:37:33.815 [warning] [Decorations] CAPPING events from decorations provider vscode.git 5874
2023-06-04 20:37:39.480 [warning] [Decorations] CAPPING events from decorations provider vscode.git 5874
