2023-06-03 16:19:27.088 [info] Reading sessions from keychain...
2023-06-03 16:19:27.088 [info] Getting sessions for all scopes...
2023-06-03 16:19:27.088 [info] Getting sessions for user:email...
2023-06-03 16:19:27.088 [info] Got 0 sessions for ...
2023-06-03 16:19:27.088 [info] Got 0 sessions for user:email...
2023-06-03 16:19:27.088 [info] Getting sessions for all scopes...
2023-06-03 16:19:27.088 [info] Got 0 sessions for ...
2023-06-03 16:19:31.220 [info] Getting sessions for all scopes...
2023-06-03 16:19:31.220 [info] Got 0 sessions for ...
2023-06-04 11:32:41.499 [info] Getting sessions for read:user,repo,user:email,workflow...
2023-06-04 11:32:41.501 [info] Got 0 sessions for read:user,repo,user:email,workflow...
2023-06-04 11:32:44.096 [info] Logging in for the following scopes: read:user repo user:email workflow
2023-06-04 11:32:44.127 [info] Trying without local server... (read:user repo user:email workflow)
2023-06-04 11:33:13.396 [info] Exchanging code for token...
2023-06-04 11:33:15.979 [info] Token exchange success!
2023-06-04 11:33:15.987 [info] Getting user info...
2023-06-04 11:33:17.117 [info] Got account info!
2023-06-04 11:33:17.119 [info] Storing 1 sessions...
2023-06-04 11:33:17.261 [error] Setting token failed: Error: GDBus.Error:org.freedesktop.DBus.Error.ServiceUnknown: The name org.freedesktop.secrets was not provided by any .service files
2023-06-04 11:33:17.262 [info] Stored 1 sessions!
2023-06-04 11:33:17.264 [info] Login success!
2023-06-04 11:33:17.322 [info] Getting sessions for user:email...
2023-06-04 11:33:17.325 [info] Got 0 sessions for user:email...
2023-06-04 11:33:17.845 [info] Getting user info...
2023-06-04 11:33:18.341 [info] Got account info!
2023-06-04 20:07:05.634 [info] Getting sessions for user:email...
2023-06-04 20:07:05.635 [info] Got 0 sessions for user:email...
2023-06-04 20:07:24.703 [info] Logging in for the following scopes: user:email
2023-06-04 20:07:24.871 [info] Trying without local server... (user:email)
2023-06-04 20:07:36.263 [info] Exchanging code for token...
2023-06-04 20:07:37.820 [info] Token exchange success!
2023-06-04 20:07:37.889 [info] Getting user info...
2023-06-04 20:07:38.624 [info] Got account info!
2023-06-04 20:07:38.625 [info] Storing 2 sessions...
2023-06-04 20:07:38.759 [error] Setting token failed: Error: GDBus.Error:org.freedesktop.DBus.Error.ServiceUnknown: The name org.freedesktop.secrets was not provided by any .service files
2023-06-04 20:07:38.759 [info] Stored 2 sessions!
2023-06-04 20:07:38.759 [info] Login success!
2023-06-04 20:07:38.769 [info] Getting sessions for user:email...
2023-06-04 20:07:38.769 [info] Got 1 sessions for user:email...
