2023-06-04 20:20:22.253 [info] Reading sessions from keychain...
2023-06-04 20:20:22.253 [info] Getting sessions for all scopes...
2023-06-04 20:20:22.253 [info] Getting sessions for user:email...
2023-06-04 20:20:22.253 [info] Got 0 sessions for ...
2023-06-04 20:20:22.253 [info] Got 0 sessions for user:email...
2023-06-04 20:20:22.253 [info] Getting sessions for all scopes...
2023-06-04 20:20:22.253 [info] Got 0 sessions for ...
2023-06-04 20:20:22.362 [info] Getting sessions for user:email...
2023-06-04 20:20:22.363 [info] Got 0 sessions for user:email...
2023-06-04 20:34:27.887 [info] Reading sessions from keychain...
2023-06-04 20:34:27.887 [info] Getting sessions for all scopes...
2023-06-04 20:34:27.887 [info] Got 0 sessions for ...
2023-06-04 20:34:27.887 [info] Getting sessions for user:email...
2023-06-04 20:34:27.887 [info] Got 0 sessions for user:email...
2023-06-04 20:34:27.887 [info] Getting sessions for all scopes...
2023-06-04 20:34:27.887 [info] Got 0 sessions for ...
2023-06-04 20:34:27.887 [info] Getting sessions for all scopes...
2023-06-04 20:34:27.887 [info] Got 0 sessions for ...
2023-06-04 20:34:27.917 [info] Getting sessions for user:email...
2023-06-04 20:34:27.926 [info] Got 0 sessions for user:email...
