2023-06-05 19:33:30.861 [info] Extension host with pid 360 started
2023-06-05 19:33:30.861 [info] Skipping acquiring lock for /home/cerejinha3020/.config/Code/User/workspaceStorage/581468987c5ecad5b22b606fdfed8118.
2023-06-05 19:33:33.680 [info] ExtensionService#_doActivateExtension vscode.emmet, startup: false, activationEvent: 'onLanguage'
2023-06-05 19:33:33.686 [info] ExtensionService#_doActivateExtension vscode.json-language-features, startup: false, activationEvent: 'onLanguage:jsonc'
2023-06-05 19:33:33.693 [info] ExtensionService#_doActivateExtension vscode.typescript-language-features, startup: false, activationEvent: 'onLanguage:jsonc'
2023-06-05 19:33:33.732 [info] ExtensionService#_doActivateExtension vscode.git-base, startup: true, activationEvent: '*', root cause: vscode.git
2023-06-05 19:33:45.636 [info] ExtensionService#_doActivateExtension vscode.debug-auto-launch, startup: false, activationEvent: 'onStartupFinished'
2023-06-05 19:33:45.637 [info] ExtensionService#_doActivateExtension vscode.merge-conflict, startup: false, activationEvent: 'onStartupFinished'
2023-06-05 19:33:45.638 [info] ExtensionService#_doActivateExtension ritwickdey.LiveServer, startup: false, activationEvent: 'onStartupFinished'
2023-06-05 19:33:55.981 [info] ExtensionService#_doActivateExtension vscode.html-language-features, startup: false, activationEvent: 'onLanguage:html'
2023-06-05 19:34:01.575 [info] ExtensionService#_doActivateExtension vscode.git, startup: true, activationEvent: '*'
2023-06-05 19:34:01.598 [info] ExtensionService#_doActivateExtension vscode.github, startup: true, activationEvent: '*'
2023-06-05 19:34:10.468 [info] Eager extensions activated
2023-06-05 19:34:15.830 [info] ExtensionService#_doActivateExtension vscode.microsoft-authentication, startup: false, activationEvent: 'onAuthenticationRequest:microsoft'
2023-06-05 19:34:27.333 [warning] [Decorations] CAPPING events from decorations provider vscode.git 6345
2023-06-05 19:34:45.145 [info] ExtensionService#_doActivateExtension vscode.github-authentication, startup: false, activationEvent: 'onAuthenticationRequest:github'
2023-06-05 19:34:47.231 [warning] [Decorations] CAPPING events from decorations provider vscode.git 6346
2023-06-05 19:34:54.481 [warning] [Decorations] CAPPING events from decorations provider vscode.git 6346
2023-06-05 19:35:03.366 [warning] [Decorations] CAPPING events from decorations provider vscode.git 6348
2023-06-05 19:35:09.186 [warning] [Decorations] CAPPING events from decorations provider vscode.git 6348
2023-06-05 19:35:14.848 [warning] [Decorations] CAPPING events from decorations provider vscode.git 6348
2023-06-05 19:35:20.598 [warning] [Decorations] CAPPING events from decorations provider vscode.git 6348
2023-06-05 19:35:27.337 [warning] [Decorations] CAPPING events from decorations provider vscode.git 6348
2023-06-05 19:35:33.035 [warning] [Decorations] CAPPING events from decorations provider vscode.git 6347
2023-06-05 19:35:41.692 [warning] [Decorations] CAPPING events from decorations provider vscode.git 6348
2023-06-05 19:42:52.281 [warning] [Decorations] CAPPING events from decorations provider vscode.git 6348
2023-06-05 19:43:09.089 [warning] [Decorations] CAPPING events from decorations provider vscode.git 6349
2023-06-05 19:43:19.544 [warning] [Decorations] CAPPING events from decorations provider vscode.git 6349
2023-06-05 19:43:29.932 [warning] [Decorations] CAPPING events from decorations provider vscode.git 6349
2023-06-05 19:43:39.694 [warning] [Decorations] CAPPING events from decorations provider vscode.git 6349
2023-06-05 19:43:45.454 [warning] [Decorations] CAPPING events from decorations provider vscode.git 6349
2023-06-05 19:43:51.078 [warning] [Decorations] CAPPING events from decorations provider vscode.git 6349
2023-06-05 19:43:57.045 [warning] [Decorations] CAPPING events from decorations provider vscode.git 6349
2023-06-05 19:44:35.640 [warning] [Decorations] CAPPING events from decorations provider vscode.git 6349
2023-06-05 19:44:41.307 [warning] [Decorations] CAPPING events from decorations provider vscode.git 6349
2023-06-05 19:44:58.001 [warning] [Decorations] CAPPING events from decorations provider vscode.git 6349
2023-06-05 19:45:04.641 [warning] [Decorations] CAPPING events from decorations provider vscode.git 6349
2023-06-05 19:45:13.525 [warning] [Decorations] CAPPING events from decorations provider vscode.git 6349
2023-06-05 19:45:22.857 [warning] [Decorations] CAPPING events from decorations provider vscode.git 6349
2023-06-05 19:45:33.671 [warning] [Decorations] CAPPING events from decorations provider vscode.git 6349
2023-06-05 19:45:47.559 [warning] [Decorations] CAPPING events from decorations provider vscode.git 6349
2023-06-05 19:45:56.969 [warning] [Decorations] CAPPING events from decorations provider vscode.git 6349
2023-06-05 19:46:04.854 [warning] [Decorations] CAPPING events from decorations provider vscode.git 6349
2023-06-05 19:46:11.090 [warning] [Decorations] CAPPING events from decorations provider vscode.git 6349
2023-06-05 19:46:18.405 [warning] [Decorations] CAPPING events from decorations provider vscode.git 6349
2023-06-05 19:46:25.839 [warning] [Decorations] CAPPING events from decorations provider vscode.git 6349
2023-06-05 19:46:31.652 [warning] [Decorations] CAPPING events from decorations provider vscode.git 6349
2023-06-05 19:46:40.371 [warning] [Decorations] CAPPING events from decorations provider vscode.git 6349
2023-06-05 19:46:51.600 [warning] [Decorations] CAPPING events from decorations provider vscode.git 6349
2023-06-05 19:47:03.851 [warning] [Decorations] CAPPING events from decorations provider vscode.git 6349
2023-06-05 19:47:15.252 [warning] [Decorations] CAPPING events from decorations provider vscode.git 6349
2023-06-05 19:47:23.672 [warning] [Decorations] CAPPING events from decorations provider vscode.git 6349
2023-06-05 19:47:38.501 [warning] [Decorations] CAPPING events from decorations provider vscode.git 6349
2023-06-05 19:47:57.468 [warning] [Decorations] CAPPING events from decorations provider vscode.git 6349
2023-06-05 19:48:14.234 [warning] [Decorations] CAPPING events from decorations provider vscode.git 6349
2023-06-05 19:48:36.843 [warning] [Decorations] CAPPING events from decorations provider vscode.git 6349
2023-06-05 19:48:58.222 [warning] [Decorations] CAPPING events from decorations provider vscode.git 6349
2023-06-05 19:49:12.679 [warning] [Decorations] CAPPING events from decorations provider vscode.git 6349
2023-06-05 19:49:28.910 [warning] [Decorations] CAPPING events from decorations provider vscode.git 6349
2023-06-05 19:49:37.354 [warning] [Decorations] CAPPING events from decorations provider vscode.git 6349
2023-06-05 19:49:48.896 [warning] [Decorations] CAPPING events from decorations provider vscode.git 6349
2023-06-05 19:50:04.967 [warning] [Decorations] CAPPING events from decorations provider vscode.git 6349
2023-06-05 19:50:16.648 [warning] [Decorations] CAPPING events from decorations provider vscode.git 6349
2023-06-05 19:50:24.555 [warning] [Decorations] CAPPING events from decorations provider vscode.git 6349
2023-06-05 19:50:35.511 [warning] [Decorations] CAPPING events from decorations provider vscode.git 6349
2023-06-05 19:50:45.009 [warning] [Decorations] CAPPING events from decorations provider vscode.git 6349
2023-06-05 19:50:55.816 [warning] [Decorations] CAPPING events from decorations provider vscode.git 6349
2023-06-05 19:51:06.432 [warning] [Decorations] CAPPING events from decorations provider vscode.git 6349
2023-06-05 19:51:15.402 [warning] [Decorations] CAPPING events from decorations provider vscode.git 6349
2023-06-05 19:51:27.650 [warning] [Decorations] CAPPING events from decorations provider vscode.git 6349
2023-06-05 19:51:41.917 [warning] [Decorations] CAPPING events from decorations provider vscode.git 6349
2023-06-05 19:51:56.084 [warning] [Decorations] CAPPING events from decorations provider vscode.git 6349
2023-06-05 19:52:13.820 [warning] [Decorations] CAPPING events from decorations provider vscode.git 6349
2023-06-05 19:52:30.412 [warning] [Decorations] CAPPING events from decorations provider vscode.git 6349
2023-06-05 19:52:54.117 [warning] [Decorations] CAPPING events from decorations provider vscode.git 6349
2023-06-05 19:53:18.014 [warning] [Decorations] CAPPING events from decorations provider vscode.git 6349
2023-06-05 19:53:34.769 [warning] [Decorations] CAPPING events from decorations provider vscode.git 6349
2023-06-05 19:53:51.422 [warning] [Decorations] CAPPING events from decorations provider vscode.git 6349
2023-06-05 19:54:08.667 [warning] [Decorations] CAPPING events from decorations provider vscode.git 6349
2023-06-05 19:54:34.544 [warning] [Decorations] CAPPING events from decorations provider vscode.git 6349
2023-06-05 19:54:56.642 [warning] [Decorations] CAPPING events from decorations provider vscode.git 6349
2023-06-05 19:55:15.395 [warning] [Decorations] CAPPING events from decorations provider vscode.git 6349
2023-06-05 19:55:42.810 [warning] [Decorations] CAPPING events from decorations provider vscode.git 6349
2023-06-05 19:56:02.477 [warning] [Decorations] CAPPING events from decorations provider vscode.git 6349
2023-06-05 19:56:15.835 [warning] [Decorations] CAPPING events from decorations provider vscode.git 6349
2023-06-05 19:56:32.659 [warning] [Decorations] CAPPING events from decorations provider vscode.git 6349
2023-06-05 19:56:45.924 [warning] [Decorations] CAPPING events from decorations provider vscode.git 6349
2023-06-05 19:57:02.562 [warning] [Decorations] CAPPING events from decorations provider vscode.git 6349
2023-06-05 19:57:30.754 [warning] [Decorations] CAPPING events from decorations provider vscode.git 6349
2023-06-05 19:57:48.845 [warning] [Decorations] CAPPING events from decorations provider vscode.git 6349
2023-06-05 19:58:00.223 [warning] [Decorations] CAPPING events from decorations provider vscode.git 6349
2023-06-05 19:58:16.593 [warning] [Decorations] CAPPING events from decorations provider vscode.git 6349
2023-06-05 19:58:31.680 [warning] [Decorations] CAPPING events from decorations provider vscode.git 6349
2023-06-05 19:58:52.842 [warning] [Decorations] CAPPING events from decorations provider vscode.git 6349
2023-06-05 19:59:15.009 [warning] [Decorations] CAPPING events from decorations provider vscode.git 6349
2023-06-05 20:00:10.681 [warning] [Decorations] CAPPING events from decorations provider vscode.git 6349
2023-06-05 20:00:50.339 [warning] [Decorations] CAPPING events from decorations provider vscode.git 6349
2023-06-05 20:01:10.051 [warning] [Decorations] CAPPING events from decorations provider vscode.git 6349
2023-06-05 20:01:27.137 [warning] [Decorations] CAPPING events from decorations provider vscode.git 6349
2023-06-05 20:01:43.035 [warning] [Decorations] CAPPING events from decorations provider vscode.git 6349
2023-06-05 20:01:59.663 [warning] [Decorations] CAPPING events from decorations provider vscode.git 6349
2023-06-05 20:02:17.711 [warning] [Decorations] CAPPING events from decorations provider vscode.git 6349
2023-06-05 20:02:26.160 [warning] [Decorations] CAPPING events from decorations provider vscode.git 6349
2023-06-05 20:02:35.095 [warning] [Decorations] CAPPING events from decorations provider vscode.git 6349
2023-06-05 20:02:44.044 [warning] [Decorations] CAPPING events from decorations provider vscode.git 6349
2023-06-05 20:02:54.311 [warning] [Decorations] CAPPING events from decorations provider vscode.git 6349
2023-06-05 20:03:04.933 [warning] [Decorations] CAPPING events from decorations provider vscode.git 6349
2023-06-05 20:03:12.463 [warning] [Decorations] CAPPING events from decorations provider vscode.git 6349
2023-06-05 20:03:18.301 [warning] [Decorations] CAPPING events from decorations provider vscode.git 6349
2023-06-05 20:03:25.649 [warning] [Decorations] CAPPING events from decorations provider vscode.git 6349
2023-06-05 20:03:38.520 [warning] [Decorations] CAPPING events from decorations provider vscode.git 6349
2023-06-05 20:03:51.465 [warning] [Decorations] CAPPING events from decorations provider vscode.git 6349
2023-06-05 20:04:01.070 [warning] [Decorations] CAPPING events from decorations provider vscode.git 6349
2023-06-05 20:04:06.524 [warning] [Decorations] CAPPING events from decorations provider vscode.git 6349
2023-06-05 20:04:12.036 [warning] [Decorations] CAPPING events from decorations provider vscode.git 6349
2023-06-05 20:04:18.453 [warning] [Decorations] CAPPING events from decorations provider vscode.git 6349
2023-06-05 20:04:23.934 [warning] [Decorations] CAPPING events from decorations provider vscode.git 6349
2023-06-05 20:04:29.386 [warning] [Decorations] CAPPING events from decorations provider vscode.git 6349
2023-06-05 20:04:35.811 [warning] [Decorations] CAPPING events from decorations provider vscode.git 6349
2023-06-05 20:04:41.499 [warning] [Decorations] CAPPING events from decorations provider vscode.git 6349
2023-06-05 20:04:46.920 [warning] [Decorations] CAPPING events from decorations provider vscode.git 6349
2023-06-05 20:04:52.345 [warning] [Decorations] CAPPING events from decorations provider vscode.git 6349
2023-06-05 20:04:57.770 [warning] [Decorations] CAPPING events from decorations provider vscode.git 6349
2023-06-05 20:05:04.109 [warning] [Decorations] CAPPING events from decorations provider vscode.git 6349
2023-06-05 20:05:10.514 [warning] [Decorations] CAPPING events from decorations provider vscode.git 6349
2023-06-05 20:05:16.198 [warning] [Decorations] CAPPING events from decorations provider vscode.git 6349
2023-06-05 20:05:22.002 [warning] [Decorations] CAPPING events from decorations provider vscode.git 6349
2023-06-05 20:05:30.392 [warning] [Decorations] CAPPING events from decorations provider vscode.git 6349
2023-06-05 20:05:41.914 [warning] [Decorations] CAPPING events from decorations provider vscode.git 6349
2023-06-05 20:05:52.131 [warning] [Decorations] CAPPING events from decorations provider vscode.git 6349
2023-06-05 20:05:59.772 [warning] [Decorations] CAPPING events from decorations provider vscode.git 6349
2023-06-05 20:06:06.784 [warning] [Decorations] CAPPING events from decorations provider vscode.git 6349
2023-06-05 20:06:14.455 [warning] [Decorations] CAPPING events from decorations provider vscode.git 6349
2023-06-05 20:06:22.909 [warning] [Decorations] CAPPING events from decorations provider vscode.git 6349
2023-06-05 20:06:33.000 [warning] [Decorations] CAPPING events from decorations provider vscode.git 6349
2023-06-05 20:06:44.993 [warning] [Decorations] CAPPING events from decorations provider vscode.git 6349
2023-06-05 20:06:56.150 [warning] [Decorations] CAPPING events from decorations provider vscode.git 6349
2023-06-05 20:07:08.456 [warning] [Decorations] CAPPING events from decorations provider vscode.git 6349
2023-06-05 20:07:27.562 [warning] [Decorations] CAPPING events from decorations provider vscode.git 6349
2023-06-05 20:07:53.311 [warning] [Decorations] CAPPING events from decorations provider vscode.git 6349
2023-06-05 20:08:23.672 [warning] [Decorations] CAPPING events from decorations provider vscode.git 6349
2023-06-05 20:08:39.895 [warning] [Decorations] CAPPING events from decorations provider vscode.git 6349
2023-06-05 20:08:55.169 [warning] [Decorations] CAPPING events from decorations provider vscode.git 6349
2023-06-05 20:09:06.293 [warning] [Decorations] CAPPING events from decorations provider vscode.git 6349
2023-06-05 20:09:13.059 [warning] [Decorations] CAPPING events from decorations provider vscode.git 6349
2023-06-05 20:09:18.807 [warning] [Decorations] CAPPING events from decorations provider vscode.git 6349
2023-06-05 20:09:25.329 [warning] [Decorations] CAPPING events from decorations provider vscode.git 6349
2023-06-05 20:09:34.274 [warning] [Decorations] CAPPING events from decorations provider vscode.git 6349
2023-06-05 20:09:42.302 [warning] [Decorations] CAPPING events from decorations provider vscode.git 6349
2023-06-05 20:09:50.623 [warning] [Decorations] CAPPING events from decorations provider vscode.git 6349
2023-06-05 20:09:57.578 [warning] [Decorations] CAPPING events from decorations provider vscode.git 6349
2023-06-05 20:10:03.593 [warning] [Decorations] CAPPING events from decorations provider vscode.git 6349
2023-06-05 20:10:12.516 [warning] [Decorations] CAPPING events from decorations provider vscode.git 6349
2023-06-05 20:10:18.646 [warning] [Decorations] CAPPING events from decorations provider vscode.git 6349
2023-06-05 20:10:32.111 [warning] [Decorations] CAPPING events from decorations provider vscode.git 6349
2023-06-05 20:10:41.413 [warning] [Decorations] CAPPING events from decorations provider vscode.git 6349
2023-06-05 20:10:50.629 [warning] [Decorations] CAPPING events from decorations provider vscode.git 6349
2023-06-05 20:10:59.923 [warning] [Decorations] CAPPING events from decorations provider vscode.git 6349
2023-06-05 20:11:09.372 [warning] [Decorations] CAPPING events from decorations provider vscode.git 6349
2023-06-05 20:11:16.780 [warning] [Decorations] CAPPING events from decorations provider vscode.git 6349
2023-06-05 20:11:23.508 [warning] [Decorations] CAPPING events from decorations provider vscode.git 6349
2023-06-05 20:11:29.338 [warning] [Decorations] CAPPING events from decorations provider vscode.git 6349
2023-06-05 20:11:35.102 [warning] [Decorations] CAPPING events from decorations provider vscode.git 6349
2023-06-05 20:11:41.314 [warning] [Decorations] CAPPING events from decorations provider vscode.git 6349
2023-06-05 20:11:47.539 [warning] [Decorations] CAPPING events from decorations provider vscode.git 6349
2023-06-05 20:11:53.920 [warning] [Decorations] CAPPING events from decorations provider vscode.git 6349
2023-06-05 20:12:04.033 [warning] [Decorations] CAPPING events from decorations provider vscode.git 6349
2023-06-05 20:12:12.334 [warning] [Decorations] CAPPING events from decorations provider vscode.git 6349
2023-06-05 20:12:21.572 [warning] [Decorations] CAPPING events from decorations provider vscode.git 6349
2023-06-05 20:12:28.474 [warning] [Decorations] CAPPING events from decorations provider vscode.git 6349
2023-06-05 20:12:37.238 [warning] [Decorations] CAPPING events from decorations provider vscode.git 6349
2023-06-05 20:12:44.446 [warning] [Decorations] CAPPING events from decorations provider vscode.git 6349
2023-06-05 20:12:54.137 [warning] [Decorations] CAPPING events from decorations provider vscode.git 6349
2023-06-05 20:13:01.523 [warning] [Decorations] CAPPING events from decorations provider vscode.git 6349
2023-06-05 20:13:08.824 [warning] [Decorations] CAPPING events from decorations provider vscode.git 6349
2023-06-05 20:13:18.829 [warning] [Decorations] CAPPING events from decorations provider vscode.git 6349
2023-06-05 20:13:27.533 [warning] [Decorations] CAPPING events from decorations provider vscode.git 6349
2023-06-05 20:13:33.550 [warning] [Decorations] CAPPING events from decorations provider vscode.git 6349
2023-06-05 20:13:41.264 [warning] [Decorations] CAPPING events from decorations provider vscode.git 6349
2023-06-05 20:13:48.778 [warning] [Decorations] CAPPING events from decorations provider vscode.git 6349
2023-06-05 20:13:54.419 [warning] [Decorations] CAPPING events from decorations provider vscode.git 6349
2023-06-05 20:14:01.016 [warning] [Decorations] CAPPING events from decorations provider vscode.git 6349
2023-06-05 20:14:06.573 [warning] [Decorations] CAPPING events from decorations provider vscode.git 6349
2023-06-05 20:14:12.742 [warning] [Decorations] CAPPING events from decorations provider vscode.git 6349
2023-06-05 20:14:18.449 [warning] [Decorations] CAPPING events from decorations provider vscode.git 6349
2023-06-05 20:14:24.965 [warning] [Decorations] CAPPING events from decorations provider vscode.git 6349
2023-06-05 20:14:31.333 [warning] [Decorations] CAPPING events from decorations provider vscode.git 6349
2023-06-05 20:14:38.237 [warning] [Decorations] CAPPING events from decorations provider vscode.git 6349
2023-06-05 20:14:44.309 [warning] [Decorations] CAPPING events from decorations provider vscode.git 6349
2023-06-05 20:14:54.864 [warning] [Decorations] CAPPING events from decorations provider vscode.git 6349
2023-06-05 20:15:01.457 [warning] [Decorations] CAPPING events from decorations provider vscode.git 6349
2023-06-05 20:15:10.812 [warning] [Decorations] CAPPING events from decorations provider vscode.git 6349
2023-06-05 20:15:17.823 [warning] [Decorations] CAPPING events from decorations provider vscode.git 6349
2023-06-05 20:15:26.424 [warning] [Decorations] CAPPING events from decorations provider vscode.git 6349
2023-06-05 20:15:32.944 [warning] [Decorations] CAPPING events from decorations provider vscode.git 6349
2023-06-05 20:15:40.998 [warning] [Decorations] CAPPING events from decorations provider vscode.git 6349
2023-06-05 20:15:47.941 [warning] [Decorations] CAPPING events from decorations provider vscode.git 6349
2023-06-05 20:15:56.005 [warning] [Decorations] CAPPING events from decorations provider vscode.git 6349
2023-06-05 20:16:02.370 [warning] [Decorations] CAPPING events from decorations provider vscode.git 6349
2023-06-05 20:16:09.507 [warning] [Decorations] CAPPING events from decorations provider vscode.git 6349
2023-06-05 20:16:16.228 [warning] [Decorations] CAPPING events from decorations provider vscode.git 6349
2023-06-05 20:16:33.616 [warning] [Decorations] CAPPING events from decorations provider vscode.git 6349
2023-06-05 20:16:41.734 [warning] [Decorations] CAPPING events from decorations provider vscode.git 6349
2023-06-05 20:16:54.194 [warning] [Decorations] CAPPING events from decorations provider vscode.git 6349
2023-06-05 20:17:08.838 [warning] [Decorations] CAPPING events from decorations provider vscode.git 6349
2023-06-05 20:17:17.975 [warning] [Decorations] CAPPING events from decorations provider vscode.git 6349
2023-06-05 20:17:23.530 [warning] [Decorations] CAPPING events from decorations provider vscode.git 6349
2023-06-05 20:17:29.039 [warning] [Decorations] CAPPING events from decorations provider vscode.git 6349
2023-06-05 20:17:34.796 [warning] [Decorations] CAPPING events from decorations provider vscode.git 6349
2023-06-05 20:17:40.658 [warning] [Decorations] CAPPING events from decorations provider vscode.git 6349
2023-06-05 20:17:46.542 [warning] [Decorations] CAPPING events from decorations provider vscode.git 6349
2023-06-05 20:17:54.032 [warning] [Decorations] CAPPING events from decorations provider vscode.git 6349
2023-06-05 20:18:06.585 [warning] [Decorations] CAPPING events from decorations provider vscode.git 6349
2023-06-05 20:18:17.576 [warning] [Decorations] CAPPING events from decorations provider vscode.git 6349
2023-06-05 20:18:22.982 [warning] [Decorations] CAPPING events from decorations provider vscode.git 6349
2023-06-05 20:18:28.435 [warning] [Decorations] CAPPING events from decorations provider vscode.git 6349
2023-06-05 20:18:33.907 [warning] [Decorations] CAPPING events from decorations provider vscode.git 6349
2023-06-05 20:18:39.864 [warning] [Decorations] CAPPING events from decorations provider vscode.git 6349
2023-06-05 20:18:53.862 [warning] [Decorations] CAPPING events from decorations provider vscode.git 6349
2023-06-05 20:19:01.964 [warning] [Decorations] CAPPING events from decorations provider vscode.git 6349
2023-06-05 20:19:07.834 [warning] [Decorations] CAPPING events from decorations provider vscode.git 6349
2023-06-05 20:19:14.680 [warning] [Decorations] CAPPING events from decorations provider vscode.git 6349
2023-06-05 20:19:26.986 [warning] [Decorations] CAPPING events from decorations provider vscode.git 6349
2023-06-05 20:19:44.081 [warning] [Decorations] CAPPING events from decorations provider vscode.git 6349
2023-06-05 20:19:58.124 [warning] [Decorations] CAPPING events from decorations provider vscode.git 6349
2023-06-05 20:20:21.503 [warning] [Decorations] CAPPING events from decorations provider vscode.git 6349
2023-06-05 20:20:40.672 [warning] [Decorations] CAPPING events from decorations provider vscode.git 6349
2023-06-05 20:21:00.285 [warning] [Decorations] CAPPING events from decorations provider vscode.git 6349
2023-06-05 20:21:11.198 [warning] [Decorations] CAPPING events from decorations provider vscode.git 6349
2023-06-05 20:21:21.532 [warning] [Decorations] CAPPING events from decorations provider vscode.git 6349
2023-06-05 20:21:30.357 [warning] [Decorations] CAPPING events from decorations provider vscode.git 6349
2023-06-05 20:21:41.375 [warning] [Decorations] CAPPING events from decorations provider vscode.git 6349
2023-06-05 20:21:51.562 [warning] [Decorations] CAPPING events from decorations provider vscode.git 6349
2023-06-05 20:21:58.667 [warning] [Decorations] CAPPING events from decorations provider vscode.git 6349
2023-06-05 20:22:06.496 [warning] [Decorations] CAPPING events from decorations provider vscode.git 6349
2023-06-05 20:22:15.421 [warning] [Decorations] CAPPING events from decorations provider vscode.git 6349
2023-06-05 20:22:26.472 [warning] [Decorations] CAPPING events from decorations provider vscode.git 6349
2023-06-05 20:22:39.189 [warning] [Decorations] CAPPING events from decorations provider vscode.git 6349
2023-06-05 20:22:50.399 [warning] [Decorations] CAPPING events from decorations provider vscode.git 6349
2023-06-05 20:22:57.592 [warning] [Decorations] CAPPING events from decorations provider vscode.git 6349
2023-06-05 20:23:04.924 [warning] [Decorations] CAPPING events from decorations provider vscode.git 6349
2023-06-05 20:23:13.129 [warning] [Decorations] CAPPING events from decorations provider vscode.git 6349
2023-06-05 20:23:23.013 [warning] [Decorations] CAPPING events from decorations provider vscode.git 6349
2023-06-05 20:23:32.418 [warning] [Decorations] CAPPING events from decorations provider vscode.git 6349
2023-06-05 20:23:38.518 [warning] [Decorations] CAPPING events from decorations provider vscode.git 6349
2023-06-05 20:23:47.660 [warning] [Decorations] CAPPING events from decorations provider vscode.git 6349
2023-06-05 20:23:56.564 [warning] [Decorations] CAPPING events from decorations provider vscode.git 6349
2023-06-05 20:24:05.078 [warning] [Decorations] CAPPING events from decorations provider vscode.git 6349
2023-06-05 20:24:13.281 [warning] [Decorations] CAPPING events from decorations provider vscode.git 6349
2023-06-05 20:24:21.020 [warning] [Decorations] CAPPING events from decorations provider vscode.git 6349
2023-06-05 20:24:26.714 [warning] [Decorations] CAPPING events from decorations provider vscode.git 6349
2023-06-05 20:24:32.631 [warning] [Decorations] CAPPING events from decorations provider vscode.git 6349
2023-06-05 20:24:38.810 [warning] [Decorations] CAPPING events from decorations provider vscode.git 6349
2023-06-05 20:24:45.830 [warning] [Decorations] CAPPING events from decorations provider vscode.git 6349
2023-06-05 20:24:53.307 [warning] [Decorations] CAPPING events from decorations provider vscode.git 6349
2023-06-05 20:25:05.017 [warning] [Decorations] CAPPING events from decorations provider vscode.git 6349
2023-06-05 20:25:10.524 [warning] [Decorations] CAPPING events from decorations provider vscode.git 6349
2023-06-05 20:25:16.859 [warning] [Decorations] CAPPING events from decorations provider vscode.git 6349
2023-06-05 20:25:22.488 [warning] [Decorations] CAPPING events from decorations provider vscode.git 6349
2023-06-05 20:25:28.284 [warning] [Decorations] CAPPING events from decorations provider vscode.git 6349
2023-06-05 20:25:34.842 [warning] [Decorations] CAPPING events from decorations provider vscode.git 6349
2023-06-05 20:25:40.816 [warning] [Decorations] CAPPING events from decorations provider vscode.git 6349
2023-06-05 20:25:47.602 [warning] [Decorations] CAPPING events from decorations provider vscode.git 6349
2023-06-05 20:25:53.583 [warning] [Decorations] CAPPING events from decorations provider vscode.git 6349
2023-06-05 20:25:59.183 [warning] [Decorations] CAPPING events from decorations provider vscode.git 6349
2023-06-05 20:26:05.156 [warning] [Decorations] CAPPING events from decorations provider vscode.git 6349
2023-06-05 20:26:11.138 [warning] [Decorations] CAPPING events from decorations provider vscode.git 6349
2023-06-05 20:26:16.875 [warning] [Decorations] CAPPING events from decorations provider vscode.git 6349
2023-06-05 20:26:23.070 [warning] [Decorations] CAPPING events from decorations provider vscode.git 6349
2023-06-05 20:26:28.712 [warning] [Decorations] CAPPING events from decorations provider vscode.git 6349
2023-06-05 20:26:34.312 [warning] [Decorations] CAPPING events from decorations provider vscode.git 6349
2023-06-05 20:26:43.729 [warning] [Decorations] CAPPING events from decorations provider vscode.git 6349
2023-06-05 20:26:49.792 [warning] [Decorations] CAPPING events from decorations provider vscode.git 6349
2023-06-05 20:26:55.417 [warning] [Decorations] CAPPING events from decorations provider vscode.git 6349
2023-06-05 20:27:01.010 [warning] [Decorations] CAPPING events from decorations provider vscode.git 6349
2023-06-05 20:27:06.730 [warning] [Decorations] CAPPING events from decorations provider vscode.git 6349
2023-06-05 20:27:13.539 [warning] [Decorations] CAPPING events from decorations provider vscode.git 6349
2023-06-05 20:27:19.219 [warning] [Decorations] CAPPING events from decorations provider vscode.git 6349
2023-06-05 20:27:26.460 [warning] [Decorations] CAPPING events from decorations provider vscode.git 6349
2023-06-05 20:27:32.512 [warning] [Decorations] CAPPING events from decorations provider vscode.git 6349
2023-06-05 20:27:50.728 [warning] [Decorations] CAPPING events from decorations provider vscode.git 6349
2023-06-05 20:28:06.917 [warning] [Decorations] CAPPING events from decorations provider vscode.git 6349
2023-06-05 20:28:13.348 [warning] [Decorations] CAPPING events from decorations provider vscode.git 6349
2023-06-05 20:28:20.035 [warning] [Decorations] CAPPING events from decorations provider vscode.git 6349
2023-06-05 20:28:27.588 [warning] [Decorations] CAPPING events from decorations provider vscode.git 6349
2023-06-05 20:28:34.489 [warning] [Decorations] CAPPING events from decorations provider vscode.git 6349
2023-06-05 20:28:48.540 [warning] [Decorations] CAPPING events from decorations provider vscode.git 6349
2023-06-05 20:29:03.133 [warning] [Decorations] CAPPING events from decorations provider vscode.git 6349
2023-06-05 20:29:08.720 [warning] [Decorations] CAPPING events from decorations provider vscode.git 6349
2023-06-05 20:29:14.294 [warning] [Decorations] CAPPING events from decorations provider vscode.git 6349
2023-06-05 20:29:20.017 [warning] [Decorations] CAPPING events from decorations provider vscode.git 6349
2023-06-05 20:29:25.819 [warning] [Decorations] CAPPING events from decorations provider vscode.git 6349
2023-06-05 20:29:34.983 [warning] [Decorations] CAPPING events from decorations provider vscode.git 6349
2023-06-05 20:29:40.694 [warning] [Decorations] CAPPING events from decorations provider vscode.git 6349
2023-06-05 20:29:46.349 [warning] [Decorations] CAPPING events from decorations provider vscode.git 6349
2023-06-05 20:29:51.942 [warning] [Decorations] CAPPING events from decorations provider vscode.git 6349
2023-06-05 20:29:57.527 [warning] [Decorations] CAPPING events from decorations provider vscode.git 6349
2023-06-05 20:30:03.099 [warning] [Decorations] CAPPING events from decorations provider vscode.git 6349
2023-06-05 20:30:08.958 [warning] [Decorations] CAPPING events from decorations provider vscode.git 6349
2023-06-05 20:30:14.602 [warning] [Decorations] CAPPING events from decorations provider vscode.git 6349
2023-06-05 20:30:20.320 [warning] [Decorations] CAPPING events from decorations provider vscode.git 6349
2023-06-05 20:30:26.022 [warning] [Decorations] CAPPING events from decorations provider vscode.git 6349
2023-06-05 20:30:31.967 [warning] [Decorations] CAPPING events from decorations provider vscode.git 6349
2023-06-05 20:30:37.537 [warning] [Decorations] CAPPING events from decorations provider vscode.git 6349
2023-06-05 20:30:43.254 [warning] [Decorations] CAPPING events from decorations provider vscode.git 6349
2023-06-05 20:30:49.164 [warning] [Decorations] CAPPING events from decorations provider vscode.git 6349
2023-06-05 20:30:55.005 [warning] [Decorations] CAPPING events from decorations provider vscode.git 6349
2023-06-05 20:31:00.713 [warning] [Decorations] CAPPING events from decorations provider vscode.git 6349
2023-06-05 20:31:06.757 [warning] [Decorations] CAPPING events from decorations provider vscode.git 6349
2023-06-05 20:31:12.463 [warning] [Decorations] CAPPING events from decorations provider vscode.git 6349
2023-06-05 20:31:18.785 [warning] [Decorations] CAPPING events from decorations provider vscode.git 6349
2023-06-05 20:31:24.335 [warning] [Decorations] CAPPING events from decorations provider vscode.git 6349
2023-06-05 20:31:29.996 [warning] [Decorations] CAPPING events from decorations provider vscode.git 6349
2023-06-05 20:31:35.533 [warning] [Decorations] CAPPING events from decorations provider vscode.git 6349
2023-06-05 20:31:41.166 [warning] [Decorations] CAPPING events from decorations provider vscode.git 6349
2023-06-05 20:31:46.823 [warning] [Decorations] CAPPING events from decorations provider vscode.git 6349
2023-06-05 20:31:53.399 [warning] [Decorations] CAPPING events from decorations provider vscode.git 6349
2023-06-05 20:32:09.037 [warning] [Decorations] CAPPING events from decorations provider vscode.git 6349
2023-06-05 20:32:14.793 [warning] [Decorations] CAPPING events from decorations provider vscode.git 6349
2023-06-05 20:32:20.412 [warning] [Decorations] CAPPING events from decorations provider vscode.git 6349
2023-06-05 20:32:26.087 [warning] [Decorations] CAPPING events from decorations provider vscode.git 6349
2023-06-05 20:32:31.682 [warning] [Decorations] CAPPING events from decorations provider vscode.git 6349
2023-06-05 20:32:37.305 [warning] [Decorations] CAPPING events from decorations provider vscode.git 6349
2023-06-05 20:32:42.912 [warning] [Decorations] CAPPING events from decorations provider vscode.git 6349
2023-06-05 20:32:48.598 [warning] [Decorations] CAPPING events from decorations provider vscode.git 6349
2023-06-05 20:32:54.240 [warning] [Decorations] CAPPING events from decorations provider vscode.git 6349
2023-06-05 20:32:59.884 [warning] [Decorations] CAPPING events from decorations provider vscode.git 6349
2023-06-05 20:33:05.506 [warning] [Decorations] CAPPING events from decorations provider vscode.git 6349
2023-06-05 20:33:11.087 [warning] [Decorations] CAPPING events from decorations provider vscode.git 6349
2023-06-05 20:33:16.766 [warning] [Decorations] CAPPING events from decorations provider vscode.git 6349
2023-06-05 20:33:22.479 [warning] [Decorations] CAPPING events from decorations provider vscode.git 6349
2023-06-05 20:33:28.249 [warning] [Decorations] CAPPING events from decorations provider vscode.git 6349
2023-06-05 20:33:33.918 [warning] [Decorations] CAPPING events from decorations provider vscode.git 6349
2023-06-05 20:33:42.636 [warning] [Decorations] CAPPING events from decorations provider vscode.git 6349
2023-06-05 20:33:50.249 [warning] [Decorations] CAPPING events from decorations provider vscode.git 6349
2023-06-05 20:33:57.318 [warning] [Decorations] CAPPING events from decorations provider vscode.git 6349
2023-06-05 20:34:03.400 [warning] [Decorations] CAPPING events from decorations provider vscode.git 6349
2023-06-05 20:34:09.114 [warning] [Decorations] CAPPING events from decorations provider vscode.git 6349
2023-06-05 20:34:15.977 [warning] [Decorations] CAPPING events from decorations provider vscode.git 6349
2023-06-05 20:34:21.705 [warning] [Decorations] CAPPING events from decorations provider vscode.git 6349
2023-06-05 20:34:27.309 [warning] [Decorations] CAPPING events from decorations provider vscode.git 6349
2023-06-05 20:34:33.076 [warning] [Decorations] CAPPING events from decorations provider vscode.git 6349
2023-06-05 20:34:39.371 [warning] [Decorations] CAPPING events from decorations provider vscode.git 6349
2023-06-05 20:34:46.546 [warning] [Decorations] CAPPING events from decorations provider vscode.git 6349
2023-06-05 20:34:52.186 [warning] [Decorations] CAPPING events from decorations provider vscode.git 6349
2023-06-05 20:34:57.809 [warning] [Decorations] CAPPING events from decorations provider vscode.git 6349
2023-06-05 20:35:03.347 [warning] [Decorations] CAPPING events from decorations provider vscode.git 6349
2023-06-05 20:35:08.982 [warning] [Decorations] CAPPING events from decorations provider vscode.git 6349
2023-06-05 20:35:15.785 [warning] [Decorations] CAPPING events from decorations provider vscode.git 6349
2023-06-05 20:35:25.459 [warning] [Decorations] CAPPING events from decorations provider vscode.git 6349
2023-06-05 20:35:31.319 [warning] [Decorations] CAPPING events from decorations provider vscode.git 6349
2023-06-05 20:35:36.960 [warning] [Decorations] CAPPING events from decorations provider vscode.git 6349
2023-06-05 20:35:42.537 [warning] [Decorations] CAPPING events from decorations provider vscode.git 6349
2023-06-05 20:35:48.082 [warning] [Decorations] CAPPING events from decorations provider vscode.git 6349
2023-06-05 20:35:53.909 [warning] [Decorations] CAPPING events from decorations provider vscode.git 6349
2023-06-05 20:35:59.489 [warning] [Decorations] CAPPING events from decorations provider vscode.git 6349
2023-06-05 20:36:05.095 [warning] [Decorations] CAPPING events from decorations provider vscode.git 6349
2023-06-05 20:36:10.669 [warning] [Decorations] CAPPING events from decorations provider vscode.git 6349
2023-06-05 20:36:16.272 [warning] [Decorations] CAPPING events from decorations provider vscode.git 6349
2023-06-05 20:36:22.008 [warning] [Decorations] CAPPING events from decorations provider vscode.git 6349
2023-06-05 20:36:29.670 [warning] [Decorations] CAPPING events from decorations provider vscode.git 6349
2023-06-05 20:36:35.215 [warning] [Decorations] CAPPING events from decorations provider vscode.git 6349
2023-06-05 20:36:40.745 [warning] [Decorations] CAPPING events from decorations provider vscode.git 6349
2023-06-05 20:36:46.301 [warning] [Decorations] CAPPING events from decorations provider vscode.git 6349
2023-06-05 20:36:51.839 [warning] [Decorations] CAPPING events from decorations provider vscode.git 6349
2023-06-05 20:36:57.405 [warning] [Decorations] CAPPING events from decorations provider vscode.git 6349
2023-06-05 20:37:02.944 [warning] [Decorations] CAPPING events from decorations provider vscode.git 6349
2023-06-05 20:37:08.560 [warning] [Decorations] CAPPING events from decorations provider vscode.git 6349
2023-06-05 20:37:14.100 [warning] [Decorations] CAPPING events from decorations provider vscode.git 6349
2023-06-05 20:37:19.943 [warning] [Decorations] CAPPING events from decorations provider vscode.git 6349
2023-06-05 20:37:25.467 [warning] [Decorations] CAPPING events from decorations provider vscode.git 6349
2023-06-05 20:37:31.111 [warning] [Decorations] CAPPING events from decorations provider vscode.git 6349
2023-06-05 20:37:36.761 [warning] [Decorations] CAPPING events from decorations provider vscode.git 6349
2023-06-05 20:37:42.346 [warning] [Decorations] CAPPING events from decorations provider vscode.git 6349
2023-06-05 20:37:47.984 [warning] [Decorations] CAPPING events from decorations provider vscode.git 6349
2023-06-05 20:37:53.582 [warning] [Decorations] CAPPING events from decorations provider vscode.git 6349
2023-06-05 20:38:00.682 [warning] [Decorations] CAPPING events from decorations provider vscode.git 6349
2023-06-05 20:38:07.017 [warning] [Decorations] CAPPING events from decorations provider vscode.git 6349
2023-06-05 20:38:12.519 [warning] [Decorations] CAPPING events from decorations provider vscode.git 6349
2023-06-05 20:38:18.054 [warning] [Decorations] CAPPING events from decorations provider vscode.git 6349
2023-06-05 20:38:24.208 [warning] [Decorations] CAPPING events from decorations provider vscode.git 6349
2023-06-05 20:38:30.566 [warning] [Decorations] CAPPING events from decorations provider vscode.git 6349
2023-06-05 20:38:37.113 [warning] [Decorations] CAPPING events from decorations provider vscode.git 6349
2023-06-05 20:38:42.619 [warning] [Decorations] CAPPING events from decorations provider vscode.git 6349
2023-06-05 20:38:48.143 [warning] [Decorations] CAPPING events from decorations provider vscode.git 6349
2023-06-05 20:38:53.646 [warning] [Decorations] CAPPING events from decorations provider vscode.git 6349
2023-06-05 20:38:59.883 [warning] [Decorations] CAPPING events from decorations provider vscode.git 6349
2023-06-05 20:39:07.663 [warning] [Decorations] CAPPING events from decorations provider vscode.git 6349
2023-06-05 20:39:13.221 [warning] [Decorations] CAPPING events from decorations provider vscode.git 6349
2023-06-05 20:39:18.792 [warning] [Decorations] CAPPING events from decorations provider vscode.git 6349
2023-06-05 20:39:24.426 [warning] [Decorations] CAPPING events from decorations provider vscode.git 6349
2023-06-05 20:39:29.938 [warning] [Decorations] CAPPING events from decorations provider vscode.git 6349
2023-06-05 20:39:35.469 [warning] [Decorations] CAPPING events from decorations provider vscode.git 6349
2023-06-05 20:39:41.066 [warning] [Decorations] CAPPING events from decorations provider vscode.git 6349
2023-06-05 20:39:46.996 [warning] [Decorations] CAPPING events from decorations provider vscode.git 6349
2023-06-05 20:39:52.957 [warning] [Decorations] CAPPING events from decorations provider vscode.git 6349
2023-06-05 20:39:58.592 [warning] [Decorations] CAPPING events from decorations provider vscode.git 6349
2023-06-05 20:40:04.177 [warning] [Decorations] CAPPING events from decorations provider vscode.git 6349
2023-06-05 20:40:09.720 [warning] [Decorations] CAPPING events from decorations provider vscode.git 6349
2023-06-05 20:40:15.276 [warning] [Decorations] CAPPING events from decorations provider vscode.git 6349
2023-06-05 20:40:20.871 [warning] [Decorations] CAPPING events from decorations provider vscode.git 6349
2023-06-05 20:40:26.655 [warning] [Decorations] CAPPING events from decorations provider vscode.git 6349
2023-06-05 20:40:32.174 [warning] [Decorations] CAPPING events from decorations provider vscode.git 6349
2023-06-05 20:40:38.195 [warning] [Decorations] CAPPING events from decorations provider vscode.git 6349
2023-06-05 20:40:44.327 [warning] [Decorations] CAPPING events from decorations provider vscode.git 6349
2023-06-05 20:40:49.859 [warning] [Decorations] CAPPING events from decorations provider vscode.git 6349
2023-06-05 20:40:55.447 [warning] [Decorations] CAPPING events from decorations provider vscode.git 6349
2023-06-05 20:41:00.981 [warning] [Decorations] CAPPING events from decorations provider vscode.git 6349
2023-06-05 20:41:06.813 [warning] [Decorations] CAPPING events from decorations provider vscode.git 6349
2023-06-05 20:41:12.321 [warning] [Decorations] CAPPING events from decorations provider vscode.git 6349
2023-06-05 20:41:17.880 [warning] [Decorations] CAPPING events from decorations provider vscode.git 6349
2023-06-05 20:41:23.533 [warning] [Decorations] CAPPING events from decorations provider vscode.git 6349
2023-06-05 20:41:29.052 [warning] [Decorations] CAPPING events from decorations provider vscode.git 6349
2023-06-05 20:41:34.607 [warning] [Decorations] CAPPING events from decorations provider vscode.git 6349
2023-06-05 20:41:40.257 [warning] [Decorations] CAPPING events from decorations provider vscode.git 6349
2023-06-05 20:41:45.795 [warning] [Decorations] CAPPING events from decorations provider vscode.git 6349
2023-06-05 20:41:51.504 [warning] [Decorations] CAPPING events from decorations provider vscode.git 6349
2023-06-05 20:41:57.022 [warning] [Decorations] CAPPING events from decorations provider vscode.git 6349
2023-06-05 20:42:02.586 [warning] [Decorations] CAPPING events from decorations provider vscode.git 6349
2023-06-05 20:42:08.118 [warning] [Decorations] CAPPING events from decorations provider vscode.git 6349
2023-06-05 20:42:13.667 [warning] [Decorations] CAPPING events from decorations provider vscode.git 6349
2023-06-05 20:42:19.223 [warning] [Decorations] CAPPING events from decorations provider vscode.git 6349
2023-06-05 20:42:24.775 [warning] [Decorations] CAPPING events from decorations provider vscode.git 6349
2023-06-05 20:42:30.372 [warning] [Decorations] CAPPING events from decorations provider vscode.git 6349
2023-06-05 20:42:36.011 [warning] [Decorations] CAPPING events from decorations provider vscode.git 6349
2023-06-05 20:42:41.564 [warning] [Decorations] CAPPING events from decorations provider vscode.git 6349
2023-06-05 20:42:47.331 [warning] [Decorations] CAPPING events from decorations provider vscode.git 6349
2023-06-05 20:42:52.877 [warning] [Decorations] CAPPING events from decorations provider vscode.git 6349
2023-06-05 20:42:58.452 [warning] [Decorations] CAPPING events from decorations provider vscode.git 6349
2023-06-05 20:43:03.990 [warning] [Decorations] CAPPING events from decorations provider vscode.git 6349
2023-06-05 20:43:09.513 [warning] [Decorations] CAPPING events from decorations provider vscode.git 6349
2023-06-05 20:43:15.044 [warning] [Decorations] CAPPING events from decorations provider vscode.git 6349
2023-06-05 20:43:20.832 [warning] [Decorations] CAPPING events from decorations provider vscode.git 6349
2023-06-05 20:43:26.418 [warning] [Decorations] CAPPING events from decorations provider vscode.git 6349
2023-06-05 20:43:31.993 [warning] [Decorations] CAPPING events from decorations provider vscode.git 6349
2023-06-05 20:43:37.523 [warning] [Decorations] CAPPING events from decorations provider vscode.git 6349
2023-06-05 20:43:43.161 [warning] [Decorations] CAPPING events from decorations provider vscode.git 6349
2023-06-05 20:43:48.741 [warning] [Decorations] CAPPING events from decorations provider vscode.git 6349
2023-06-05 20:43:54.255 [warning] [Decorations] CAPPING events from decorations provider vscode.git 6349
2023-06-05 20:44:00.269 [warning] [Decorations] CAPPING events from decorations provider vscode.git 6349
2023-06-05 20:44:10.386 [warning] [Decorations] CAPPING events from decorations provider vscode.git 6349
2023-06-05 20:44:17.271 [warning] [Decorations] CAPPING events from decorations provider vscode.git 6349
2023-06-05 20:44:22.844 [warning] [Decorations] CAPPING events from decorations provider vscode.git 6349
2023-06-05 20:44:28.401 [warning] [Decorations] CAPPING events from decorations provider vscode.git 6349
2023-06-05 20:44:33.984 [warning] [Decorations] CAPPING events from decorations provider vscode.git 6349
2023-06-05 20:44:39.586 [warning] [Decorations] CAPPING events from decorations provider vscode.git 6349
2023-06-05 20:44:45.202 [warning] [Decorations] CAPPING events from decorations provider vscode.git 6349
2023-06-05 20:44:50.827 [warning] [Decorations] CAPPING events from decorations provider vscode.git 6349
2023-06-05 20:44:56.758 [warning] [Decorations] CAPPING events from decorations provider vscode.git 6349
2023-06-05 20:45:02.413 [warning] [Decorations] CAPPING events from decorations provider vscode.git 6349
2023-06-05 20:45:08.025 [warning] [Decorations] CAPPING events from decorations provider vscode.git 6349
2023-06-05 20:45:13.576 [warning] [Decorations] CAPPING events from decorations provider vscode.git 6349
2023-06-05 20:45:19.115 [warning] [Decorations] CAPPING events from decorations provider vscode.git 6349
2023-06-05 20:45:24.706 [warning] [Decorations] CAPPING events from decorations provider vscode.git 6349
2023-06-05 20:45:30.227 [warning] [Decorations] CAPPING events from decorations provider vscode.git 6349
2023-06-05 20:45:36.349 [warning] [Decorations] CAPPING events from decorations provider vscode.git 6349
2023-06-05 20:45:41.908 [warning] [Decorations] CAPPING events from decorations provider vscode.git 6349
2023-06-05 20:45:47.462 [warning] [Decorations] CAPPING events from decorations provider vscode.git 6349
2023-06-05 20:45:53.023 [warning] [Decorations] CAPPING events from decorations provider vscode.git 6349
2023-06-05 20:45:58.742 [warning] [Decorations] CAPPING events from decorations provider vscode.git 6349
2023-06-05 20:46:04.279 [warning] [Decorations] CAPPING events from decorations provider vscode.git 6349
2023-06-05 20:46:09.903 [warning] [Decorations] CAPPING events from decorations provider vscode.git 6349
2023-06-05 20:46:15.457 [warning] [Decorations] CAPPING events from decorations provider vscode.git 6349
2023-06-05 20:46:21.011 [warning] [Decorations] CAPPING events from decorations provider vscode.git 6349
2023-06-05 20:46:26.571 [warning] [Decorations] CAPPING events from decorations provider vscode.git 6349
2023-06-05 20:46:32.119 [warning] [Decorations] CAPPING events from decorations provider vscode.git 6349
2023-06-05 20:46:37.652 [warning] [Decorations] CAPPING events from decorations provider vscode.git 6349
2023-06-05 20:46:43.196 [warning] [Decorations] CAPPING events from decorations provider vscode.git 6349
2023-06-05 20:46:48.732 [warning] [Decorations] CAPPING events from decorations provider vscode.git 6349
2023-06-05 20:46:54.251 [warning] [Decorations] CAPPING events from decorations provider vscode.git 6349
2023-06-05 20:46:59.892 [warning] [Decorations] CAPPING events from decorations provider vscode.git 6349
2023-06-05 20:47:05.612 [warning] [Decorations] CAPPING events from decorations provider vscode.git 6349
2023-06-05 20:47:11.113 [warning] [Decorations] CAPPING events from decorations provider vscode.git 6349
2023-06-05 20:47:16.712 [warning] [Decorations] CAPPING events from decorations provider vscode.git 6349
2023-06-05 20:47:22.272 [warning] [Decorations] CAPPING events from decorations provider vscode.git 6349
2023-06-05 20:47:27.851 [warning] [Decorations] CAPPING events from decorations provider vscode.git 6349
2023-06-05 20:47:33.543 [warning] [Decorations] CAPPING events from decorations provider vscode.git 6349
2023-06-05 20:47:39.166 [warning] [Decorations] CAPPING events from decorations provider vscode.git 6349
2023-06-05 20:47:44.674 [warning] [Decorations] CAPPING events from decorations provider vscode.git 6349
2023-06-05 20:47:50.264 [warning] [Decorations] CAPPING events from decorations provider vscode.git 6349
2023-06-05 20:47:55.822 [warning] [Decorations] CAPPING events from decorations provider vscode.git 6349
2023-06-05 20:48:01.444 [warning] [Decorations] CAPPING events from decorations provider vscode.git 6349
2023-06-05 20:48:06.995 [warning] [Decorations] CAPPING events from decorations provider vscode.git 6349
2023-06-05 20:48:12.513 [warning] [Decorations] CAPPING events from decorations provider vscode.git 6349
2023-06-05 20:48:18.072 [warning] [Decorations] CAPPING events from decorations provider vscode.git 6349
2023-06-05 20:48:23.603 [warning] [Decorations] CAPPING events from decorations provider vscode.git 6349
2023-06-05 20:48:29.140 [warning] [Decorations] CAPPING events from decorations provider vscode.git 6349
2023-06-05 20:48:34.707 [warning] [Decorations] CAPPING events from decorations provider vscode.git 6349
2023-06-05 20:48:40.400 [warning] [Decorations] CAPPING events from decorations provider vscode.git 6349
2023-06-05 20:48:45.989 [warning] [Decorations] CAPPING events from decorations provider vscode.git 6349
2023-06-05 20:48:51.572 [warning] [Decorations] CAPPING events from decorations provider vscode.git 6349
2023-06-05 20:48:57.126 [warning] [Decorations] CAPPING events from decorations provider vscode.git 6349
2023-06-05 20:49:02.654 [warning] [Decorations] CAPPING events from decorations provider vscode.git 6349
2023-06-05 20:49:08.135 [warning] [Decorations] CAPPING events from decorations provider vscode.git 6349
2023-06-05 20:49:13.752 [warning] [Decorations] CAPPING events from decorations provider vscode.git 6349
2023-06-05 20:49:19.334 [warning] [Decorations] CAPPING events from decorations provider vscode.git 6349
2023-06-05 20:49:24.917 [warning] [Decorations] CAPPING events from decorations provider vscode.git 6349
2023-06-05 20:49:30.398 [warning] [Decorations] CAPPING events from decorations provider vscode.git 6349
2023-06-05 20:49:35.908 [warning] [Decorations] CAPPING events from decorations provider vscode.git 6349
2023-06-05 20:49:41.724 [warning] [Decorations] CAPPING events from decorations provider vscode.git 6349
2023-06-05 20:49:48.584 [warning] [Decorations] CAPPING events from decorations provider vscode.git 6349
2023-06-05 20:49:55.266 [warning] [Decorations] CAPPING events from decorations provider vscode.git 6349
2023-06-05 20:50:00.801 [warning] [Decorations] CAPPING events from decorations provider vscode.git 6349
2023-06-05 20:50:06.333 [warning] [Decorations] CAPPING events from decorations provider vscode.git 6349
2023-06-05 20:50:12.013 [warning] [Decorations] CAPPING events from decorations provider vscode.git 6349
2023-06-05 20:50:17.540 [warning] [Decorations] CAPPING events from decorations provider vscode.git 6349
2023-06-05 20:50:23.078 [warning] [Decorations] CAPPING events from decorations provider vscode.git 6349
2023-06-05 20:50:28.718 [warning] [Decorations] CAPPING events from decorations provider vscode.git 6349
2023-06-05 20:50:34.226 [warning] [Decorations] CAPPING events from decorations provider vscode.git 6349
2023-06-05 20:50:39.832 [warning] [Decorations] CAPPING events from decorations provider vscode.git 6349
2023-06-05 20:50:45.428 [warning] [Decorations] CAPPING events from decorations provider vscode.git 6349
2023-06-05 20:50:50.958 [warning] [Decorations] CAPPING events from decorations provider vscode.git 6349
2023-06-05 20:50:56.480 [warning] [Decorations] CAPPING events from decorations provider vscode.git 6349
2023-06-05 20:51:02.039 [warning] [Decorations] CAPPING events from decorations provider vscode.git 6349
2023-06-05 20:51:07.622 [warning] [Decorations] CAPPING events from decorations provider vscode.git 6349
2023-06-05 20:51:13.476 [warning] [Decorations] CAPPING events from decorations provider vscode.git 6349
2023-06-05 20:51:19.110 [warning] [Decorations] CAPPING events from decorations provider vscode.git 6349
2023-06-05 20:51:24.642 [warning] [Decorations] CAPPING events from decorations provider vscode.git 6349
2023-06-05 20:51:30.157 [warning] [Decorations] CAPPING events from decorations provider vscode.git 6349
2023-06-05 20:51:36.510 [warning] [Decorations] CAPPING events from decorations provider vscode.git 6349
2023-06-05 20:51:41.791 [warning] [Decorations] CAPPING events from decorations provider vscode.git 6349
2023-06-05 20:51:47.103 [warning] [Decorations] CAPPING events from decorations provider vscode.git 6349
2023-06-05 20:51:52.387 [warning] [Decorations] CAPPING events from decorations provider vscode.git 6349
2023-06-05 20:51:57.856 [warning] [Decorations] CAPPING events from decorations provider vscode.git 6349
2023-06-05 20:52:03.291 [warning] [Decorations] CAPPING events from decorations provider vscode.git 6349
2023-06-05 20:52:08.607 [warning] [Decorations] CAPPING events from decorations provider vscode.git 6349
2023-06-05 20:52:13.943 [warning] [Decorations] CAPPING events from decorations provider vscode.git 6349
2023-06-05 20:52:19.256 [warning] [Decorations] CAPPING events from decorations provider vscode.git 6349
2023-06-05 20:52:24.563 [warning] [Decorations] CAPPING events from decorations provider vscode.git 6349
2023-06-05 20:52:29.880 [warning] [Decorations] CAPPING events from decorations provider vscode.git 6349
2023-06-05 20:52:35.199 [warning] [Decorations] CAPPING events from decorations provider vscode.git 6349
2023-06-05 20:52:40.515 [warning] [Decorations] CAPPING events from decorations provider vscode.git 6349
2023-06-05 20:52:45.832 [warning] [Decorations] CAPPING events from decorations provider vscode.git 6349
2023-06-05 20:52:51.137 [warning] [Decorations] CAPPING events from decorations provider vscode.git 6349
2023-06-05 20:52:56.460 [warning] [Decorations] CAPPING events from decorations provider vscode.git 6349
2023-06-05 20:53:01.794 [warning] [Decorations] CAPPING events from decorations provider vscode.git 6349
2023-06-05 20:53:07.107 [warning] [Decorations] CAPPING events from decorations provider vscode.git 6349
2023-06-05 20:53:12.419 [warning] [Decorations] CAPPING events from decorations provider vscode.git 6349
2023-06-05 20:53:17.735 [warning] [Decorations] CAPPING events from decorations provider vscode.git 6349
2023-06-05 20:53:23.088 [warning] [Decorations] CAPPING events from decorations provider vscode.git 6349
2023-06-05 20:53:28.628 [warning] [Decorations] CAPPING events from decorations provider vscode.git 6349
2023-06-05 20:53:33.933 [warning] [Decorations] CAPPING events from decorations provider vscode.git 6349
2023-06-05 20:53:39.257 [warning] [Decorations] CAPPING events from decorations provider vscode.git 6349
2023-06-05 20:53:44.581 [warning] [Decorations] CAPPING events from decorations provider vscode.git 6349
2023-06-05 20:53:49.877 [warning] [Decorations] CAPPING events from decorations provider vscode.git 6349
2023-06-05 20:53:55.190 [warning] [Decorations] CAPPING events from decorations provider vscode.git 6349
2023-06-05 20:54:00.499 [warning] [Decorations] CAPPING events from decorations provider vscode.git 6349
2023-06-05 20:54:05.835 [warning] [Decorations] CAPPING events from decorations provider vscode.git 6349
2023-06-05 20:54:11.147 [warning] [Decorations] CAPPING events from decorations provider vscode.git 6349
2023-06-05 20:54:16.471 [warning] [Decorations] CAPPING events from decorations provider vscode.git 6349
2023-06-05 20:54:21.786 [warning] [Decorations] CAPPING events from decorations provider vscode.git 6349
2023-06-05 20:54:27.107 [warning] [Decorations] CAPPING events from decorations provider vscode.git 6349
2023-06-05 20:54:32.426 [warning] [Decorations] CAPPING events from decorations provider vscode.git 6349
2023-06-05 20:54:37.761 [warning] [Decorations] CAPPING events from decorations provider vscode.git 6349
2023-06-05 20:54:43.103 [warning] [Decorations] CAPPING events from decorations provider vscode.git 6349
2023-06-05 20:54:48.442 [warning] [Decorations] CAPPING events from decorations provider vscode.git 6349
2023-06-05 20:54:53.751 [warning] [Decorations] CAPPING events from decorations provider vscode.git 6349
2023-06-05 20:54:59.063 [warning] [Decorations] CAPPING events from decorations provider vscode.git 6349
2023-06-05 20:55:04.371 [warning] [Decorations] CAPPING events from decorations provider vscode.git 6349
2023-06-05 20:55:09.690 [warning] [Decorations] CAPPING events from decorations provider vscode.git 6349
2023-06-05 20:55:15.027 [warning] [Decorations] CAPPING events from decorations provider vscode.git 6349
2023-06-05 20:55:20.410 [warning] [Decorations] CAPPING events from decorations provider vscode.git 6349
2023-06-05 20:55:25.741 [warning] [Decorations] CAPPING events from decorations provider vscode.git 6349
2023-06-05 20:55:31.052 [warning] [Decorations] CAPPING events from decorations provider vscode.git 6349
2023-06-05 20:55:36.390 [warning] [Decorations] CAPPING events from decorations provider vscode.git 6349
2023-06-05 20:55:41.719 [warning] [Decorations] CAPPING events from decorations provider vscode.git 6349
2023-06-05 20:55:47.038 [warning] [Decorations] CAPPING events from decorations provider vscode.git 6349
2023-06-05 20:55:52.338 [warning] [Decorations] CAPPING events from decorations provider vscode.git 6349
2023-06-05 20:55:57.640 [warning] [Decorations] CAPPING events from decorations provider vscode.git 6349
2023-06-05 20:56:02.948 [warning] [Decorations] CAPPING events from decorations provider vscode.git 6349
2023-06-05 20:56:08.270 [warning] [Decorations] CAPPING events from decorations provider vscode.git 6349
2023-06-05 20:56:13.595 [warning] [Decorations] CAPPING events from decorations provider vscode.git 6349
2023-06-05 20:56:18.912 [warning] [Decorations] CAPPING events from decorations provider vscode.git 6349
2023-06-05 20:56:24.239 [warning] [Decorations] CAPPING events from decorations provider vscode.git 6349
2023-06-05 20:56:29.563 [warning] [Decorations] CAPPING events from decorations provider vscode.git 6349
2023-06-05 20:56:34.887 [warning] [Decorations] CAPPING events from decorations provider vscode.git 6349
2023-06-05 20:56:40.215 [warning] [Decorations] CAPPING events from decorations provider vscode.git 6349
2023-06-05 20:56:45.557 [warning] [Decorations] CAPPING events from decorations provider vscode.git 6349
2023-06-05 20:56:50.895 [warning] [Decorations] CAPPING events from decorations provider vscode.git 6349
2023-06-05 20:56:56.239 [warning] [Decorations] CAPPING events from decorations provider vscode.git 6349
2023-06-05 20:57:01.555 [warning] [Decorations] CAPPING events from decorations provider vscode.git 6349
2023-06-05 20:57:06.869 [warning] [Decorations] CAPPING events from decorations provider vscode.git 6349
2023-06-05 20:57:12.172 [warning] [Decorations] CAPPING events from decorations provider vscode.git 6349
2023-06-05 20:57:17.455 [warning] [Decorations] CAPPING events from decorations provider vscode.git 6349
2023-06-05 20:57:22.778 [warning] [Decorations] CAPPING events from decorations provider vscode.git 6349
2023-06-05 20:57:28.098 [warning] [Decorations] CAPPING events from decorations provider vscode.git 6349
2023-06-05 20:57:33.384 [warning] [Decorations] CAPPING events from decorations provider vscode.git 6349
2023-06-05 20:57:38.695 [warning] [Decorations] CAPPING events from decorations provider vscode.git 6349
2023-06-05 20:57:45.006 [warning] [Decorations] CAPPING events from decorations provider vscode.git 6349
2023-06-05 20:57:59.659 [warning] [Decorations] CAPPING events from decorations provider vscode.git 6349
2023-06-05 20:58:05.085 [warning] [Decorations] CAPPING events from decorations provider vscode.git 6349
2023-06-05 20:58:10.602 [warning] [Decorations] CAPPING events from decorations provider vscode.git 6349
2023-06-05 20:58:16.016 [warning] [Decorations] CAPPING events from decorations provider vscode.git 6349
2023-06-05 20:58:21.396 [warning] [Decorations] CAPPING events from decorations provider vscode.git 6349
2023-06-05 20:58:29.339 [warning] [Decorations] CAPPING events from decorations provider vscode.git 6349
2023-06-05 20:58:35.444 [warning] [Decorations] CAPPING events from decorations provider vscode.git 6349
2023-06-05 20:58:40.876 [warning] [Decorations] CAPPING events from decorations provider vscode.git 6349
2023-06-05 20:58:46.580 [warning] [Decorations] CAPPING events from decorations provider vscode.git 6349
2023-06-05 20:58:52.003 [warning] [Decorations] CAPPING events from decorations provider vscode.git 6349
2023-06-05 20:58:57.307 [warning] [Decorations] CAPPING events from decorations provider vscode.git 6349
2023-06-05 20:59:02.610 [warning] [Decorations] CAPPING events from decorations provider vscode.git 6350
2023-06-05 20:59:08.038 [warning] [Decorations] CAPPING events from decorations provider vscode.git 6349
2023-06-05 20:59:13.334 [warning] [Decorations] CAPPING events from decorations provider vscode.git 6349
2023-06-05 20:59:18.781 [warning] [Decorations] CAPPING events from decorations provider vscode.git 6349
2023-06-05 20:59:24.085 [warning] [Decorations] CAPPING events from decorations provider vscode.git 6349
2023-06-05 20:59:29.380 [warning] [Decorations] CAPPING events from decorations provider vscode.git 6349
2023-06-05 20:59:38.418 [warning] [Decorations] CAPPING events from decorations provider vscode.git 6349
2023-06-05 20:59:43.870 [warning] [Decorations] CAPPING events from decorations provider vscode.git 6348
2023-06-05 20:59:49.220 [warning] [Decorations] CAPPING events from decorations provider vscode.git 6348
2023-06-05 20:59:54.505 [warning] [Decorations] CAPPING events from decorations provider vscode.git 6348
2023-06-05 20:59:59.802 [warning] [Decorations] CAPPING events from decorations provider vscode.git 6348
2023-06-05 21:00:05.111 [warning] [Decorations] CAPPING events from decorations provider vscode.git 6348
2023-06-05 21:00:10.420 [warning] [Decorations] CAPPING events from decorations provider vscode.git 6348
2023-06-05 21:00:15.710 [warning] [Decorations] CAPPING events from decorations provider vscode.git 6348
2023-06-05 21:00:20.998 [warning] [Decorations] CAPPING events from decorations provider vscode.git 6348
2023-06-05 21:00:26.285 [warning] [Decorations] CAPPING events from decorations provider vscode.git 6348
2023-06-05 21:00:31.569 [warning] [Decorations] CAPPING events from decorations provider vscode.git 6348
2023-06-05 21:00:36.879 [warning] [Decorations] CAPPING events from decorations provider vscode.git 6348
2023-06-05 21:00:42.215 [warning] [Decorations] CAPPING events from decorations provider vscode.git 6348
2023-06-05 21:00:47.543 [warning] [Decorations] CAPPING events from decorations provider vscode.git 6348
2023-06-05 21:00:52.869 [warning] [Decorations] CAPPING events from decorations provider vscode.git 6348
2023-06-05 21:00:58.159 [warning] [Decorations] CAPPING events from decorations provider vscode.git 6348
2023-06-05 21:01:03.435 [warning] [Decorations] CAPPING events from decorations provider vscode.git 6348
2023-06-05 21:01:08.738 [warning] [Decorations] CAPPING events from decorations provider vscode.git 6348
2023-06-05 21:01:14.031 [warning] [Decorations] CAPPING events from decorations provider vscode.git 6348
2023-06-05 21:01:19.317 [warning] [Decorations] CAPPING events from decorations provider vscode.git 6348
2023-06-05 21:01:24.617 [warning] [Decorations] CAPPING events from decorations provider vscode.git 6348
2023-06-05 21:01:29.908 [warning] [Decorations] CAPPING events from decorations provider vscode.git 6348
2023-06-05 21:01:35.241 [warning] [Decorations] CAPPING events from decorations provider vscode.git 6348
2023-06-05 21:01:40.557 [warning] [Decorations] CAPPING events from decorations provider vscode.git 6348
2023-06-05 21:01:45.866 [warning] [Decorations] CAPPING events from decorations provider vscode.git 6348
2023-06-05 21:01:51.165 [warning] [Decorations] CAPPING events from decorations provider vscode.git 6348
2023-06-05 21:01:56.486 [warning] [Decorations] CAPPING events from decorations provider vscode.git 6348
2023-06-05 21:02:01.776 [warning] [Decorations] CAPPING events from decorations provider vscode.git 6348
2023-06-05 21:02:07.067 [warning] [Decorations] CAPPING events from decorations provider vscode.git 6348
2023-06-05 21:02:12.350 [warning] [Decorations] CAPPING events from decorations provider vscode.git 6348
2023-06-05 21:02:17.682 [warning] [Decorations] CAPPING events from decorations provider vscode.git 6348
2023-06-05 21:02:22.995 [warning] [Decorations] CAPPING events from decorations provider vscode.git 6348
2023-06-05 21:02:28.308 [warning] [Decorations] CAPPING events from decorations provider vscode.git 6348
2023-06-05 21:02:33.596 [warning] [Decorations] CAPPING events from decorations provider vscode.git 6348
2023-06-05 21:05:54.264 [info] ExtensionService#_doActivateExtension george-alisson.html-preview-vscode, startup: false, activationEvent: 'onLanguage:html'
2023-06-05 21:07:06.354 [info] ExtensionService#_doActivateExtension vscode.debug-server-ready, startup: false, activationEvent: 'onDebugResolve'
2023-06-05 21:07:06.358 [info] ExtensionService#_doActivateExtension ms-vscode.js-debug, startup: false, activationEvent: 'onDebugResolve:pwa-chrome'
2023-06-05 21:07:17.749 [warning] [Decorations] CAPPING events from decorations provider vscode.git 7986
2023-06-05 21:07:23.091 [warning] [Decorations] CAPPING events from decorations provider vscode.git 7990
2023-06-05 21:07:28.463 [warning] [Decorations] CAPPING events from decorations provider vscode.git 7991
2023-06-05 21:07:33.819 [warning] [Decorations] CAPPING events from decorations provider vscode.git 7991
2023-06-05 21:07:39.177 [warning] [Decorations] CAPPING events from decorations provider vscode.git 7991
2023-06-05 21:07:44.547 [warning] [Decorations] CAPPING events from decorations provider vscode.git 7991
2023-06-05 21:07:49.928 [warning] [Decorations] CAPPING events from decorations provider vscode.git 7991
2023-06-05 21:07:55.287 [warning] [Decorations] CAPPING events from decorations provider vscode.git 7991
2023-06-05 21:08:00.729 [warning] [Decorations] CAPPING events from decorations provider vscode.git 7991
2023-06-05 21:08:06.150 [warning] [Decorations] CAPPING events from decorations provider vscode.git 7991
2023-06-05 21:08:11.516 [warning] [Decorations] CAPPING events from decorations provider vscode.git 7991
2023-06-05 21:08:16.909 [warning] [Decorations] CAPPING events from decorations provider vscode.git 7991
2023-06-05 21:08:22.305 [warning] [Decorations] CAPPING events from decorations provider vscode.git 7991
2023-06-05 21:08:27.673 [warning] [Decorations] CAPPING events from decorations provider vscode.git 7991
2023-06-05 21:08:33.041 [warning] [Decorations] CAPPING events from decorations provider vscode.git 7991
2023-06-05 21:08:38.419 [warning] [Decorations] CAPPING events from decorations provider vscode.git 7991
2023-06-05 21:08:43.784 [warning] [Decorations] CAPPING events from decorations provider vscode.git 7991
2023-06-05 21:08:49.161 [warning] [Decorations] CAPPING events from decorations provider vscode.git 7991
2023-06-05 21:08:54.606 [warning] [Decorations] CAPPING events from decorations provider vscode.git 7991
2023-06-05 21:08:59.996 [warning] [Decorations] CAPPING events from decorations provider vscode.git 7991
2023-06-05 21:09:05.394 [warning] [Decorations] CAPPING events from decorations provider vscode.git 7991
2023-06-05 21:09:10.778 [warning] [Decorations] CAPPING events from decorations provider vscode.git 7991
2023-06-05 21:09:16.178 [warning] [Decorations] CAPPING events from decorations provider vscode.git 7991
2023-06-05 21:09:21.543 [warning] [Decorations] CAPPING events from decorations provider vscode.git 7991
2023-06-05 21:09:26.915 [warning] [Decorations] CAPPING events from decorations provider vscode.git 7991
2023-06-05 21:09:32.309 [warning] [Decorations] CAPPING events from decorations provider vscode.git 7991
2023-06-05 21:09:37.715 [warning] [Decorations] CAPPING events from decorations provider vscode.git 7991
2023-06-05 21:09:43.075 [warning] [Decorations] CAPPING events from decorations provider vscode.git 7991
2023-06-05 21:09:48.438 [warning] [Decorations] CAPPING events from decorations provider vscode.git 7991
2023-06-05 21:09:53.818 [warning] [Decorations] CAPPING events from decorations provider vscode.git 7991
2023-06-05 21:09:59.187 [warning] [Decorations] CAPPING events from decorations provider vscode.git 7991
2023-06-05 21:10:04.572 [warning] [Decorations] CAPPING events from decorations provider vscode.git 7991
2023-06-05 21:10:09.918 [warning] [Decorations] CAPPING events from decorations provider vscode.git 7991
2023-06-05 21:10:15.312 [warning] [Decorations] CAPPING events from decorations provider vscode.git 7991
2023-06-05 21:10:20.680 [warning] [Decorations] CAPPING events from decorations provider vscode.git 7991
2023-06-05 21:10:26.030 [warning] [Decorations] CAPPING events from decorations provider vscode.git 7991
2023-06-05 21:10:31.388 [warning] [Decorations] CAPPING events from decorations provider vscode.git 7991
2023-06-05 21:10:36.755 [warning] [Decorations] CAPPING events from decorations provider vscode.git 7991
2023-06-05 21:10:42.117 [warning] [Decorations] CAPPING events from decorations provider vscode.git 7991
2023-06-05 21:10:47.472 [warning] [Decorations] CAPPING events from decorations provider vscode.git 7991
2023-06-05 21:10:52.838 [warning] [Decorations] CAPPING events from decorations provider vscode.git 7991
2023-06-05 21:10:58.207 [warning] [Decorations] CAPPING events from decorations provider vscode.git 7991
2023-06-05 21:11:03.594 [warning] [Decorations] CAPPING events from decorations provider vscode.git 7992
2023-06-05 21:11:08.946 [warning] [Decorations] CAPPING events from decorations provider vscode.git 7992
2023-06-05 21:11:14.320 [warning] [Decorations] CAPPING events from decorations provider vscode.git 7992
2023-06-05 21:11:19.673 [warning] [Decorations] CAPPING events from decorations provider vscode.git 7992
2023-06-05 21:11:25.039 [warning] [Decorations] CAPPING events from decorations provider vscode.git 7992
2023-06-05 21:11:30.392 [warning] [Decorations] CAPPING events from decorations provider vscode.git 7992
2023-06-05 21:11:35.743 [warning] [Decorations] CAPPING events from decorations provider vscode.git 7992
2023-06-05 21:11:41.109 [warning] [Decorations] CAPPING events from decorations provider vscode.git 7992
2023-06-05 21:11:46.466 [warning] [Decorations] CAPPING events from decorations provider vscode.git 7992
2023-06-05 21:11:51.822 [warning] [Decorations] CAPPING events from decorations provider vscode.git 7992
2023-06-05 21:11:57.208 [warning] [Decorations] CAPPING events from decorations provider vscode.git 7992
2023-06-05 21:12:02.565 [warning] [Decorations] CAPPING events from decorations provider vscode.git 7992
2023-06-05 21:12:07.957 [warning] [Decorations] CAPPING events from decorations provider vscode.git 7992
2023-06-05 21:12:13.308 [warning] [Decorations] CAPPING events from decorations provider vscode.git 7992
2023-06-05 21:12:18.676 [warning] [Decorations] CAPPING events from decorations provider vscode.git 7992
2023-06-05 21:12:24.033 [warning] [Decorations] CAPPING events from decorations provider vscode.git 7992
2023-06-05 21:12:29.410 [warning] [Decorations] CAPPING events from decorations provider vscode.git 7992
2023-06-05 21:12:34.775 [warning] [Decorations] CAPPING events from decorations provider vscode.git 7992
2023-06-05 21:12:40.143 [warning] [Decorations] CAPPING events from decorations provider vscode.git 7992
2023-06-05 21:12:45.537 [warning] [Decorations] CAPPING events from decorations provider vscode.git 7992
2023-06-05 21:12:50.948 [warning] [Decorations] CAPPING events from decorations provider vscode.git 7992
2023-06-05 21:12:56.296 [warning] [Decorations] CAPPING events from decorations provider vscode.git 7992
2023-06-05 21:13:01.653 [warning] [Decorations] CAPPING events from decorations provider vscode.git 7992
2023-06-05 21:13:07.035 [warning] [Decorations] CAPPING events from decorations provider vscode.git 7992
2023-06-05 21:13:12.398 [warning] [Decorations] CAPPING events from decorations provider vscode.git 7992
2023-06-05 21:13:17.754 [warning] [Decorations] CAPPING events from decorations provider vscode.git 7992
2023-06-05 21:13:23.117 [warning] [Decorations] CAPPING events from decorations provider vscode.git 7992
2023-06-05 21:13:28.525 [warning] [Decorations] CAPPING events from decorations provider vscode.git 7992
2023-06-05 21:13:33.885 [warning] [Decorations] CAPPING events from decorations provider vscode.git 7992
2023-06-05 21:13:39.249 [warning] [Decorations] CAPPING events from decorations provider vscode.git 7992
2023-06-05 21:13:44.611 [warning] [Decorations] CAPPING events from decorations provider vscode.git 7992
2023-06-05 21:13:50.008 [warning] [Decorations] CAPPING events from decorations provider vscode.git 7992
2023-06-05 21:13:55.375 [warning] [Decorations] CAPPING events from decorations provider vscode.git 7992
2023-06-05 21:14:00.733 [warning] [Decorations] CAPPING events from decorations provider vscode.git 7992
2023-06-05 21:14:06.097 [warning] [Decorations] CAPPING events from decorations provider vscode.git 7992
2023-06-05 21:14:11.451 [warning] [Decorations] CAPPING events from decorations provider vscode.git 7992
2023-06-05 21:14:16.799 [warning] [Decorations] CAPPING events from decorations provider vscode.git 7992
2023-06-05 21:14:22.164 [warning] [Decorations] CAPPING events from decorations provider vscode.git 7992
2023-06-05 21:14:27.536 [warning] [Decorations] CAPPING events from decorations provider vscode.git 7992
2023-06-05 21:14:32.935 [warning] [Decorations] CAPPING events from decorations provider vscode.git 7992
2023-06-05 21:14:38.386 [warning] [Decorations] CAPPING events from decorations provider vscode.git 7992
2023-06-05 21:14:43.777 [warning] [Decorations] CAPPING events from decorations provider vscode.git 8001
2023-06-05 21:14:49.143 [warning] [Decorations] CAPPING events from decorations provider vscode.git 8001
2023-06-05 21:14:54.526 [warning] [Decorations] CAPPING events from decorations provider vscode.git 8001
2023-06-05 21:14:59.900 [warning] [Decorations] CAPPING events from decorations provider vscode.git 8001
2023-06-05 21:15:05.257 [warning] [Decorations] CAPPING events from decorations provider vscode.git 8001
2023-06-05 21:15:10.750 [warning] [Decorations] CAPPING events from decorations provider vscode.git 8001
2023-06-05 21:15:16.111 [warning] [Decorations] CAPPING events from decorations provider vscode.git 8001
2023-06-05 21:15:21.451 [warning] [Decorations] CAPPING events from decorations provider vscode.git 8001
2023-06-05 21:15:26.827 [warning] [Decorations] CAPPING events from decorations provider vscode.git 8001
2023-06-05 21:15:32.177 [warning] [Decorations] CAPPING events from decorations provider vscode.git 8001
2023-06-05 21:15:37.594 [warning] [Decorations] CAPPING events from decorations provider vscode.git 8001
2023-06-05 21:15:43.007 [warning] [Decorations] CAPPING events from decorations provider vscode.git 8001
2023-06-05 21:15:48.445 [warning] [Decorations] CAPPING events from decorations provider vscode.git 8001
2023-06-05 21:15:53.813 [warning] [Decorations] CAPPING events from decorations provider vscode.git 8001
2023-06-05 21:15:59.173 [warning] [Decorations] CAPPING events from decorations provider vscode.git 8001
2023-06-05 21:16:04.539 [warning] [Decorations] CAPPING events from decorations provider vscode.git 8001
2023-06-05 21:16:10.012 [warning] [Decorations] CAPPING events from decorations provider vscode.git 8001
2023-06-05 21:16:15.572 [warning] [Decorations] CAPPING events from decorations provider vscode.git 8001
2023-06-05 21:16:21.002 [warning] [Decorations] CAPPING events from decorations provider vscode.git 8001
2023-06-05 21:16:26.408 [warning] [Decorations] CAPPING events from decorations provider vscode.git 8001
2023-06-05 21:16:31.904 [warning] [Decorations] CAPPING events from decorations provider vscode.git 8001
2023-06-05 21:16:37.261 [warning] [Decorations] CAPPING events from decorations provider vscode.git 8001
2023-06-05 21:16:42.630 [warning] [Decorations] CAPPING events from decorations provider vscode.git 8001
2023-06-05 21:16:47.997 [warning] [Decorations] CAPPING events from decorations provider vscode.git 8001
2023-06-05 21:16:53.418 [warning] [Decorations] CAPPING events from decorations provider vscode.git 8001
2023-06-05 21:16:58.818 [warning] [Decorations] CAPPING events from decorations provider vscode.git 8001
2023-06-05 21:17:04.166 [warning] [Decorations] CAPPING events from decorations provider vscode.git 8001
2023-06-05 21:17:09.571 [warning] [Decorations] CAPPING events from decorations provider vscode.git 8001
2023-06-05 21:17:14.927 [warning] [Decorations] CAPPING events from decorations provider vscode.git 8001
2023-06-05 21:17:20.351 [warning] [Decorations] CAPPING events from decorations provider vscode.git 8001
2023-06-05 21:17:25.704 [warning] [Decorations] CAPPING events from decorations provider vscode.git 8001
2023-06-05 21:17:31.059 [warning] [Decorations] CAPPING events from decorations provider vscode.git 8001
2023-06-05 21:17:36.451 [warning] [Decorations] CAPPING events from decorations provider vscode.git 8001
2023-06-05 21:17:41.869 [warning] [Decorations] CAPPING events from decorations provider vscode.git 8001
2023-06-05 21:17:47.263 [warning] [Decorations] CAPPING events from decorations provider vscode.git 8001
2023-06-05 21:17:52.603 [warning] [Decorations] CAPPING events from decorations provider vscode.git 8001
2023-06-05 21:17:57.952 [warning] [Decorations] CAPPING events from decorations provider vscode.git 8001
2023-06-05 21:18:03.385 [warning] [Decorations] CAPPING events from decorations provider vscode.git 8001
2023-06-05 21:18:08.725 [warning] [Decorations] CAPPING events from decorations provider vscode.git 8001
2023-06-05 21:18:14.083 [warning] [Decorations] CAPPING events from decorations provider vscode.git 8001
2023-06-05 21:18:19.448 [warning] [Decorations] CAPPING events from decorations provider vscode.git 8001
2023-06-05 21:18:24.806 [warning] [Decorations] CAPPING events from decorations provider vscode.git 8001
2023-06-05 21:18:30.148 [warning] [Decorations] CAPPING events from decorations provider vscode.git 8001
2023-06-05 21:18:35.502 [warning] [Decorations] CAPPING events from decorations provider vscode.git 8001
2023-06-05 21:18:40.889 [warning] [Decorations] CAPPING events from decorations provider vscode.git 8001
2023-06-05 21:18:46.426 [warning] [Decorations] CAPPING events from decorations provider vscode.git 8001
2023-06-05 21:18:51.806 [warning] [Decorations] CAPPING events from decorations provider vscode.git 8001
2023-06-05 21:18:57.183 [warning] [Decorations] CAPPING events from decorations provider vscode.git 8001
2023-06-05 21:19:02.614 [warning] [Decorations] CAPPING events from decorations provider vscode.git 8001
2023-06-05 21:19:08.022 [warning] [Decorations] CAPPING events from decorations provider vscode.git 8001
2023-06-05 21:19:13.390 [warning] [Decorations] CAPPING events from decorations provider vscode.git 8001
2023-06-05 21:19:18.739 [warning] [Decorations] CAPPING events from decorations provider vscode.git 8001
2023-06-05 21:19:24.106 [warning] [Decorations] CAPPING events from decorations provider vscode.git 8001
2023-06-05 21:19:29.462 [warning] [Decorations] CAPPING events from decorations provider vscode.git 8001
2023-06-05 21:19:34.830 [warning] [Decorations] CAPPING events from decorations provider vscode.git 8001
2023-06-05 21:19:40.255 [warning] [Decorations] CAPPING events from decorations provider vscode.git 8001
2023-06-05 21:19:45.659 [warning] [Decorations] CAPPING events from decorations provider vscode.git 8001
2023-06-05 21:19:51.080 [warning] [Decorations] CAPPING events from decorations provider vscode.git 8001
2023-06-05 21:19:56.443 [warning] [Decorations] CAPPING events from decorations provider vscode.git 8001
2023-06-05 21:20:01.829 [warning] [Decorations] CAPPING events from decorations provider vscode.git 8001
2023-06-05 21:20:07.187 [warning] [Decorations] CAPPING events from decorations provider vscode.git 8001
2023-06-05 21:20:12.575 [warning] [Decorations] CAPPING events from decorations provider vscode.git 8001
2023-06-05 21:20:17.930 [warning] [Decorations] CAPPING events from decorations provider vscode.git 8001
2023-06-05 21:20:23.290 [warning] [Decorations] CAPPING events from decorations provider vscode.git 8001
2023-06-05 21:20:28.653 [warning] [Decorations] CAPPING events from decorations provider vscode.git 8001
2023-06-05 21:20:34.004 [warning] [Decorations] CAPPING events from decorations provider vscode.git 8001
2023-06-05 21:20:39.366 [warning] [Decorations] CAPPING events from decorations provider vscode.git 8001
2023-06-05 21:20:44.726 [warning] [Decorations] CAPPING events from decorations provider vscode.git 8001
2023-06-05 21:20:50.153 [warning] [Decorations] CAPPING events from decorations provider vscode.git 8001
2023-06-05 21:20:55.534 [warning] [Decorations] CAPPING events from decorations provider vscode.git 8001
2023-06-05 21:21:00.886 [warning] [Decorations] CAPPING events from decorations provider vscode.git 8001
2023-06-05 21:21:06.248 [warning] [Decorations] CAPPING events from decorations provider vscode.git 8001
2023-06-05 21:21:11.629 [warning] [Decorations] CAPPING events from decorations provider vscode.git 8001
2023-06-05 21:21:17.012 [warning] [Decorations] CAPPING events from decorations provider vscode.git 8001
2023-06-05 21:21:22.372 [warning] [Decorations] CAPPING events from decorations provider vscode.git 8001
2023-06-05 21:21:27.730 [warning] [Decorations] CAPPING events from decorations provider vscode.git 8001
2023-06-05 21:21:33.121 [warning] [Decorations] CAPPING events from decorations provider vscode.git 8001
2023-06-05 21:21:38.496 [warning] [Decorations] CAPPING events from decorations provider vscode.git 8001
2023-06-05 21:21:43.849 [warning] [Decorations] CAPPING events from decorations provider vscode.git 8001
2023-06-05 21:21:49.201 [warning] [Decorations] CAPPING events from decorations provider vscode.git 8001
2023-06-05 21:21:54.574 [warning] [Decorations] CAPPING events from decorations provider vscode.git 8001
2023-06-05 21:21:59.936 [warning] [Decorations] CAPPING events from decorations provider vscode.git 8001
2023-06-05 21:22:05.335 [warning] [Decorations] CAPPING events from decorations provider vscode.git 8001
2023-06-05 21:22:10.698 [warning] [Decorations] CAPPING events from decorations provider vscode.git 8001
2023-06-05 21:22:16.088 [warning] [Decorations] CAPPING events from decorations provider vscode.git 8001
2023-06-05 21:22:21.455 [warning] [Decorations] CAPPING events from decorations provider vscode.git 8001
2023-06-05 21:22:26.805 [warning] [Decorations] CAPPING events from decorations provider vscode.git 8001
2023-06-05 21:22:32.184 [warning] [Decorations] CAPPING events from decorations provider vscode.git 8001
2023-06-05 21:22:37.570 [warning] [Decorations] CAPPING events from decorations provider vscode.git 8001
2023-06-05 21:22:42.915 [warning] [Decorations] CAPPING events from decorations provider vscode.git 8001
2023-06-05 21:22:48.280 [warning] [Decorations] CAPPING events from decorations provider vscode.git 8001
2023-06-05 21:22:53.636 [warning] [Decorations] CAPPING events from decorations provider vscode.git 8001
2023-06-05 21:22:59.006 [warning] [Decorations] CAPPING events from decorations provider vscode.git 8001
2023-06-05 21:23:04.361 [warning] [Decorations] CAPPING events from decorations provider vscode.git 8001
2023-06-05 21:23:09.752 [warning] [Decorations] CAPPING events from decorations provider vscode.git 8001
2023-06-05 21:23:15.112 [warning] [Decorations] CAPPING events from decorations provider vscode.git 8001
2023-06-05 21:23:20.583 [warning] [Decorations] CAPPING events from decorations provider vscode.git 8001
2023-06-05 21:23:25.930 [warning] [Decorations] CAPPING events from decorations provider vscode.git 8001
2023-06-05 21:23:31.324 [warning] [Decorations] CAPPING events from decorations provider vscode.git 8001
2023-06-05 21:23:36.705 [warning] [Decorations] CAPPING events from decorations provider vscode.git 8001
2023-06-05 21:23:42.085 [warning] [Decorations] CAPPING events from decorations provider vscode.git 8001
2023-06-05 21:23:47.446 [warning] [Decorations] CAPPING events from decorations provider vscode.git 8001
2023-06-05 21:23:52.794 [warning] [Decorations] CAPPING events from decorations provider vscode.git 8001
2023-06-05 21:23:58.203 [warning] [Decorations] CAPPING events from decorations provider vscode.git 8001
2023-06-05 21:24:03.565 [warning] [Decorations] CAPPING events from decorations provider vscode.git 8001
2023-06-05 21:24:08.962 [warning] [Decorations] CAPPING events from decorations provider vscode.git 8001
2023-06-05 21:24:14.313 [warning] [Decorations] CAPPING events from decorations provider vscode.git 8001
2023-06-05 21:24:19.669 [warning] [Decorations] CAPPING events from decorations provider vscode.git 8001
2023-06-05 21:24:25.019 [warning] [Decorations] CAPPING events from decorations provider vscode.git 8001
2023-06-05 21:24:30.432 [warning] [Decorations] CAPPING events from decorations provider vscode.git 8001
2023-06-05 21:24:35.798 [warning] [Decorations] CAPPING events from decorations provider vscode.git 8001
2023-06-05 21:24:41.187 [warning] [Decorations] CAPPING events from decorations provider vscode.git 8001
2023-06-05 21:24:46.543 [warning] [Decorations] CAPPING events from decorations provider vscode.git 8001
2023-06-05 21:24:51.923 [warning] [Decorations] CAPPING events from decorations provider vscode.git 8001
2023-06-05 21:24:57.276 [warning] [Decorations] CAPPING events from decorations provider vscode.git 8001
2023-06-05 21:25:02.637 [warning] [Decorations] CAPPING events from decorations provider vscode.git 8001
2023-06-05 21:25:07.993 [warning] [Decorations] CAPPING events from decorations provider vscode.git 8001
2023-06-05 21:25:13.410 [warning] [Decorations] CAPPING events from decorations provider vscode.git 8001
2023-06-05 21:25:18.761 [warning] [Decorations] CAPPING events from decorations provider vscode.git 8001
2023-06-05 21:25:24.123 [warning] [Decorations] CAPPING events from decorations provider vscode.git 8001
2023-06-05 21:25:29.488 [warning] [Decorations] CAPPING events from decorations provider vscode.git 8001
2023-06-05 21:25:34.880 [warning] [Decorations] CAPPING events from decorations provider vscode.git 8001
2023-06-05 21:35:13.595 [warning] [Decorations] CAPPING events from decorations provider vscode.git 8001
2023-06-05 21:35:19.077 [warning] [Decorations] CAPPING events from decorations provider vscode.git 8000
2023-06-05 21:35:24.484 [warning] [Decorations] CAPPING events from decorations provider vscode.git 8000
2023-06-05 21:35:29.993 [warning] [Decorations] CAPPING events from decorations provider vscode.git 8000
2023-06-05 21:35:35.517 [warning] [Decorations] CAPPING events from decorations provider vscode.git 8000
2023-06-05 21:35:41.040 [info] Extension host terminating: renderer closed the MessagePort
2023-06-05 21:35:41.406 [error] Canceled: Canceled
	at new l (/usr/share/code/resources/app/out/vs/workbench/api/node/extensionHostProcess.js:98:104563)
	at a.O (/usr/share/code/resources/app/out/vs/workbench/api/node/extensionHostProcess.js:110:11657)
	at H.<computed>.V.charCodeAt.H.<computed> (/usr/share/code/resources/app/out/vs/workbench/api/node/extensionHostProcess.js:110:8947)
	at e.ExtHostCommands.g (/usr/share/code/resources/app/out/vs/workbench/api/node/extensionHostProcess.js:98:124729)
	at e.ExtHostCommands.executeCommand (/usr/share/code/resources/app/out/vs/workbench/api/node/extensionHostProcess.js:98:124105)
	at C.registerCommand.description (/usr/share/code/resources/app/out/vs/workbench/api/node/extensionHostProcess.js:98:123398)
	at e.ExtHostCommands.h (/usr/share/code/resources/app/out/vs/workbench/api/node/extensionHostProcess.js:98:125315)
	at e.ExtHostCommands.g (/usr/share/code/resources/app/out/vs/workbench/api/node/extensionHostProcess.js:98:124205)
	at e.ExtHostCommands.executeCommand (/usr/share/code/resources/app/out/vs/workbench/api/node/extensionHostProcess.js:98:124105)
	at Object.executeCommand (/usr/share/code/resources/app/out/vs/workbench/api/node/extensionHostProcess.js:116:24043)
	at D (/usr/share/code/resources/app/extensions/git/dist/main.js:2:1259661)
	at v.invoke (/usr/share/code/resources/app/out/vs/workbench/api/node/extensionHostProcess.js:63:145)
	at h.deliver (/usr/share/code/resources/app/out/vs/workbench/api/node/extensionHostProcess.js:63:2121)
	at i.fire (/usr/share/code/resources/app/out/vs/workbench/api/node/extensionHostProcess.js:63:1729)
	at Object.m [as dispose] (/usr/share/code/resources/app/extensions/git/dist/main.js:2:1274494)
	at /usr/share/code/resources/app/extensions/git/dist/main.js:2:1278940
	at Array.forEach (<anonymous>)
	at g.dispose (/usr/share/code/resources/app/extensions/git/dist/main.js:2:1278926)
	at t.<anonymous> (/usr/share/code/resources/app/out/vs/workbench/api/node/extensionHostProcess.js:96:12369)
	at t.dispose (/usr/share/code/resources/app/out/vs/workbench/api/node/extensionHostProcess.js:96:12504)
	at t.<anonymous> (/usr/share/code/resources/app/extensions/git/dist/main.js:2:1261791)
	at t.dispose (/usr/share/code/resources/app/out/vs/workbench/api/node/extensionHostProcess.js:96:12504)
	at T (/usr/share/code/resources/app/out/vs/workbench/api/node/extensionHostProcess.js:10:12080)
	at v.Y (/usr/share/code/resources/app/out/vs/workbench/api/node/extensionHostProcess.js:112:11173)
	at /usr/share/code/resources/app/out/vs/workbench/api/node/extensionHostProcess.js:112:9157
	at Array.map (<anonymous>)
	at v.R (/usr/share/code/resources/app/out/vs/workbench/api/node/extensionHostProcess.js:112:9144)
	at v.terminate (/usr/share/code/resources/app/out/vs/workbench/api/node/extensionHostProcess.js:112:9415)
	at d.terminate (/usr/share/code/resources/app/out/vs/workbench/api/node/extensionHostProcess.js:116:1544)
	at g (/usr/share/code/resources/app/out/vs/workbench/api/node/extensionHostProcess.js:126:34439)
	at MessagePortMain.<anonymous> (/usr/share/code/resources/app/out/vs/workbench/api/node/extensionHostProcess.js:126:30578)
	at MessagePortMain.emit (node:events:513:28)
	at MessagePortMain._internalPort.emit (node:electron/js2c/utility_init:2:367) setContext undefined
2023-06-05 21:35:41.452 [info] Extension host with pid 360 exiting with code 0
