[Client I] GitHub Codespaces version 1.14.7
[Client I] isRunningInWeb: "false"
[Client V] Initializing authentication
[Authentication I] Did not find existing login session
[Authentication I] Did not find existing login session
[API I] Signing out due to unsuccessful sign in attempt
[Client:extension:5b8d I] initializing
[Client:extension:5b8d I] creating LiveShare ConnectionHub, with type: "main thread"
[Client:extension:5b8d I] 1 connections used: > object #0: [object Object]
[Client:extension:5b8d:resolver I] created with protocol "codespaces"
[RemoteExplorer I] Updating codespace performance info
[ProtocolHandler I] Received connect event: vscode://github.codespaces/connect?name%3Dkelinha25-curly-trout-4xp6jj6vg4g2qp56
[ProtocolHandler I] Connecting to codespace kelinha25-curly-trout-4xp6jj6vg4g2qp56
[Command:Connect I] Decorator starting: ErrorNotification
[Command:Connect I] Decorator starting: Telemetry
[Authentication I] Successfully signed in
[Authentication V] Already signed in
[API I] Successfully signed in
[API:retries-left-2 I] making GET request for "https://api.github.com/user/codespaces/kelinha25-curly-trout-4xp6jj6vg4g2qp56"
[RemoteExplorer I] Updating codespace performance info
[Client I] Jupyter API registered? false
[RemoteExplorer I] Updating codespace performance info
[RemoteExplorer I] Updating codespace performance info
[RemoteExplorer I] Updating codespace performance info
[Command:Connect I] Command [Connect to Codespace]: Connect to Codespace Success (44710ms)
[Command:Connect I] Decorator finishing: Telemetry. Duration: 9ms (1 + 8)
[Command:Connect I] Decorator finishing: ErrorNotification. Duration: 0ms (0 + 0)
[Client:extension:5b8d:resolver V] disposing reason: 'vscode disposed the resolver', disposing 2 objects
