2023-06-05 23:39:06.898 [info] Nível de log: Info
2023-06-05 23:39:06.899 [info] Validando o git encontrado em: git
2023-06-05 23:39:06.899 [info] Usando git ''2.30.2'' de ''git''
2023-06-05 23:39:12.892 [info] > git rev-parse --show-toplevel [37ms]
2023-06-05 23:39:12.916 [info] > git rev-parse --git-dir --git-common-dir [7ms]
2023-06-05 23:39:12.976 [info] Open repository: /home/cerejinha3020
2023-06-05 23:39:13.022 [info] > git config --get commit.template [25ms]
2023-06-05 23:39:13.099 [info] > git for-each-ref --format=%(refname)%00%(upstream:short)%00%(objectname)%00%(upstream:track)%00%(upstream:remotename)%00%(upstream:remoteref) refs/heads/master refs/remotes/master [34ms]
2023-06-05 23:39:13.594 [info] > git status -z -uall [443ms]
2023-06-05 23:39:18.896 [info] > git config --get commit.template [96ms]
2023-06-05 23:39:19.220 [info] > git for-each-ref --format=%(refname)%00%(upstream:short)%00%(objectname)%00%(upstream:track)%00%(upstream:remotename)%00%(upstream:remoteref) refs/heads/master refs/remotes/master [7ms]
2023-06-05 23:39:19.553 [info] > git check-ignore -v -z --stdin [17ms]
2023-06-05 23:39:19.628 [info] > git status -z -uall [377ms]
2023-06-05 23:39:25.689 [info] > git show --textconv :index.html/index.html.code-workspace [1105ms]
2023-06-05 23:39:25.689 [info] > git ls-files --stage -- /home/cerejinha3020/index.html/index.html.code-workspace [39ms]
2023-06-05 23:39:35.117 [info] > git config --get commit.template [215ms]
2023-06-05 23:39:35.836 [info] > git for-each-ref --format=%(refname)%00%(upstream:short)%00%(objectname)%00%(upstream:track)%00%(upstream:remotename)%00%(upstream:remoteref) refs/heads/master refs/remotes/master [628ms]
2023-06-05 23:40:02.496 [info] > git status -z -uall [26354ms]
2023-06-05 23:40:12.412 [info] > git config --get commit.template [84ms]
2023-06-05 23:40:12.431 [info] > git for-each-ref --format=%(refname)%00%(upstream:short)%00%(objectname)%00%(upstream:track)%00%(upstream:remotename)%00%(upstream:remoteref) refs/heads/master refs/remotes/master [24ms]
2023-06-05 23:40:13.020 [info] > git status -z -uall [483ms]
2023-06-05 23:40:24.831 [info] > git config --get commit.template [986ms]
2023-06-05 23:40:25.509 [info] > git for-each-ref --format=%(refname)%00%(upstream:short)%00%(objectname)%00%(upstream:track)%00%(upstream:remotename)%00%(upstream:remoteref) refs/heads/master refs/remotes/master [47ms]
2023-06-05 23:40:30.343 [info] > git status -z -uall [4417ms]
2023-06-05 23:41:38.512 [info] Nível de log: Info
2023-06-05 23:41:38.512 [info] Validando o git encontrado em: git
2023-06-05 23:41:38.512 [info] Usando git ''2.30.2'' de ''git''
2023-06-05 23:43:39.241 [info] Nível de log: Info
2023-06-05 23:43:39.241 [info] Validando o git encontrado em: git
2023-06-05 23:43:39.241 [info] Usando git ''2.30.2'' de ''git''
2023-06-05 23:43:39.241 [info] > git rev-parse --show-toplevel [92ms]
2023-06-05 23:43:39.241 [info] > git rev-parse --git-dir --git-common-dir [15ms]
2023-06-05 23:43:39.241 [info] Open repository: /home/cerejinha3020
2023-06-05 23:43:39.241 [info] > git config --get commit.template [39ms]
2023-06-05 23:43:39.241 [info] > git rev-parse --show-toplevel [82ms]
2023-06-05 23:43:39.241 [info] > git for-each-ref --format=%(refname)%00%(upstream:short)%00%(objectname)%00%(upstream:track)%00%(upstream:remotename)%00%(upstream:remoteref) refs/heads/master refs/remotes/master [3055ms]
2023-06-05 23:43:39.313 [info] > git check-ignore -v -z --stdin [127ms]
2023-06-05 23:43:39.335 [info] > git log --format=%H%n%aN%n%aE%n%at%n%ct%n%P%n%D%n%B -z -n360 -- /home/cerejinha3020/index.html/html [525ms]
2023-06-05 23:43:39.335 [info] fatal: your current branch 'master' does not have any commits yet
2023-06-05 23:43:39.588 [info] > git status -z -uall [1397ms]
2023-06-05 23:43:45.188 [info] > git config --get commit.template [492ms]
2023-06-05 23:43:45.312 [info] > git for-each-ref --format=%(refname)%00%(upstream:short)%00%(objectname)%00%(upstream:track)%00%(upstream:remotename)%00%(upstream:remoteref) refs/heads/master refs/remotes/master [65ms]
2023-06-05 23:43:45.634 [info] > git status -z -uall [284ms]
2023-06-05 23:43:52.046 [info] > git show --textconv :index.html/html [158ms]
2023-06-05 23:43:52.069 [info] > git ls-files --stage -- /home/cerejinha3020/index.html/html [129ms]
2023-06-05 23:43:54.520 [info] > git config --get commit.template [28ms]
2023-06-05 23:43:54.526 [info] > git for-each-ref --format=%(refname)%00%(upstream:short)%00%(objectname)%00%(upstream:track)%00%(upstream:remotename)%00%(upstream:remoteref) refs/heads/master refs/remotes/master [9ms]
2023-06-05 23:43:54.713 [info] > git status -z -uall [155ms]
2023-06-05 23:44:00.132 [info] > git config --get commit.template [2ms]
2023-06-05 23:44:00.180 [info] > git for-each-ref --format=%(refname)%00%(upstream:short)%00%(objectname)%00%(upstream:track)%00%(upstream:remotename)%00%(upstream:remoteref) refs/heads/master refs/remotes/master [4ms]
2023-06-05 23:44:00.360 [info] > git status -z -uall [133ms]
2023-06-05 23:44:05.667 [info] > git config --get commit.template [3ms]
2023-06-05 23:44:05.692 [info] > git for-each-ref --format=%(refname)%00%(upstream:short)%00%(objectname)%00%(upstream:track)%00%(upstream:remotename)%00%(upstream:remoteref) refs/heads/master refs/remotes/master [3ms]
2023-06-05 23:44:05.794 [info] > git status -z -uall [84ms]
2023-06-05 23:44:11.046 [info] > git config --get commit.template [3ms]
2023-06-05 23:44:11.067 [info] > git for-each-ref --format=%(refname)%00%(upstream:short)%00%(objectname)%00%(upstream:track)%00%(upstream:remotename)%00%(upstream:remoteref) refs/heads/master refs/remotes/master [3ms]
2023-06-05 23:44:11.171 [info] > git status -z -uall [86ms]
2023-06-05 23:44:16.447 [info] > git config --get commit.template [6ms]
2023-06-05 23:44:16.477 [info] > git for-each-ref --format=%(refname)%00%(upstream:short)%00%(objectname)%00%(upstream:track)%00%(upstream:remotename)%00%(upstream:remoteref) refs/heads/master refs/remotes/master [6ms]
2023-06-05 23:44:16.601 [info] > git status -z -uall [102ms]
2023-06-05 23:44:21.946 [info] > git config --get commit.template [4ms]
2023-06-05 23:44:21.976 [info] > git for-each-ref --format=%(refname)%00%(upstream:short)%00%(objectname)%00%(upstream:track)%00%(upstream:remotename)%00%(upstream:remoteref) refs/heads/master refs/remotes/master [5ms]
2023-06-05 23:44:22.104 [info] > git status -z -uall [108ms]
2023-06-05 23:44:27.380 [info] > git config --get commit.template [26ms]
2023-06-05 23:44:27.386 [info] > git for-each-ref --format=%(refname)%00%(upstream:short)%00%(objectname)%00%(upstream:track)%00%(upstream:remotename)%00%(upstream:remoteref) refs/heads/master refs/remotes/master [9ms]
2023-06-05 23:44:27.511 [info] > git status -z -uall [101ms]
2023-06-05 23:44:32.947 [info] > git config --get commit.template [3ms]
2023-06-05 23:44:32.979 [info] > git for-each-ref --format=%(refname)%00%(upstream:short)%00%(objectname)%00%(upstream:track)%00%(upstream:remotename)%00%(upstream:remoteref) refs/heads/master refs/remotes/master [2ms]
2023-06-05 23:44:33.114 [info] > git status -z -uall [115ms]
2023-06-05 23:44:38.407 [info] > git config --get commit.template [4ms]
2023-06-05 23:44:38.438 [info] > git for-each-ref --format=%(refname)%00%(upstream:short)%00%(objectname)%00%(upstream:track)%00%(upstream:remotename)%00%(upstream:remoteref) refs/heads/master refs/remotes/master [3ms]
2023-06-05 23:44:38.578 [info] > git status -z -uall [115ms]
2023-06-05 23:44:43.866 [info] > git config --get commit.template [6ms]
2023-06-05 23:44:43.902 [info] > git for-each-ref --format=%(refname)%00%(upstream:short)%00%(objectname)%00%(upstream:track)%00%(upstream:remotename)%00%(upstream:remoteref) refs/heads/master refs/remotes/master [6ms]
2023-06-05 23:44:44.054 [info] > git status -z -uall [120ms]
2023-06-05 23:46:07.652 [info] > git log --format=%H%n%aN%n%aE%n%at%n%ct%n%P%n%D%n%B -z -n360 -- /home/cerejinha3020/index.html/html [15ms]
2023-06-05 23:46:07.653 [info] fatal: your current branch 'master' does not have any commits yet
2023-06-05 23:46:29.650 [info] > git check-ignore -v -z --stdin [13ms]
