2023-06-04 20:20:04.019 [warning] Via 'product.json#extensionEnabledApiProposals' extension 'ms-vscode.vscode-selfhost-test-provider' wants API proposal 'testContinuousRun' but that proposal DOES NOT EXIST. Likely, the proposal has been finalized (check 'vscode.d.ts') or was abandoned.
2023-06-04 20:20:19.672 [error] [File Watcher (parcel)] Unexpected error: inotify_add_watch on '/home/cerejinha3020/.config/Code/logs/20230529T121513/window1/output_20230529T121521' failed: No such file or directory (EUNKNOWN) (path: /home/cerejinha3020)
2023-06-04 20:20:19.794 [error] [File Watcher (universal)] restarting watcher after error: inotify_add_watch on '/home/cerejinha3020/.config/Code/logs/20230529T121513/window1/output_20230529T121521' failed: No such file or directory
2023-06-04 20:20:21.865 [info] [perf] Render performance baseline is 123ms
2023-06-04 20:32:19.182 [error] Failed to execute git
2023-06-04 20:32:25.079 [error] Failed to execute git
2023-06-04 20:32:53.535 [error] Failed to execute git
2023-06-04 20:32:54.575 [error] Failed to execute git
2023-06-04 20:33:29.421 [error] Failed to execute git
2023-06-04 20:33:31.455 [error] Failed to execute git
2023-06-04 20:33:33.210 [error] Failed to execute git
2023-06-04 20:33:38.920 [error] Failed to execute git
2023-06-04 20:33:40.373 [error] Failed to execute git
2023-06-04 20:33:49.194 [error] Failed to execute git
2023-06-04 20:33:53.102 [error] Failed to execute git
2023-06-04 20:34:06.172 [warning] Via 'product.json#extensionEnabledApiProposals' extension 'ms-vscode.vscode-selfhost-test-provider' wants API proposal 'testContinuousRun' but that proposal DOES NOT EXIST. Likely, the proposal has been finalized (check 'vscode.d.ts') or was abandoned.
2023-06-04 20:34:20.359 [error] Failed to execute git
2023-06-04 20:34:23.372 [info] [perf] Render performance baseline is 139ms
2023-06-04 20:34:24.677 [info] UNRESPONSIVE extension host: starting to profile NOW
2023-06-04 20:34:26.501 [info] UNRESPONSIVE extension host: received responsive event and cancelling profiling session
