2023-06-05 22:34:00.318 [info] Extension host with pid 4739 started
2023-06-05 22:34:00.318 [info] Skipping acquiring lock for /home/cerejinha3020/.config/Code/User/workspaceStorage/581468987c5ecad5b22b606fdfed8118.
2023-06-05 22:34:01.676 [info] ExtensionService#_doActivateExtension vscode.emmet, startup: false, activationEvent: 'onLanguage'
2023-06-05 22:34:02.569 [info] ExtensionService#_doActivateExtension vscode.git-base, startup: true, activationEvent: '*', root cause: vscode.git
2023-06-05 22:34:02.780 [info] ExtensionService#_doActivateExtension vscode.git, startup: true, activationEvent: '*'
2023-06-05 22:34:02.783 [info] ExtensionService#_doActivateExtension vscode.github, startup: true, activationEvent: '*'
2023-06-05 22:34:03.349 [info] Eager extensions activated
2023-06-05 22:34:03.572 [info] ExtensionService#_doActivateExtension vscode.debug-auto-launch, startup: false, activationEvent: 'onStartupFinished'
2023-06-05 22:34:03.574 [info] ExtensionService#_doActivateExtension vscode.merge-conflict, startup: false, activationEvent: 'onStartupFinished'
2023-06-05 22:34:03.575 [info] ExtensionService#_doActivateExtension ritwickdey.LiveServer, startup: false, activationEvent: 'onStartupFinished'
2023-06-05 22:34:04.181 [info] ExtensionService#_doActivateExtension vscode.html-language-features, startup: false, activationEvent: 'onLanguage:html'
2023-06-05 22:34:04.182 [info] ExtensionService#_doActivateExtension george-alisson.html-preview-vscode, startup: false, activationEvent: 'onLanguage:html'
2023-06-05 22:34:08.483 [warning] [Decorations] CAPPING events from decorations provider vscode.git 8015
2023-06-05 22:34:14.964 [info] ExtensionService#_doActivateExtension vscode.microsoft-authentication, startup: false, activationEvent: 'onAuthenticationRequest:microsoft'
2023-06-05 22:34:15.069 [info] ExtensionService#_doActivateExtension vscode.github-authentication, startup: false, activationEvent: 'onAuthenticationRequest:github'
2023-06-05 22:34:16.697 [warning] [Decorations] CAPPING events from decorations provider vscode.git 8018
2023-06-05 22:34:20.380 [warning] [Decorations] CAPPING events from decorations provider vscode.git 8001
2023-06-05 22:34:25.872 [warning] [Decorations] CAPPING events from decorations provider vscode.git 8003
2023-06-05 22:34:31.270 [warning] [Decorations] CAPPING events from decorations provider vscode.git 8003
2023-06-05 22:34:36.790 [warning] [Decorations] CAPPING events from decorations provider vscode.git 8003
2023-06-05 22:34:42.321 [warning] [Decorations] CAPPING events from decorations provider vscode.git 8005
2023-06-05 22:34:47.717 [warning] [Decorations] CAPPING events from decorations provider vscode.git 8005
2023-06-05 22:34:53.145 [warning] [Decorations] CAPPING events from decorations provider vscode.git 8005
2023-06-05 22:34:58.659 [warning] [Decorations] CAPPING events from decorations provider vscode.git 8005
2023-06-05 22:35:04.915 [warning] [Decorations] CAPPING events from decorations provider vscode.git 8005
2023-06-05 22:35:10.480 [warning] [Decorations] CAPPING events from decorations provider vscode.git 8005
2023-06-05 22:35:16.049 [warning] [Decorations] CAPPING events from decorations provider vscode.git 8005
2023-06-05 22:35:21.724 [warning] [Decorations] CAPPING events from decorations provider vscode.git 8005
2023-06-05 22:35:27.293 [warning] [Decorations] CAPPING events from decorations provider vscode.git 8005
2023-06-05 22:35:32.859 [warning] [Decorations] CAPPING events from decorations provider vscode.git 8005
2023-06-05 22:35:38.240 [warning] [Decorations] CAPPING events from decorations provider vscode.git 8005
2023-06-05 22:35:43.732 [warning] [Decorations] CAPPING events from decorations provider vscode.git 8005
2023-06-05 22:38:38.470 [warning] [Decorations] CAPPING events from decorations provider vscode.git 8008
2023-06-05 22:38:43.810 [warning] [Decorations] CAPPING events from decorations provider vscode.git 8008
2023-06-05 22:38:49.233 [warning] [Decorations] CAPPING events from decorations provider vscode.git 8008
2023-06-05 22:38:54.588 [warning] [Decorations] CAPPING events from decorations provider vscode.git 8008
2023-06-05 22:39:00.029 [warning] [Decorations] CAPPING events from decorations provider vscode.git 8008
2023-06-05 22:39:05.397 [warning] [Decorations] CAPPING events from decorations provider vscode.git 8008
2023-06-05 22:39:10.810 [warning] [Decorations] CAPPING events from decorations provider vscode.git 8008
2023-06-05 22:39:16.183 [warning] [Decorations] CAPPING events from decorations provider vscode.git 8008
2023-06-05 22:39:21.544 [warning] [Decorations] CAPPING events from decorations provider vscode.git 8008
2023-06-05 22:39:26.937 [warning] [Decorations] CAPPING events from decorations provider vscode.git 8008
2023-06-05 22:39:32.349 [warning] [Decorations] CAPPING events from decorations provider vscode.git 8008
2023-06-05 22:39:37.801 [warning] [Decorations] CAPPING events from decorations provider vscode.git 8008
2023-06-05 22:39:43.242 [warning] [Decorations] CAPPING events from decorations provider vscode.git 8008
2023-06-05 22:39:48.590 [warning] [Decorations] CAPPING events from decorations provider vscode.git 8008
2023-06-05 22:39:54.117 [warning] [Decorations] CAPPING events from decorations provider vscode.git 8008
2023-06-05 22:39:59.475 [warning] [Decorations] CAPPING events from decorations provider vscode.git 8008
2023-06-05 22:40:04.853 [warning] [Decorations] CAPPING events from decorations provider vscode.git 8008
2023-06-05 22:40:10.236 [warning] [Decorations] CAPPING events from decorations provider vscode.git 8008
2023-06-05 22:40:15.660 [warning] [Decorations] CAPPING events from decorations provider vscode.git 8008
2023-06-05 22:40:21.084 [warning] [Decorations] CAPPING events from decorations provider vscode.git 8008
2023-06-05 22:40:26.527 [warning] [Decorations] CAPPING events from decorations provider vscode.git 8008
2023-06-05 22:40:31.950 [warning] [Decorations] CAPPING events from decorations provider vscode.git 8008
2023-06-05 22:40:37.417 [warning] [Decorations] CAPPING events from decorations provider vscode.git 8008
2023-06-05 22:40:42.989 [warning] [Decorations] CAPPING events from decorations provider vscode.git 8008
2023-06-05 22:40:48.317 [warning] [Decorations] CAPPING events from decorations provider vscode.git 8008
2023-06-05 22:40:53.677 [warning] [Decorations] CAPPING events from decorations provider vscode.git 8008
2023-06-05 22:40:59.320 [warning] [Decorations] CAPPING events from decorations provider vscode.git 8008
2023-06-05 22:41:04.719 [warning] [Decorations] CAPPING events from decorations provider vscode.git 8008
2023-06-05 22:41:10.154 [warning] [Decorations] CAPPING events from decorations provider vscode.git 8008
2023-06-05 22:41:15.583 [warning] [Decorations] CAPPING events from decorations provider vscode.git 8008
2023-06-05 22:41:20.928 [warning] [Decorations] CAPPING events from decorations provider vscode.git 8008
2023-06-05 22:41:26.373 [warning] [Decorations] CAPPING events from decorations provider vscode.git 8008
2023-06-05 22:41:32.214 [warning] [Decorations] CAPPING events from decorations provider vscode.git 8008
2023-06-05 22:41:37.712 [warning] [Decorations] CAPPING events from decorations provider vscode.git 8008
2023-06-05 22:41:43.198 [warning] [Decorations] CAPPING events from decorations provider vscode.git 8008
2023-06-05 22:41:48.600 [warning] [Decorations] CAPPING events from decorations provider vscode.git 8008
2023-06-05 22:41:53.994 [warning] [Decorations] CAPPING events from decorations provider vscode.git 8008
2023-06-05 22:41:59.474 [warning] [Decorations] CAPPING events from decorations provider vscode.git 8008
2023-06-05 22:42:05.335 [warning] [Decorations] CAPPING events from decorations provider vscode.git 8008
2023-06-05 22:42:10.816 [warning] [Decorations] CAPPING events from decorations provider vscode.git 8008
2023-06-05 22:42:16.327 [warning] [Decorations] CAPPING events from decorations provider vscode.git 8008
2023-06-05 22:43:35.406 [warning] [Decorations] CAPPING events from decorations provider vscode.git 8008
2023-06-05 22:43:40.749 [warning] [Decorations] CAPPING events from decorations provider vscode.git 8008
2023-06-05 22:43:46.098 [warning] [Decorations] CAPPING events from decorations provider vscode.git 8008
2023-06-05 22:43:51.668 [warning] [Decorations] CAPPING events from decorations provider vscode.git 8008
2023-06-05 22:43:57.067 [warning] [Decorations] CAPPING events from decorations provider vscode.git 8008
2023-06-05 22:44:02.649 [warning] [Decorations] CAPPING events from decorations provider vscode.git 8008
2023-06-05 22:44:08.647 [warning] [Decorations] CAPPING events from decorations provider vscode.git 8008
2023-06-05 22:44:14.411 [warning] [Decorations] CAPPING events from decorations provider vscode.git 8008
2023-06-05 22:44:19.809 [warning] [Decorations] CAPPING events from decorations provider vscode.git 8008
2023-06-05 22:44:25.659 [warning] [Decorations] CAPPING events from decorations provider vscode.git 8008
2023-06-05 22:44:31.058 [warning] [Decorations] CAPPING events from decorations provider vscode.git 8008
2023-06-05 22:44:36.931 [warning] [Decorations] CAPPING events from decorations provider vscode.git 8008
2023-06-05 22:44:42.367 [warning] [Decorations] CAPPING events from decorations provider vscode.git 8008
2023-06-05 22:44:47.783 [warning] [Decorations] CAPPING events from decorations provider vscode.git 8008
2023-06-05 22:44:53.157 [warning] [Decorations] CAPPING events from decorations provider vscode.git 8008
2023-06-05 22:44:58.620 [warning] [Decorations] CAPPING events from decorations provider vscode.git 8008
2023-06-05 22:45:04.051 [warning] [Decorations] CAPPING events from decorations provider vscode.git 8008
2023-06-05 22:45:09.388 [warning] [Decorations] CAPPING events from decorations provider vscode.git 8008
2023-06-05 22:45:14.939 [warning] [Decorations] CAPPING events from decorations provider vscode.git 8008
2023-06-05 22:45:20.419 [warning] [Decorations] CAPPING events from decorations provider vscode.git 8008
2023-06-05 22:45:25.805 [warning] [Decorations] CAPPING events from decorations provider vscode.git 8008
2023-06-05 22:45:31.392 [warning] [Decorations] CAPPING events from decorations provider vscode.git 8008
2023-06-05 22:45:36.741 [warning] [Decorations] CAPPING events from decorations provider vscode.git 8008
2023-06-05 22:45:42.105 [warning] [Decorations] CAPPING events from decorations provider vscode.git 8008
2023-06-05 22:45:47.550 [warning] [Decorations] CAPPING events from decorations provider vscode.git 8008
2023-06-05 22:45:53.981 [warning] [Decorations] CAPPING events from decorations provider vscode.git 8008
2023-06-05 22:45:59.461 [warning] [Decorations] CAPPING events from decorations provider vscode.git 8008
2023-06-05 22:46:05.206 [warning] [Decorations] CAPPING events from decorations provider vscode.git 8008
2023-06-05 22:46:10.552 [warning] [Decorations] CAPPING events from decorations provider vscode.git 8008
2023-06-05 22:46:15.914 [warning] [Decorations] CAPPING events from decorations provider vscode.git 8008
2023-06-05 22:46:21.466 [warning] [Decorations] CAPPING events from decorations provider vscode.git 8008
2023-06-05 22:46:26.897 [warning] [Decorations] CAPPING events from decorations provider vscode.git 8008
2023-06-05 22:46:32.966 [warning] [Decorations] CAPPING events from decorations provider vscode.git 8008
2023-06-05 22:46:38.571 [warning] [Decorations] CAPPING events from decorations provider vscode.git 8008
2023-06-05 22:46:43.937 [warning] [Decorations] CAPPING events from decorations provider vscode.git 8008
2023-06-05 22:46:49.321 [warning] [Decorations] CAPPING events from decorations provider vscode.git 8008
2023-06-05 22:46:54.837 [warning] [Decorations] CAPPING events from decorations provider vscode.git 8009
2023-06-05 22:48:04.936 [warning] [Decorations] CAPPING events from decorations provider vscode.git 8008
2023-06-05 22:48:10.304 [warning] [Decorations] CAPPING events from decorations provider vscode.git 8008
2023-06-05 22:48:15.671 [warning] [Decorations] CAPPING events from decorations provider vscode.git 8009
2023-06-05 22:48:21.030 [warning] [Decorations] CAPPING events from decorations provider vscode.git 8009
2023-06-05 22:48:26.481 [warning] [Decorations] CAPPING events from decorations provider vscode.git 8010
2023-06-05 22:48:31.963 [warning] [Decorations] CAPPING events from decorations provider vscode.git 8009
2023-06-05 22:48:37.432 [warning] [Decorations] CAPPING events from decorations provider vscode.git 8009
2023-06-05 22:48:41.212 [info] ExtensionService#_doActivateExtension ms-vscode.remote-explorer, startup: false, activationEvent: 'onView:remoteTargets'
2023-06-05 22:48:41.321 [info] ExtensionService#_doActivateExtension ms-vscode-remote.remote-ssh, startup: false, activationEvent: 'onCommand:remote-internal.getActiveSshRemote'
2023-06-05 22:48:42.833 [warning] [Decorations] CAPPING events from decorations provider vscode.git 8010
2023-06-05 22:48:48.374 [warning] [Decorations] CAPPING events from decorations provider vscode.git 8010
2023-06-05 22:48:53.803 [warning] [Decorations] CAPPING events from decorations provider vscode.git 8010
2023-06-05 22:49:00.007 [warning] [Decorations] CAPPING events from decorations provider vscode.git 8010
2023-06-05 22:49:06.098 [warning] [Decorations] CAPPING events from decorations provider vscode.git 8010
2023-06-05 22:49:11.721 [warning] [Decorations] CAPPING events from decorations provider vscode.git 8010
2023-06-05 22:49:17.847 [warning] [Decorations] CAPPING events from decorations provider vscode.git 8010
2023-06-05 22:49:27.529 [warning] [Decorations] CAPPING events from decorations provider vscode.git 8010
2023-06-05 22:49:32.913 [warning] [Decorations] CAPPING events from decorations provider vscode.git 8010
2023-06-05 22:49:38.508 [warning] [Decorations] CAPPING events from decorations provider vscode.git 8010
2023-06-05 22:49:43.978 [warning] [Decorations] CAPPING events from decorations provider vscode.git 8010
2023-06-05 22:49:49.431 [warning] [Decorations] CAPPING events from decorations provider vscode.git 8010
2023-06-05 22:49:54.951 [warning] [Decorations] CAPPING events from decorations provider vscode.git 8010
2023-06-05 22:50:01.086 [warning] [Decorations] CAPPING events from decorations provider vscode.git 8010
2023-06-05 22:50:06.722 [warning] [Decorations] CAPPING events from decorations provider vscode.git 8010
2023-06-05 22:50:16.948 [warning] [Decorations] CAPPING events from decorations provider vscode.git 8010
2023-06-05 22:50:22.377 [warning] [Decorations] CAPPING events from decorations provider vscode.git 8010
2023-06-05 22:50:27.782 [warning] [Decorations] CAPPING events from decorations provider vscode.git 8010
2023-06-05 22:50:33.189 [warning] [Decorations] CAPPING events from decorations provider vscode.git 8010
2023-06-05 22:50:38.616 [warning] [Decorations] CAPPING events from decorations provider vscode.git 8010
2023-06-05 22:50:44.279 [warning] [Decorations] CAPPING events from decorations provider vscode.git 8010
2023-06-05 22:50:50.988 [warning] [Decorations] CAPPING events from decorations provider vscode.git 8010
2023-06-05 22:50:56.687 [warning] [Decorations] CAPPING events from decorations provider vscode.git 8010
2023-06-05 22:51:02.238 [warning] [Decorations] CAPPING events from decorations provider vscode.git 8010
2023-06-05 22:51:08.194 [warning] [Decorations] CAPPING events from decorations provider vscode.git 8010
2023-06-05 22:51:13.557 [warning] [Decorations] CAPPING events from decorations provider vscode.git 8010
2023-06-05 22:51:18.931 [warning] [Decorations] CAPPING events from decorations provider vscode.git 8010
2023-06-05 22:51:24.328 [warning] [Decorations] CAPPING events from decorations provider vscode.git 8010
2023-06-05 22:51:29.766 [warning] [Decorations] CAPPING events from decorations provider vscode.git 8010
2023-06-05 22:51:35.206 [warning] [Decorations] CAPPING events from decorations provider vscode.git 8010
2023-06-05 22:51:41.475 [warning] [Decorations] CAPPING events from decorations provider vscode.git 8010
2023-06-05 22:51:47.046 [warning] [Decorations] CAPPING events from decorations provider vscode.git 8010
2023-06-05 22:51:52.516 [warning] [Decorations] CAPPING events from decorations provider vscode.git 8010
2023-06-05 22:51:57.934 [warning] [Decorations] CAPPING events from decorations provider vscode.git 8010
2023-06-05 22:52:03.663 [warning] [Decorations] CAPPING events from decorations provider vscode.git 8010
2023-06-05 22:52:09.104 [warning] [Decorations] CAPPING events from decorations provider vscode.git 8010
2023-06-05 22:52:14.490 [warning] [Decorations] CAPPING events from decorations provider vscode.git 8010
2023-06-05 22:52:19.946 [warning] [Decorations] CAPPING events from decorations provider vscode.git 8010
2023-06-05 22:52:25.427 [warning] [Decorations] CAPPING events from decorations provider vscode.git 8010
2023-06-05 22:52:31.387 [warning] [Decorations] CAPPING events from decorations provider vscode.git 8010
2023-06-05 22:52:36.799 [warning] [Decorations] CAPPING events from decorations provider vscode.git 8010
2023-06-05 22:52:42.405 [warning] [Decorations] CAPPING events from decorations provider vscode.git 8010
2023-06-05 22:52:48.250 [warning] [Decorations] CAPPING events from decorations provider vscode.git 8010
2023-06-05 22:52:53.675 [warning] [Decorations] CAPPING events from decorations provider vscode.git 8010
2023-06-05 22:52:59.078 [warning] [Decorations] CAPPING events from decorations provider vscode.git 8010
2023-06-05 22:53:04.506 [warning] [Decorations] CAPPING events from decorations provider vscode.git 8010
2023-06-05 22:53:09.915 [warning] [Decorations] CAPPING events from decorations provider vscode.git 8010
2023-06-05 22:53:15.326 [warning] [Decorations] CAPPING events from decorations provider vscode.git 8010
2023-06-05 22:53:20.742 [warning] [Decorations] CAPPING events from decorations provider vscode.git 8010
2023-06-05 22:53:26.294 [warning] [Decorations] CAPPING events from decorations provider vscode.git 8010
2023-06-05 22:53:31.870 [warning] [Decorations] CAPPING events from decorations provider vscode.git 8010
2023-06-05 22:53:37.356 [warning] [Decorations] CAPPING events from decorations provider vscode.git 8010
2023-06-05 22:53:42.746 [warning] [Decorations] CAPPING events from decorations provider vscode.git 8010
2023-06-05 22:53:48.178 [warning] [Decorations] CAPPING events from decorations provider vscode.git 8010
2023-06-05 22:53:53.543 [warning] [Decorations] CAPPING events from decorations provider vscode.git 8010
2023-06-05 22:53:59.023 [warning] [Decorations] CAPPING events from decorations provider vscode.git 8010
2023-06-05 22:54:04.452 [warning] [Decorations] CAPPING events from decorations provider vscode.git 8010
2023-06-05 22:54:09.927 [warning] [Decorations] CAPPING events from decorations provider vscode.git 8010
2023-06-05 22:54:15.364 [warning] [Decorations] CAPPING events from decorations provider vscode.git 8010
2023-06-05 22:54:20.753 [warning] [Decorations] CAPPING events from decorations provider vscode.git 8010
2023-06-05 22:54:26.168 [warning] [Decorations] CAPPING events from decorations provider vscode.git 8010
2023-06-05 22:54:31.595 [warning] [Decorations] CAPPING events from decorations provider vscode.git 8010
2023-06-05 22:54:37.225 [warning] [Decorations] CAPPING events from decorations provider vscode.git 8010
2023-06-05 22:54:42.655 [warning] [Decorations] CAPPING events from decorations provider vscode.git 8010
2023-06-05 22:54:48.099 [warning] [Decorations] CAPPING events from decorations provider vscode.git 8010
2023-06-05 22:54:53.459 [warning] [Decorations] CAPPING events from decorations provider vscode.git 8010
2023-06-05 22:54:58.869 [warning] [Decorations] CAPPING events from decorations provider vscode.git 8010
2023-06-05 22:55:04.251 [warning] [Decorations] CAPPING events from decorations provider vscode.git 8010
2023-06-05 22:55:10.282 [warning] [Decorations] CAPPING events from decorations provider vscode.git 8010
2023-06-05 22:55:21.655 [warning] [Decorations] CAPPING events from decorations provider vscode.git 8010
2023-06-05 22:55:27.250 [warning] [Decorations] CAPPING events from decorations provider vscode.git 8010
2023-06-05 22:55:32.749 [warning] [Decorations] CAPPING events from decorations provider vscode.git 8010
2023-06-05 22:55:38.243 [warning] [Decorations] CAPPING events from decorations provider vscode.git 8010
2023-06-05 22:55:43.756 [warning] [Decorations] CAPPING events from decorations provider vscode.git 8010
2023-06-05 22:55:49.621 [warning] [Decorations] CAPPING events from decorations provider vscode.git 8010
2023-06-05 22:55:55.109 [warning] [Decorations] CAPPING events from decorations provider vscode.git 8010
2023-06-05 22:56:00.499 [warning] [Decorations] CAPPING events from decorations provider vscode.git 8010
2023-06-05 22:56:05.903 [warning] [Decorations] CAPPING events from decorations provider vscode.git 8010
2023-06-05 22:56:11.299 [warning] [Decorations] CAPPING events from decorations provider vscode.git 8010
2023-06-05 22:56:16.702 [warning] [Decorations] CAPPING events from decorations provider vscode.git 8010
2023-06-05 22:56:22.111 [warning] [Decorations] CAPPING events from decorations provider vscode.git 8010
2023-06-05 22:56:27.556 [warning] [Decorations] CAPPING events from decorations provider vscode.git 8010
2023-06-05 22:56:32.967 [warning] [Decorations] CAPPING events from decorations provider vscode.git 8010
2023-06-05 22:56:38.365 [warning] [Decorations] CAPPING events from decorations provider vscode.git 8010
2023-06-05 22:56:43.748 [warning] [Decorations] CAPPING events from decorations provider vscode.git 8010
2023-06-05 22:56:49.161 [warning] [Decorations] CAPPING events from decorations provider vscode.git 8010
2023-06-05 22:56:54.575 [warning] [Decorations] CAPPING events from decorations provider vscode.git 8010
2023-06-05 22:56:59.970 [warning] [Decorations] CAPPING events from decorations provider vscode.git 8010
2023-06-05 22:57:05.351 [warning] [Decorations] CAPPING events from decorations provider vscode.git 8010
2023-06-05 22:57:10.729 [warning] [Decorations] CAPPING events from decorations provider vscode.git 8010
2023-06-05 22:57:16.112 [warning] [Decorations] CAPPING events from decorations provider vscode.git 8010
2023-06-05 22:57:21.545 [warning] [Decorations] CAPPING events from decorations provider vscode.git 8010
2023-06-05 22:57:26.933 [warning] [Decorations] CAPPING events from decorations provider vscode.git 8010
2023-06-05 22:57:32.311 [warning] [Decorations] CAPPING events from decorations provider vscode.git 8010
2023-06-05 22:57:37.693 [warning] [Decorations] CAPPING events from decorations provider vscode.git 8010
2023-06-05 22:57:43.101 [warning] [Decorations] CAPPING events from decorations provider vscode.git 8010
2023-06-05 22:57:48.504 [warning] [Decorations] CAPPING events from decorations provider vscode.git 8010
2023-06-05 22:57:53.889 [warning] [Decorations] CAPPING events from decorations provider vscode.git 8010
2023-06-05 22:57:59.269 [warning] [Decorations] CAPPING events from decorations provider vscode.git 8010
2023-06-05 22:58:04.655 [warning] [Decorations] CAPPING events from decorations provider vscode.git 8010
2023-06-05 22:58:10.033 [warning] [Decorations] CAPPING events from decorations provider vscode.git 8010
2023-06-05 22:58:15.416 [warning] [Decorations] CAPPING events from decorations provider vscode.git 8010
2023-06-05 22:58:20.786 [warning] [Decorations] CAPPING events from decorations provider vscode.git 8010
2023-06-05 22:58:26.174 [warning] [Decorations] CAPPING events from decorations provider vscode.git 8010
2023-06-05 22:58:31.608 [warning] [Decorations] CAPPING events from decorations provider vscode.git 8010
2023-06-05 22:58:37.003 [warning] [Decorations] CAPPING events from decorations provider vscode.git 8010
2023-06-05 22:58:42.421 [warning] [Decorations] CAPPING events from decorations provider vscode.git 8010
2023-06-05 22:58:47.834 [warning] [Decorations] CAPPING events from decorations provider vscode.git 8010
2023-06-05 22:58:53.247 [warning] [Decorations] CAPPING events from decorations provider vscode.git 8010
2023-06-05 22:58:58.659 [warning] [Decorations] CAPPING events from decorations provider vscode.git 8010
2023-06-05 22:59:04.095 [warning] [Decorations] CAPPING events from decorations provider vscode.git 8010
2023-06-05 22:59:09.521 [warning] [Decorations] CAPPING events from decorations provider vscode.git 8010
2023-06-05 22:59:14.959 [warning] [Decorations] CAPPING events from decorations provider vscode.git 8010
2023-06-05 22:59:20.387 [warning] [Decorations] CAPPING events from decorations provider vscode.git 8010
2023-06-05 22:59:25.793 [warning] [Decorations] CAPPING events from decorations provider vscode.git 8010
2023-06-05 22:59:31.262 [warning] [Decorations] CAPPING events from decorations provider vscode.git 8010
2023-06-05 22:59:36.693 [warning] [Decorations] CAPPING events from decorations provider vscode.git 8010
2023-06-05 22:59:42.113 [warning] [Decorations] CAPPING events from decorations provider vscode.git 8010
2023-06-05 22:59:47.520 [warning] [Decorations] CAPPING events from decorations provider vscode.git 8010
2023-06-05 22:59:52.964 [warning] [Decorations] CAPPING events from decorations provider vscode.git 8010
2023-06-05 22:59:58.413 [warning] [Decorations] CAPPING events from decorations provider vscode.git 8010
2023-06-05 23:00:03.829 [warning] [Decorations] CAPPING events from decorations provider vscode.git 8010
2023-06-05 23:00:09.260 [warning] [Decorations] CAPPING events from decorations provider vscode.git 8010
2023-06-05 23:00:14.695 [warning] [Decorations] CAPPING events from decorations provider vscode.git 8010
2023-06-05 23:00:20.110 [warning] [Decorations] CAPPING events from decorations provider vscode.git 8010
2023-06-05 23:00:25.523 [warning] [Decorations] CAPPING events from decorations provider vscode.git 8010
2023-06-05 23:00:30.904 [warning] [Decorations] CAPPING events from decorations provider vscode.git 8010
2023-06-05 23:00:36.286 [warning] [Decorations] CAPPING events from decorations provider vscode.git 8010
2023-06-05 23:00:41.683 [warning] [Decorations] CAPPING events from decorations provider vscode.git 8010
2023-06-05 23:00:47.084 [warning] [Decorations] CAPPING events from decorations provider vscode.git 8010
2023-06-05 23:00:52.518 [warning] [Decorations] CAPPING events from decorations provider vscode.git 8010
2023-06-05 23:00:57.935 [warning] [Decorations] CAPPING events from decorations provider vscode.git 8010
2023-06-05 23:01:03.345 [warning] [Decorations] CAPPING events from decorations provider vscode.git 8010
2023-06-05 23:01:08.770 [warning] [Decorations] CAPPING events from decorations provider vscode.git 8010
2023-06-05 23:01:14.169 [warning] [Decorations] CAPPING events from decorations provider vscode.git 8010
2023-06-05 23:01:19.581 [warning] [Decorations] CAPPING events from decorations provider vscode.git 8010
2023-06-05 23:01:24.981 [warning] [Decorations] CAPPING events from decorations provider vscode.git 8010
2023-06-05 23:01:30.400 [warning] [Decorations] CAPPING events from decorations provider vscode.git 8010
2023-06-05 23:01:35.810 [warning] [Decorations] CAPPING events from decorations provider vscode.git 8010
2023-06-05 23:01:41.229 [warning] [Decorations] CAPPING events from decorations provider vscode.git 8010
2023-06-05 23:01:46.674 [warning] [Decorations] CAPPING events from decorations provider vscode.git 8010
2023-06-05 23:01:52.232 [warning] [Decorations] CAPPING events from decorations provider vscode.git 8010
2023-06-05 23:01:57.639 [warning] [Decorations] CAPPING events from decorations provider vscode.git 8010
2023-06-05 23:02:03.038 [warning] [Decorations] CAPPING events from decorations provider vscode.git 8010
2023-06-05 23:02:08.435 [warning] [Decorations] CAPPING events from decorations provider vscode.git 8010
2023-06-05 23:02:13.841 [warning] [Decorations] CAPPING events from decorations provider vscode.git 8010
2023-06-05 23:02:19.285 [warning] [Decorations] CAPPING events from decorations provider vscode.git 8010
2023-06-05 23:02:24.709 [warning] [Decorations] CAPPING events from decorations provider vscode.git 8010
2023-06-05 23:02:30.115 [warning] [Decorations] CAPPING events from decorations provider vscode.git 8010
2023-06-05 23:02:35.505 [warning] [Decorations] CAPPING events from decorations provider vscode.git 8010
2023-06-05 23:02:40.926 [warning] [Decorations] CAPPING events from decorations provider vscode.git 8010
2023-06-05 23:02:46.342 [warning] [Decorations] CAPPING events from decorations provider vscode.git 8010
2023-06-05 23:02:51.781 [warning] [Decorations] CAPPING events from decorations provider vscode.git 8010
2023-06-05 23:02:57.235 [warning] [Decorations] CAPPING events from decorations provider vscode.git 8010
2023-06-05 23:03:02.698 [warning] [Decorations] CAPPING events from decorations provider vscode.git 8010
2023-06-05 23:03:08.110 [warning] [Decorations] CAPPING events from decorations provider vscode.git 8010
2023-06-05 23:03:13.821 [warning] [Decorations] CAPPING events from decorations provider vscode.git 8010
2023-06-05 23:03:19.319 [warning] [Decorations] CAPPING events from decorations provider vscode.git 8010
2023-06-05 23:03:24.763 [warning] [Decorations] CAPPING events from decorations provider vscode.git 8010
2023-06-05 23:03:30.157 [warning] [Decorations] CAPPING events from decorations provider vscode.git 8010
2023-06-05 23:03:35.617 [warning] [Decorations] CAPPING events from decorations provider vscode.git 8010
2023-06-05 23:03:41.049 [warning] [Decorations] CAPPING events from decorations provider vscode.git 8010
2023-06-05 23:03:46.441 [warning] [Decorations] CAPPING events from decorations provider vscode.git 8010
2023-06-05 23:03:51.963 [warning] [Decorations] CAPPING events from decorations provider vscode.git 8010
2023-06-05 23:03:57.382 [warning] [Decorations] CAPPING events from decorations provider vscode.git 8010
2023-06-05 23:04:02.818 [warning] [Decorations] CAPPING events from decorations provider vscode.git 8010
2023-06-05 23:04:08.239 [warning] [Decorations] CAPPING events from decorations provider vscode.git 8010
2023-06-05 23:04:13.665 [warning] [Decorations] CAPPING events from decorations provider vscode.git 8010
2023-06-05 23:04:19.603 [warning] [Decorations] CAPPING events from decorations provider vscode.git 8010
2023-06-05 23:04:25.018 [warning] [Decorations] CAPPING events from decorations provider vscode.git 8010
2023-06-05 23:04:30.533 [warning] [Decorations] CAPPING events from decorations provider vscode.git 8010
2023-06-05 23:04:36.123 [warning] [Decorations] CAPPING events from decorations provider vscode.git 8010
2023-06-05 23:04:41.591 [warning] [Decorations] CAPPING events from decorations provider vscode.git 8010
2023-06-05 23:04:47.010 [warning] [Decorations] CAPPING events from decorations provider vscode.git 8010
2023-06-05 23:04:52.432 [warning] [Decorations] CAPPING events from decorations provider vscode.git 8010
2023-06-05 23:04:57.849 [warning] [Decorations] CAPPING events from decorations provider vscode.git 8010
2023-06-05 23:05:03.235 [warning] [Decorations] CAPPING events from decorations provider vscode.git 8010
2023-06-05 23:05:08.778 [warning] [Decorations] CAPPING events from decorations provider vscode.git 8010
2023-06-05 23:05:14.179 [warning] [Decorations] CAPPING events from decorations provider vscode.git 8010
2023-06-05 23:05:19.596 [warning] [Decorations] CAPPING events from decorations provider vscode.git 8010
2023-06-05 23:05:25.014 [warning] [Decorations] CAPPING events from decorations provider vscode.git 8010
2023-06-05 23:05:30.460 [warning] [Decorations] CAPPING events from decorations provider vscode.git 8010
2023-06-05 23:05:35.943 [warning] [Decorations] CAPPING events from decorations provider vscode.git 8010
2023-06-05 23:05:41.450 [warning] [Decorations] CAPPING events from decorations provider vscode.git 8010
2023-06-05 23:05:54.243 [warning] [Decorations] CAPPING events from decorations provider vscode.git 8010
2023-06-05 23:06:00.193 [warning] [Decorations] CAPPING events from decorations provider vscode.git 8010
2023-06-05 23:06:07.304 [warning] [Decorations] CAPPING events from decorations provider vscode.git 8010
2023-06-05 23:06:12.930 [warning] [Decorations] CAPPING events from decorations provider vscode.git 8010
2023-06-05 23:06:24.936 [warning] [Decorations] CAPPING events from decorations provider vscode.git 8010
2023-06-05 23:06:38.283 [warning] [Decorations] CAPPING events from decorations provider vscode.git 8010
2023-06-05 23:06:44.172 [warning] [Decorations] CAPPING events from decorations provider vscode.git 8010
2023-06-05 23:06:50.556 [warning] [Decorations] CAPPING events from decorations provider vscode.git 8010
2023-06-05 23:06:56.186 [warning] [Decorations] CAPPING events from decorations provider vscode.git 8010
2023-06-05 23:07:01.833 [warning] [Decorations] CAPPING events from decorations provider vscode.git 8010
2023-06-05 23:07:07.487 [warning] [Decorations] CAPPING events from decorations provider vscode.git 8010
2023-06-05 23:07:12.897 [warning] [Decorations] CAPPING events from decorations provider vscode.git 8010
2023-06-05 23:07:18.402 [warning] [Decorations] CAPPING events from decorations provider vscode.git 8010
2023-06-05 23:07:23.822 [warning] [Decorations] CAPPING events from decorations provider vscode.git 8010
2023-06-05 23:07:29.638 [warning] [Decorations] CAPPING events from decorations provider vscode.git 8010
2023-06-05 23:07:35.205 [warning] [Decorations] CAPPING events from decorations provider vscode.git 8010
2023-06-05 23:07:40.796 [warning] [Decorations] CAPPING events from decorations provider vscode.git 8010
2023-06-05 23:07:46.366 [warning] [Decorations] CAPPING events from decorations provider vscode.git 8010
2023-06-05 23:07:52.203 [warning] [Decorations] CAPPING events from decorations provider vscode.git 8010
2023-06-05 23:08:00.846 [warning] [Decorations] CAPPING events from decorations provider vscode.git 8010
2023-06-05 23:08:09.430 [warning] [Decorations] CAPPING events from decorations provider vscode.git 8010
2023-06-05 23:08:15.050 [warning] [Decorations] CAPPING events from decorations provider vscode.git 8010
2023-06-05 23:08:23.622 [warning] [Decorations] CAPPING events from decorations provider vscode.git 8010
2023-06-05 23:08:31.612 [warning] [Decorations] CAPPING events from decorations provider vscode.git 8010
2023-06-05 23:08:43.894 [warning] [Decorations] CAPPING events from decorations provider vscode.git 8010
2023-06-05 23:08:53.211 [warning] [Decorations] CAPPING events from decorations provider vscode.git 8010
2023-06-05 23:08:58.710 [warning] [Decorations] CAPPING events from decorations provider vscode.git 8010
2023-06-05 23:09:05.763 [warning] [Decorations] CAPPING events from decorations provider vscode.git 8010
2023-06-05 23:12:59.053 [warning] [Decorations] CAPPING events from decorations provider vscode.git 8010
2023-06-05 23:13:04.431 [warning] [Decorations] CAPPING events from decorations provider vscode.git 8010
2023-06-05 23:13:10.395 [warning] [Decorations] CAPPING events from decorations provider vscode.git 8010
2023-06-05 23:13:15.938 [warning] [Decorations] CAPPING events from decorations provider vscode.git 8010
2023-06-05 23:13:21.346 [warning] [Decorations] CAPPING events from decorations provider vscode.git 8010
2023-06-05 23:13:46.262 [warning] [Decorations] CAPPING events from decorations provider vscode.git 8010
2023-06-05 23:13:51.743 [warning] [Decorations] CAPPING events from decorations provider vscode.git 8010
2023-06-05 23:13:57.206 [warning] [Decorations] CAPPING events from decorations provider vscode.git 8010
2023-06-05 23:14:02.569 [warning] [Decorations] CAPPING events from decorations provider vscode.git 8010
2023-06-05 23:14:07.951 [warning] [Decorations] CAPPING events from decorations provider vscode.git 8010
2023-06-05 23:14:13.314 [warning] [Decorations] CAPPING events from decorations provider vscode.git 8010
2023-06-05 23:37:43.877 [warning] [Decorations] CAPPING events from decorations provider vscode.git 8010
2023-06-05 23:37:49.351 [warning] [Decorations] CAPPING events from decorations provider vscode.git 8010
2023-06-05 23:37:53.171 [info] Extension host terminating: renderer closed the MessagePort
2023-06-05 23:37:53.262 [error] Canceled: Canceled
	at new l (/usr/share/code/resources/app/out/vs/workbench/api/node/extensionHostProcess.js:98:104563)
	at a.O (/usr/share/code/resources/app/out/vs/workbench/api/node/extensionHostProcess.js:110:11657)
	at H.<computed>.V.charCodeAt.H.<computed> (/usr/share/code/resources/app/out/vs/workbench/api/node/extensionHostProcess.js:110:8947)
	at e.ExtHostCommands.g (/usr/share/code/resources/app/out/vs/workbench/api/node/extensionHostProcess.js:98:124729)
	at e.ExtHostCommands.executeCommand (/usr/share/code/resources/app/out/vs/workbench/api/node/extensionHostProcess.js:98:124105)
	at C.registerCommand.description (/usr/share/code/resources/app/out/vs/workbench/api/node/extensionHostProcess.js:98:123398)
	at e.ExtHostCommands.h (/usr/share/code/resources/app/out/vs/workbench/api/node/extensionHostProcess.js:98:125315)
	at e.ExtHostCommands.g (/usr/share/code/resources/app/out/vs/workbench/api/node/extensionHostProcess.js:98:124205)
	at e.ExtHostCommands.executeCommand (/usr/share/code/resources/app/out/vs/workbench/api/node/extensionHostProcess.js:98:124105)
	at Object.executeCommand (/usr/share/code/resources/app/out/vs/workbench/api/node/extensionHostProcess.js:116:24043)
	at D (/usr/share/code/resources/app/extensions/git/dist/main.js:2:1259661)
	at v.invoke (/usr/share/code/resources/app/out/vs/workbench/api/node/extensionHostProcess.js:63:145)
	at h.deliver (/usr/share/code/resources/app/out/vs/workbench/api/node/extensionHostProcess.js:63:2121)
	at i.fire (/usr/share/code/resources/app/out/vs/workbench/api/node/extensionHostProcess.js:63:1729)
	at Object.m [as dispose] (/usr/share/code/resources/app/extensions/git/dist/main.js:2:1274494)
	at /usr/share/code/resources/app/extensions/git/dist/main.js:2:1278940
	at Array.forEach (<anonymous>)
	at g.dispose (/usr/share/code/resources/app/extensions/git/dist/main.js:2:1278926)
	at t.<anonymous> (/usr/share/code/resources/app/out/vs/workbench/api/node/extensionHostProcess.js:96:12369)
	at t.dispose (/usr/share/code/resources/app/out/vs/workbench/api/node/extensionHostProcess.js:96:12504)
	at t.<anonymous> (/usr/share/code/resources/app/extensions/git/dist/main.js:2:1261791)
	at t.dispose (/usr/share/code/resources/app/out/vs/workbench/api/node/extensionHostProcess.js:96:12504)
	at T (/usr/share/code/resources/app/out/vs/workbench/api/node/extensionHostProcess.js:10:12080)
	at v.Y (/usr/share/code/resources/app/out/vs/workbench/api/node/extensionHostProcess.js:112:11173)
	at /usr/share/code/resources/app/out/vs/workbench/api/node/extensionHostProcess.js:112:9157
	at Array.map (<anonymous>)
	at v.R (/usr/share/code/resources/app/out/vs/workbench/api/node/extensionHostProcess.js:112:9144)
	at v.terminate (/usr/share/code/resources/app/out/vs/workbench/api/node/extensionHostProcess.js:112:9415)
	at d.terminate (/usr/share/code/resources/app/out/vs/workbench/api/node/extensionHostProcess.js:116:1544)
	at g (/usr/share/code/resources/app/out/vs/workbench/api/node/extensionHostProcess.js:126:34439)
	at MessagePortMain.<anonymous> (/usr/share/code/resources/app/out/vs/workbench/api/node/extensionHostProcess.js:126:30578)
	at MessagePortMain.emit (node:events:513:28)
	at MessagePortMain._internalPort.emit (node:electron/js2c/utility_init:2:367) setContext undefined
2023-06-05 23:37:53.263 [error] Canceled: Canceled
	at new l (/usr/share/code/resources/app/out/vs/workbench/api/node/extensionHostProcess.js:98:104563)
	at a.O (/usr/share/code/resources/app/out/vs/workbench/api/node/extensionHostProcess.js:110:11657)
	at H.<computed>.V.charCodeAt.H.<computed> (/usr/share/code/resources/app/out/vs/workbench/api/node/extensionHostProcess.js:110:8947)
	at e.ExtHostCommands.g (/usr/share/code/resources/app/out/vs/workbench/api/node/extensionHostProcess.js:98:124729)
	at e.ExtHostCommands.executeCommand (/usr/share/code/resources/app/out/vs/workbench/api/node/extensionHostProcess.js:98:124105)
	at C.registerCommand.description (/usr/share/code/resources/app/out/vs/workbench/api/node/extensionHostProcess.js:98:123398)
	at e.ExtHostCommands.h (/usr/share/code/resources/app/out/vs/workbench/api/node/extensionHostProcess.js:98:125315)
	at e.ExtHostCommands.g (/usr/share/code/resources/app/out/vs/workbench/api/node/extensionHostProcess.js:98:124205)
	at e.ExtHostCommands.executeCommand (/usr/share/code/resources/app/out/vs/workbench/api/node/extensionHostProcess.js:98:124105)
	at Object.executeCommand (/usr/share/code/resources/app/out/vs/workbench/api/node/extensionHostProcess.js:116:24043)
	at t.shutdown (/home/cerejinha3020/.vscode/extensions/ms-vscode-remote.remote-ssh-0.102.0/out/extension.js:1:646929)
	at e.deactivate (/home/cerejinha3020/.vscode/extensions/ms-vscode-remote.remote-ssh-0.102.0/out/extension.js:1:723956)
	at v.Y (/usr/share/code/resources/app/out/vs/workbench/api/node/extensionHostProcess.js:112:10974)
	at /usr/share/code/resources/app/out/vs/workbench/api/node/extensionHostProcess.js:112:9157
	at Array.map (<anonymous>)
	at v.R (/usr/share/code/resources/app/out/vs/workbench/api/node/extensionHostProcess.js:112:9144)
	at v.terminate (/usr/share/code/resources/app/out/vs/workbench/api/node/extensionHostProcess.js:112:9415)
	at d.terminate (/usr/share/code/resources/app/out/vs/workbench/api/node/extensionHostProcess.js:116:1544)
	at g (/usr/share/code/resources/app/out/vs/workbench/api/node/extensionHostProcess.js:126:34439)
	at MessagePortMain.<anonymous> (/usr/share/code/resources/app/out/vs/workbench/api/node/extensionHostProcess.js:126:30578)
	at MessagePortMain.emit (node:events:513:28)
	at MessagePortMain._internalPort.emit (node:electron/js2c/utility_init:2:367) setContext undefined
2023-06-05 23:37:53.393 [info] Extension host with pid 4739 exiting with code 0
