2023-06-04 20:20:17.228 [info] Nível de log: Info
2023-06-04 20:20:17.228 [info] Validando o git encontrado em: git
2023-06-04 20:20:17.228 [info] Usando git ''2.30.2'' de ''git''
2023-06-04 20:20:17.228 [info] > git rev-parse --show-toplevel [60ms]
2023-06-04 20:20:17.228 [info] > git rev-parse --git-dir --git-common-dir [40ms]
2023-06-04 20:20:17.228 [info] Open repository: /home/cerejinha3020
2023-06-04 20:20:17.228 [info] > git show --textconv HEAD:index.html/html [57ms]
2023-06-04 20:20:17.228 [info] > git ls-tree -l HEAD -- /home/cerejinha3020/index.html/html [20ms]
2023-06-04 20:20:17.228 [info] fatal: Not a valid object name HEAD
2023-06-04 20:20:17.228 [info] > git config --get commit.template [103ms]
2023-06-04 20:20:17.228 [info] > git for-each-ref --format=%(refname)%00%(upstream:short)%00%(objectname)%00%(upstream:track)%00%(upstream:remotename)%00%(upstream:remoteref) refs/heads/master refs/remotes/master [33ms]
2023-06-04 20:20:18.000 [info] > git status -z -uall [844ms]
2023-06-04 20:20:18.001 [info] > git check-ignore -v -z --stdin [94ms]
2023-06-04 20:20:18.045 [info] > git ls-tree -l HEAD -- /home/cerejinha3020/index.html/html [823ms]
2023-06-04 20:20:18.045 [info] fatal: Not a valid object name HEAD
2023-06-04 20:20:23.584 [info] > git config --get commit.template [4ms]
2023-06-04 20:20:23.603 [info] > git for-each-ref --format=%(refname)%00%(upstream:short)%00%(objectname)%00%(upstream:track)%00%(upstream:remotename)%00%(upstream:remoteref) refs/heads/master refs/remotes/master [5ms]
2023-06-04 20:20:23.711 [info] > git status -z -uall [96ms]
2023-06-04 20:20:28.963 [info] > git config --get commit.template [7ms]
2023-06-04 20:20:28.986 [info] > git for-each-ref --format=%(refname)%00%(upstream:short)%00%(objectname)%00%(upstream:track)%00%(upstream:remotename)%00%(upstream:remoteref) refs/heads/master refs/remotes/master [2ms]
2023-06-04 20:20:29.089 [info] > git status -z -uall [87ms]
2023-06-04 20:20:34.279 [info] > git config --get commit.template [3ms]
2023-06-04 20:20:34.300 [info] > git for-each-ref --format=%(refname)%00%(upstream:short)%00%(objectname)%00%(upstream:track)%00%(upstream:remotename)%00%(upstream:remoteref) refs/heads/master refs/remotes/master [3ms]
2023-06-04 20:20:34.399 [info] > git status -z -uall [83ms]
2023-06-04 20:20:39.617 [info] > git config --get commit.template [22ms]
2023-06-04 20:20:39.618 [info] > git for-each-ref --format=%(refname)%00%(upstream:short)%00%(objectname)%00%(upstream:track)%00%(upstream:remotename)%00%(upstream:remoteref) refs/heads/master refs/remotes/master [4ms]
2023-06-04 20:20:39.712 [info] > git status -z -uall [76ms]
2023-06-04 20:20:44.891 [info] > git config --get commit.template [2ms]
2023-06-04 20:20:44.911 [info] > git for-each-ref --format=%(refname)%00%(upstream:short)%00%(objectname)%00%(upstream:track)%00%(upstream:remotename)%00%(upstream:remoteref) refs/heads/master refs/remotes/master [3ms]
2023-06-04 20:20:45.003 [info] > git status -z -uall [76ms]
2023-06-04 20:20:50.225 [info] > git config --get commit.template [3ms]
2023-06-04 20:20:50.243 [info] > git for-each-ref --format=%(refname)%00%(upstream:short)%00%(objectname)%00%(upstream:track)%00%(upstream:remotename)%00%(upstream:remoteref) refs/heads/master refs/remotes/master [3ms]
2023-06-04 20:20:50.337 [info] > git status -z -uall [75ms]
2023-06-04 20:20:55.532 [info] > git config --get commit.template [20ms]
2023-06-04 20:20:55.533 [info] > git for-each-ref --format=%(refname)%00%(upstream:short)%00%(objectname)%00%(upstream:track)%00%(upstream:remotename)%00%(upstream:remoteref) refs/heads/master refs/remotes/master [5ms]
2023-06-04 20:20:55.625 [info] > git status -z -uall [73ms]
2023-06-04 20:21:00.825 [info] > git config --get commit.template [4ms]
2023-06-04 20:21:00.853 [info] > git for-each-ref --format=%(refname)%00%(upstream:short)%00%(objectname)%00%(upstream:track)%00%(upstream:remotename)%00%(upstream:remoteref) refs/heads/master refs/remotes/master [2ms]
2023-06-04 20:21:00.943 [info] > git status -z -uall [74ms]
2023-06-04 20:21:06.159 [info] > git config --get commit.template [2ms]
2023-06-04 20:21:06.187 [info] > git for-each-ref --format=%(refname)%00%(upstream:short)%00%(objectname)%00%(upstream:track)%00%(upstream:remotename)%00%(upstream:remoteref) refs/heads/master refs/remotes/master [3ms]
2023-06-04 20:21:06.284 [info] > git status -z -uall [77ms]
2023-06-04 20:21:11.476 [info] > git config --get commit.template [2ms]
2023-06-04 20:21:11.496 [info] > git for-each-ref --format=%(refname)%00%(upstream:short)%00%(objectname)%00%(upstream:track)%00%(upstream:remotename)%00%(upstream:remoteref) refs/heads/master refs/remotes/master [2ms]
2023-06-04 20:21:11.602 [info] > git status -z -uall [82ms]
2023-06-04 20:21:16.805 [info] > git config --get commit.template [3ms]
2023-06-04 20:21:16.823 [info] > git for-each-ref --format=%(refname)%00%(upstream:short)%00%(objectname)%00%(upstream:track)%00%(upstream:remotename)%00%(upstream:remoteref) refs/heads/master refs/remotes/master [1ms]
2023-06-04 20:21:16.917 [info] > git status -z -uall [78ms]
2023-06-04 20:21:22.131 [info] > git config --get commit.template [3ms]
2023-06-04 20:21:22.150 [info] > git for-each-ref --format=%(refname)%00%(upstream:short)%00%(objectname)%00%(upstream:track)%00%(upstream:remotename)%00%(upstream:remoteref) refs/heads/master refs/remotes/master [2ms]
2023-06-04 20:21:22.250 [info] > git status -z -uall [75ms]
2023-06-04 20:21:27.449 [info] > git config --get commit.template [3ms]
2023-06-04 20:21:27.467 [info] > git for-each-ref --format=%(refname)%00%(upstream:short)%00%(objectname)%00%(upstream:track)%00%(upstream:remotename)%00%(upstream:remoteref) refs/heads/master refs/remotes/master [3ms]
2023-06-04 20:21:27.569 [info] > git status -z -uall [81ms]
2023-06-04 20:21:32.784 [info] > git config --get commit.template [20ms]
2023-06-04 20:21:32.785 [info] > git for-each-ref --format=%(refname)%00%(upstream:short)%00%(objectname)%00%(upstream:track)%00%(upstream:remotename)%00%(upstream:remoteref) refs/heads/master refs/remotes/master [4ms]
2023-06-04 20:21:32.875 [info] > git status -z -uall [74ms]
2023-06-04 20:21:38.055 [info] > git config --get commit.template [3ms]
2023-06-04 20:21:38.078 [info] > git for-each-ref --format=%(refname)%00%(upstream:short)%00%(objectname)%00%(upstream:track)%00%(upstream:remotename)%00%(upstream:remoteref) refs/heads/master refs/remotes/master [4ms]
2023-06-04 20:21:38.188 [info] > git status -z -uall [86ms]
2023-06-04 20:21:43.371 [info] > git config --get commit.template [2ms]
2023-06-04 20:21:43.390 [info] > git for-each-ref --format=%(refname)%00%(upstream:short)%00%(objectname)%00%(upstream:track)%00%(upstream:remotename)%00%(upstream:remoteref) refs/heads/master refs/remotes/master [3ms]
2023-06-04 20:21:43.486 [info] > git status -z -uall [81ms]
2023-06-04 20:21:48.675 [info] > git config --get commit.template [3ms]
2023-06-04 20:21:48.700 [info] > git for-each-ref --format=%(refname)%00%(upstream:short)%00%(objectname)%00%(upstream:track)%00%(upstream:remotename)%00%(upstream:remoteref) refs/heads/master refs/remotes/master [2ms]
2023-06-04 20:21:48.793 [info] > git status -z -uall [78ms]
2023-06-04 20:21:54.015 [info] > git config --get commit.template [18ms]
2023-06-04 20:21:54.015 [info] > git for-each-ref --format=%(refname)%00%(upstream:short)%00%(objectname)%00%(upstream:track)%00%(upstream:remotename)%00%(upstream:remoteref) refs/heads/master refs/remotes/master [3ms]
2023-06-04 20:21:54.112 [info] > git status -z -uall [82ms]
2023-06-04 20:21:59.376 [info] > git config --get commit.template [47ms]
2023-06-04 20:21:59.379 [info] > git for-each-ref --format=%(refname)%00%(upstream:short)%00%(objectname)%00%(upstream:track)%00%(upstream:remotename)%00%(upstream:remoteref) refs/heads/master refs/remotes/master [6ms]
2023-06-04 20:21:59.481 [info] > git status -z -uall [80ms]
2023-06-04 20:22:02.975 [info] > git ls-tree -l HEAD -- /home/cerejinha3020/index.html/html [18ms]
2023-06-04 20:22:02.976 [info] fatal: Not a valid object name HEAD
2023-06-04 20:22:04.730 [info] > git config --get commit.template [29ms]
2023-06-04 20:22:04.736 [info] > git for-each-ref --format=%(refname)%00%(upstream:short)%00%(objectname)%00%(upstream:track)%00%(upstream:remotename)%00%(upstream:remoteref) refs/heads/master refs/remotes/master [10ms]
2023-06-04 20:22:04.893 [info] > git status -z -uall [136ms]
2023-06-04 20:22:10.245 [info] > git config --get commit.template [26ms]
2023-06-04 20:22:10.265 [info] > git show --textconv :index.html/html [27ms]
2023-06-04 20:22:10.288 [info] > git ls-files --stage -- /home/cerejinha3020/index.html/html [26ms]
2023-06-04 20:22:10.293 [info] > git for-each-ref --format=%(refname)%00%(upstream:short)%00%(objectname)%00%(upstream:track)%00%(upstream:remotename)%00%(upstream:remoteref) refs/heads/master refs/remotes/master [7ms]
2023-06-04 20:22:10.420 [info] > git status -z -uall [110ms]
2023-06-04 20:22:15.639 [info] > git config --get commit.template [5ms]
2023-06-04 20:22:15.663 [info] > git for-each-ref --format=%(refname)%00%(upstream:short)%00%(objectname)%00%(upstream:track)%00%(upstream:remotename)%00%(upstream:remoteref) refs/heads/master refs/remotes/master [4ms]
2023-06-04 20:22:15.761 [info] > git status -z -uall [83ms]
2023-06-04 20:22:20.963 [info] > git config --get commit.template [3ms]
2023-06-04 20:22:20.991 [info] > git for-each-ref --format=%(refname)%00%(upstream:short)%00%(objectname)%00%(upstream:track)%00%(upstream:remotename)%00%(upstream:remoteref) refs/heads/master refs/remotes/master [4ms]
2023-06-04 20:22:21.088 [info] > git status -z -uall [80ms]
2023-06-04 20:22:26.272 [info] > git config --get commit.template [4ms]
2023-06-04 20:22:26.293 [info] > git for-each-ref --format=%(refname)%00%(upstream:short)%00%(objectname)%00%(upstream:track)%00%(upstream:remotename)%00%(upstream:remoteref) refs/heads/master refs/remotes/master [3ms]
2023-06-04 20:22:26.387 [info] > git status -z -uall [79ms]
2023-06-04 20:22:31.601 [info] > git config --get commit.template [3ms]
2023-06-04 20:22:31.626 [info] > git for-each-ref --format=%(refname)%00%(upstream:short)%00%(objectname)%00%(upstream:track)%00%(upstream:remotename)%00%(upstream:remoteref) refs/heads/master refs/remotes/master [4ms]
2023-06-04 20:22:31.729 [info] > git status -z -uall [79ms]
2023-06-04 20:22:36.931 [info] > git config --get commit.template [2ms]
2023-06-04 20:22:36.950 [info] > git for-each-ref --format=%(refname)%00%(upstream:short)%00%(objectname)%00%(upstream:track)%00%(upstream:remotename)%00%(upstream:remoteref) refs/heads/master refs/remotes/master [3ms]
2023-06-04 20:22:37.045 [info] > git status -z -uall [76ms]
2023-06-04 20:22:42.219 [info] > git config --get commit.template [7ms]
2023-06-04 20:22:42.237 [info] > git for-each-ref --format=%(refname)%00%(upstream:short)%00%(objectname)%00%(upstream:track)%00%(upstream:remotename)%00%(upstream:remoteref) refs/heads/master refs/remotes/master [3ms]
2023-06-04 20:22:42.331 [info] > git status -z -uall [79ms]
2023-06-04 20:22:47.535 [info] > git config --get commit.template [3ms]
2023-06-04 20:22:47.559 [info] > git for-each-ref --format=%(refname)%00%(upstream:short)%00%(objectname)%00%(upstream:track)%00%(upstream:remotename)%00%(upstream:remoteref) refs/heads/master refs/remotes/master [4ms]
2023-06-04 20:22:47.652 [info] > git status -z -uall [77ms]
2023-06-04 20:22:52.832 [info] > git config --get commit.template [3ms]
2023-06-04 20:22:52.850 [info] > git for-each-ref --format=%(refname)%00%(upstream:short)%00%(objectname)%00%(upstream:track)%00%(upstream:remotename)%00%(upstream:remoteref) refs/heads/master refs/remotes/master [2ms]
2023-06-04 20:22:52.944 [info] > git status -z -uall [75ms]
2023-06-04 20:22:58.141 [info] > git config --get commit.template [3ms]
2023-06-04 20:22:58.159 [info] > git for-each-ref --format=%(refname)%00%(upstream:short)%00%(objectname)%00%(upstream:track)%00%(upstream:remotename)%00%(upstream:remoteref) refs/heads/master refs/remotes/master [3ms]
2023-06-04 20:22:58.263 [info] > git status -z -uall [81ms]
2023-06-04 20:30:42.290 [info] > git config --get commit.template [7ms]
2023-06-04 20:30:42.316 [info] > git for-each-ref --format=%(refname)%00%(upstream:short)%00%(objectname)%00%(upstream:track)%00%(upstream:remotename)%00%(upstream:remoteref) refs/heads/master refs/remotes/master [5ms]
2023-06-04 20:30:42.531 [info] > git status -z -uall [204ms]
2023-06-04 20:30:48.152 [info] > git config --get commit.template [20ms]
2023-06-04 20:30:48.154 [info] > git for-each-ref --format=%(refname)%00%(upstream:short)%00%(objectname)%00%(upstream:track)%00%(upstream:remotename)%00%(upstream:remoteref) refs/heads/master refs/remotes/master [6ms]
2023-06-04 20:30:48.343 [info] > git status -z -uall [173ms]
2023-06-04 20:30:53.562 [info] > git config --get commit.template [2ms]
2023-06-04 20:30:53.578 [info] > git for-each-ref --format=%(refname)%00%(upstream:short)%00%(objectname)%00%(upstream:track)%00%(upstream:remotename)%00%(upstream:remoteref) refs/heads/master refs/remotes/master [2ms]
2023-06-04 20:30:53.675 [info] > git status -z -uall [79ms]
2023-06-04 20:30:58.878 [info] > git config --get commit.template [4ms]
2023-06-04 20:30:58.896 [info] > git for-each-ref --format=%(refname)%00%(upstream:short)%00%(objectname)%00%(upstream:track)%00%(upstream:remotename)%00%(upstream:remoteref) refs/heads/master refs/remotes/master [2ms]
2023-06-04 20:30:58.985 [info] > git status -z -uall [74ms]
2023-06-04 20:31:04.200 [info] > git config --get commit.template [24ms]
2023-06-04 20:31:04.201 [info] > git for-each-ref --format=%(refname)%00%(upstream:short)%00%(objectname)%00%(upstream:track)%00%(upstream:remotename)%00%(upstream:remoteref) refs/heads/master refs/remotes/master [4ms]
2023-06-04 20:31:04.293 [info] > git status -z -uall [75ms]
2023-06-04 20:31:09.502 [info] > git config --get commit.template [16ms]
2023-06-04 20:31:09.503 [info] > git for-each-ref --format=%(refname)%00%(upstream:short)%00%(objectname)%00%(upstream:track)%00%(upstream:remotename)%00%(upstream:remoteref) refs/heads/master refs/remotes/master [3ms]
2023-06-04 20:31:09.589 [info] > git status -z -uall [66ms]
2023-06-04 20:31:14.779 [info] > git config --get commit.template [3ms]
2023-06-04 20:31:14.796 [info] > git for-each-ref --format=%(refname)%00%(upstream:short)%00%(objectname)%00%(upstream:track)%00%(upstream:remotename)%00%(upstream:remoteref) refs/heads/master refs/remotes/master [2ms]
2023-06-04 20:31:14.895 [info] > git status -z -uall [76ms]
2023-06-04 20:31:20.073 [info] > git config --get commit.template [3ms]
2023-06-04 20:31:20.093 [info] > git for-each-ref --format=%(refname)%00%(upstream:short)%00%(objectname)%00%(upstream:track)%00%(upstream:remotename)%00%(upstream:remoteref) refs/heads/master refs/remotes/master [3ms]
2023-06-04 20:31:20.182 [info] > git status -z -uall [73ms]
2023-06-04 20:31:25.367 [info] > git config --get commit.template [4ms]
2023-06-04 20:31:25.386 [info] > git for-each-ref --format=%(refname)%00%(upstream:short)%00%(objectname)%00%(upstream:track)%00%(upstream:remotename)%00%(upstream:remoteref) refs/heads/master refs/remotes/master [2ms]
2023-06-04 20:31:25.470 [info] > git status -z -uall [68ms]
2023-06-04 20:31:30.658 [info] > git config --get commit.template [2ms]
2023-06-04 20:31:30.677 [info] > git for-each-ref --format=%(refname)%00%(upstream:short)%00%(objectname)%00%(upstream:track)%00%(upstream:remotename)%00%(upstream:remoteref) refs/heads/master refs/remotes/master [2ms]
2023-06-04 20:31:30.767 [info] > git status -z -uall [72ms]
2023-06-04 20:31:35.986 [info] > git config --get commit.template [20ms]
2023-06-04 20:31:35.987 [info] > git for-each-ref --format=%(refname)%00%(upstream:short)%00%(objectname)%00%(upstream:track)%00%(upstream:remotename)%00%(upstream:remoteref) refs/heads/master refs/remotes/master [3ms]
2023-06-04 20:31:36.081 [info] > git status -z -uall [79ms]
2023-06-04 20:31:41.277 [info] > git config --get commit.template [3ms]
2023-06-04 20:31:41.312 [info] > git for-each-ref --format=%(refname)%00%(upstream:short)%00%(objectname)%00%(upstream:track)%00%(upstream:remotename)%00%(upstream:remoteref) refs/heads/master refs/remotes/master [2ms]
2023-06-04 20:31:41.404 [info] > git status -z -uall [77ms]
2023-06-04 20:31:46.591 [info] > git config --get commit.template [3ms]
2023-06-04 20:31:46.608 [info] > git for-each-ref --format=%(refname)%00%(upstream:short)%00%(objectname)%00%(upstream:track)%00%(upstream:remotename)%00%(upstream:remoteref) refs/heads/master refs/remotes/master [2ms]
2023-06-04 20:31:46.693 [info] > git status -z -uall [69ms]
2023-06-04 20:31:51.878 [info] > git config --get commit.template [3ms]
2023-06-04 20:31:51.896 [info] > git for-each-ref --format=%(refname)%00%(upstream:short)%00%(objectname)%00%(upstream:track)%00%(upstream:remotename)%00%(upstream:remoteref) refs/heads/master refs/remotes/master [3ms]
2023-06-04 20:31:51.982 [info] > git status -z -uall [65ms]
2023-06-04 20:31:57.175 [info] > git config --get commit.template [3ms]
2023-06-04 20:31:57.194 [info] > git for-each-ref --format=%(refname)%00%(upstream:short)%00%(objectname)%00%(upstream:track)%00%(upstream:remotename)%00%(upstream:remoteref) refs/heads/master refs/remotes/master [3ms]
2023-06-04 20:31:57.311 [info] > git status -z -uall [102ms]
2023-06-04 20:32:02.533 [info] > git config --get commit.template [3ms]
2023-06-04 20:32:02.551 [info] > git for-each-ref --format=%(refname)%00%(upstream:short)%00%(objectname)%00%(upstream:track)%00%(upstream:remotename)%00%(upstream:remoteref) refs/heads/master refs/remotes/master [2ms]
2023-06-04 20:32:02.647 [info] > git status -z -uall [78ms]
2023-06-04 20:32:07.844 [info] > git config --get commit.template [2ms]
2023-06-04 20:32:07.865 [info] > git for-each-ref --format=%(refname)%00%(upstream:short)%00%(objectname)%00%(upstream:track)%00%(upstream:remotename)%00%(upstream:remoteref) refs/heads/master refs/remotes/master [3ms]
2023-06-04 20:32:07.966 [info] > git status -z -uall [85ms]
2023-06-04 20:32:19.035 [info] > git log --format=%H%n%aN%n%aE%n%at%n%ct%n%P%n%D%n%B -z -n120 -- /home/cerejinha3020/index.html/html [16ms]
2023-06-04 20:32:19.036 [info] fatal: your current branch 'master' does not have any commits yet
2023-06-04 20:32:24.975 [info] > git log --format=%H%n%aN%n%aE%n%at%n%ct%n%P%n%D%n%B -z -n120 -- /home/cerejinha3020/index.html/html [8ms]
2023-06-04 20:32:24.975 [info] fatal: your current branch 'master' does not have any commits yet
2023-06-04 20:32:53.515 [info] > git log --format=%H%n%aN%n%aE%n%at%n%ct%n%P%n%D%n%B -z -n120 -- /home/cerejinha3020/index.html/html [7ms]
2023-06-04 20:32:53.515 [info] fatal: your current branch 'master' does not have any commits yet
2023-06-04 20:32:54.568 [info] > git log --format=%H%n%aN%n%aE%n%at%n%ct%n%P%n%D%n%B -z -n120 -- /home/cerejinha3020/index.html/html [8ms]
2023-06-04 20:32:54.568 [info] fatal: your current branch 'master' does not have any commits yet
2023-06-04 20:33:29.214 [info] > git log --format=%H%n%aN%n%aE%n%at%n%ct%n%P%n%D%n%B -z -n120 -- /home/cerejinha3020/index.html/html [6ms]
2023-06-04 20:33:29.214 [info] fatal: your current branch 'master' does not have any commits yet
2023-06-04 20:33:31.315 [info] > git log --format=%H%n%aN%n%aE%n%at%n%ct%n%P%n%D%n%B -z -n120 -- /home/cerejinha3020/index.html/html [9ms]
2023-06-04 20:33:31.325 [info] fatal: your current branch 'master' does not have any commits yet
2023-06-04 20:33:33.095 [info] > git log --format=%H%n%aN%n%aE%n%at%n%ct%n%P%n%D%n%B -z -n120 -- /home/cerejinha3020/index.html/html [5ms]
2023-06-04 20:33:33.096 [info] fatal: your current branch 'master' does not have any commits yet
2023-06-04 20:33:38.733 [info] > git log --format=%H%n%aN%n%aE%n%at%n%ct%n%P%n%D%n%B -z -n120 -- /home/cerejinha3020/index.html/typescript [11ms]
2023-06-04 20:33:38.734 [info] fatal: your current branch 'master' does not have any commits yet
2023-06-04 20:33:39.021 [info] > git show --textconv :index.html/typescript [41ms]
2023-06-04 20:33:39.029 [info] > git ls-files --stage -- /home/cerejinha3020/index.html/typescript [14ms]
2023-06-04 20:33:40.056 [info] > git log --format=%H%n%aN%n%aE%n%at%n%ct%n%P%n%D%n%B -z -n120 -- /home/cerejinha3020/index.html/html [7ms]
2023-06-04 20:33:40.056 [info] fatal: your current branch 'master' does not have any commits yet
2023-06-04 20:33:49.154 [info] > git log --format=%H%n%aN%n%aE%n%at%n%ct%n%P%n%D%n%B -z -n239 -- /home/cerejinha3020/index.html/html [9ms]
2023-06-04 20:33:49.157 [info] fatal: your current branch 'master' does not have any commits yet
2023-06-04 20:33:49.170 [info] > git log --format=%H%n%aN%n%aE%n%at%n%ct%n%P%n%D%n%B -z -n120 -- /home/cerejinha3020/index.html/html [90ms]
2023-06-04 20:33:49.170 [info] fatal: your current branch 'master' does not have any commits yet
2023-06-04 20:33:52.977 [info] > git log --format=%H%n%aN%n%aE%n%at%n%ct%n%P%n%D%n%B -z -n120 -- /home/cerejinha3020/index.html/html [27ms]
2023-06-04 20:33:52.978 [info] fatal: your current branch 'master' does not have any commits yet
2023-06-04 20:33:52.995 [info] > git log --format=%H%n%aN%n%aE%n%at%n%ct%n%P%n%D%n%B -z -n239 -- /home/cerejinha3020/index.html/html [23ms]
2023-06-04 20:33:52.996 [info] fatal: your current branch 'master' does not have any commits yet
2023-06-04 20:34:20.158 [info] Nível de log: Info
2023-06-04 20:34:20.158 [info] Validando o git encontrado em: git
2023-06-04 20:34:20.159 [info] Usando git ''2.30.2'' de ''git''
2023-06-04 20:34:20.159 [info] > git rev-parse --show-toplevel [67ms]
2023-06-04 20:34:20.159 [info] > git rev-parse --git-dir --git-common-dir [30ms]
2023-06-04 20:34:20.159 [info] Open repository: /home/cerejinha3020
2023-06-04 20:34:20.160 [info] > git config --get commit.template [151ms]
2023-06-04 20:34:20.160 [info] > git rev-parse --show-toplevel [203ms]
2023-06-04 20:34:20.160 [info] > git rev-parse --show-toplevel [25ms]
2023-06-04 20:34:20.160 [info] > git for-each-ref --format=%(refname)%00%(upstream:short)%00%(objectname)%00%(upstream:track)%00%(upstream:remotename)%00%(upstream:remoteref) refs/heads/master refs/remotes/master [9ms]
2023-06-04 20:34:20.160 [info] > git status -z -uall [583ms]
2023-06-04 20:34:20.164 [info] > git check-ignore -v -z --stdin [5322ms]
2023-06-04 20:34:20.164 [info] > git config --get commit.template [194ms]
2023-06-04 20:34:20.164 [info] > git log --format=%H%n%aN%n%aE%n%at%n%ct%n%P%n%D%n%B -z -n120 -- /home/cerejinha3020/index.html/html [99ms]
2023-06-04 20:34:20.164 [info] fatal: your current branch 'master' does not have any commits yet
2023-06-04 20:34:20.176 [info] > git for-each-ref --format=%(refname)%00%(upstream:short)%00%(objectname)%00%(upstream:track)%00%(upstream:remotename)%00%(upstream:remoteref) refs/heads/master refs/remotes/master [32ms]
2023-06-04 20:34:20.389 [info] > git status -z -uall [197ms]
2023-06-04 20:34:26.841 [info] > git show --textconv :index.html/html [99ms]
2023-06-04 20:34:26.855 [info] > git ls-files --stage -- /home/cerejinha3020/index.html/html [40ms]
2023-06-04 20:34:29.676 [info] > git config --get commit.template [3ms]
2023-06-04 20:34:29.708 [info] > git for-each-ref --format=%(refname)%00%(upstream:short)%00%(objectname)%00%(upstream:track)%00%(upstream:remotename)%00%(upstream:remoteref) refs/heads/master refs/remotes/master [4ms]
2023-06-04 20:34:29.979 [info] > git status -z -uall [249ms]
2023-06-04 20:34:35.233 [info] > git config --get commit.template [24ms]
2023-06-04 20:34:35.234 [info] > git for-each-ref --format=%(refname)%00%(upstream:short)%00%(objectname)%00%(upstream:track)%00%(upstream:remotename)%00%(upstream:remoteref) refs/heads/master refs/remotes/master [5ms]
2023-06-04 20:34:35.509 [info] > git status -z -uall [252ms]
2023-06-04 20:34:40.714 [info] > git config --get commit.template [4ms]
2023-06-04 20:34:40.742 [info] > git for-each-ref --format=%(refname)%00%(upstream:short)%00%(objectname)%00%(upstream:track)%00%(upstream:remotename)%00%(upstream:remoteref) refs/heads/master refs/remotes/master [5ms]
2023-06-04 20:34:40.855 [info] > git status -z -uall [96ms]
2023-06-04 20:34:46.092 [info] > git config --get commit.template [3ms]
2023-06-04 20:34:46.154 [info] > git for-each-ref --format=%(refname)%00%(upstream:short)%00%(objectname)%00%(upstream:track)%00%(upstream:remotename)%00%(upstream:remoteref) refs/heads/master refs/remotes/master [24ms]
2023-06-04 20:34:46.334 [info] > git status -z -uall [147ms]
2023-06-04 20:34:51.628 [info] > git config --get commit.template [13ms]
2023-06-04 20:34:51.674 [info] > git for-each-ref --format=%(refname)%00%(upstream:short)%00%(objectname)%00%(upstream:track)%00%(upstream:remotename)%00%(upstream:remoteref) refs/heads/master refs/remotes/master [17ms]
2023-06-04 20:34:51.862 [info] > git status -z -uall [169ms]
2023-06-04 20:34:57.255 [info] > git config --get commit.template [11ms]
2023-06-04 20:34:57.354 [info] > git for-each-ref --format=%(refname)%00%(upstream:short)%00%(objectname)%00%(upstream:track)%00%(upstream:remotename)%00%(upstream:remoteref) refs/heads/master refs/remotes/master [42ms]
2023-06-04 20:34:57.570 [info] > git status -z -uall [183ms]
2023-06-04 20:35:02.839 [info] > git config --get commit.template [3ms]
2023-06-04 20:35:02.867 [info] > git for-each-ref --format=%(refname)%00%(upstream:short)%00%(objectname)%00%(upstream:track)%00%(upstream:remotename)%00%(upstream:remoteref) refs/heads/master refs/remotes/master [6ms]
2023-06-04 20:35:02.999 [info] > git status -z -uall [110ms]
2023-06-04 20:35:08.249 [info] > git config --get commit.template [4ms]
2023-06-04 20:35:08.272 [info] > git for-each-ref --format=%(refname)%00%(upstream:short)%00%(objectname)%00%(upstream:track)%00%(upstream:remotename)%00%(upstream:remoteref) refs/heads/master refs/remotes/master [2ms]
2023-06-04 20:35:08.371 [info] > git status -z -uall [84ms]
2023-06-04 20:35:13.600 [info] > git for-each-ref --format=%(refname)%00%(upstream:short)%00%(objectname)%00%(upstream:track)%00%(upstream:remotename)%00%(upstream:remoteref) refs/heads/master refs/remotes/master [7ms]
2023-06-04 20:35:13.602 [info] > git config --get commit.template [28ms]
2023-06-04 20:35:13.723 [info] > git status -z -uall [95ms]
2023-06-04 20:35:18.926 [info] > git config --get commit.template [2ms]
2023-06-04 20:35:18.944 [info] > git for-each-ref --format=%(refname)%00%(upstream:short)%00%(objectname)%00%(upstream:track)%00%(upstream:remotename)%00%(upstream:remoteref) refs/heads/master refs/remotes/master [2ms]
2023-06-04 20:35:19.029 [info] > git status -z -uall [66ms]
2023-06-04 20:35:24.267 [info] > git config --get commit.template [16ms]
2023-06-04 20:35:24.361 [info] > git for-each-ref --format=%(refname)%00%(upstream:short)%00%(objectname)%00%(upstream:track)%00%(upstream:remotename)%00%(upstream:remoteref) refs/heads/master refs/remotes/master [45ms]
2023-06-04 20:35:24.520 [info] > git status -z -uall [123ms]
2023-06-04 20:35:29.993 [info] > git config --get commit.template [8ms]
2023-06-04 20:35:30.020 [info] > git for-each-ref --format=%(refname)%00%(upstream:short)%00%(objectname)%00%(upstream:track)%00%(upstream:remotename)%00%(upstream:remoteref) refs/heads/master refs/remotes/master [5ms]
2023-06-04 20:35:30.118 [info] > git status -z -uall [78ms]
2023-06-04 20:35:35.325 [info] > git config --get commit.template [14ms]
2023-06-04 20:35:35.366 [info] > git for-each-ref --format=%(refname)%00%(upstream:short)%00%(objectname)%00%(upstream:track)%00%(upstream:remotename)%00%(upstream:remoteref) refs/heads/master refs/remotes/master [14ms]
2023-06-04 20:35:35.548 [info] > git status -z -uall [155ms]
2023-06-04 20:35:40.932 [info] > git config --get commit.template [10ms]
2023-06-04 20:35:40.977 [info] > git for-each-ref --format=%(refname)%00%(upstream:short)%00%(objectname)%00%(upstream:track)%00%(upstream:remotename)%00%(upstream:remoteref) refs/heads/master refs/remotes/master [11ms]
2023-06-04 20:35:41.194 [info] > git status -z -uall [178ms]
2023-06-04 20:35:46.516 [info] > git config --get commit.template [51ms]
2023-06-04 20:35:46.520 [info] > git for-each-ref --format=%(refname)%00%(upstream:short)%00%(objectname)%00%(upstream:track)%00%(upstream:remotename)%00%(upstream:remoteref) refs/heads/master refs/remotes/master [9ms]
2023-06-04 20:35:46.630 [info] > git status -z -uall [92ms]
2023-06-04 20:35:51.878 [info] > git config --get commit.template [35ms]
2023-06-04 20:35:51.880 [info] > git for-each-ref --format=%(refname)%00%(upstream:short)%00%(objectname)%00%(upstream:track)%00%(upstream:remotename)%00%(upstream:remoteref) refs/heads/master refs/remotes/master [14ms]
2023-06-04 20:35:52.025 [info] > git status -z -uall [124ms]
2023-06-04 20:35:57.340 [info] > git for-each-ref --format=%(refname)%00%(upstream:short)%00%(objectname)%00%(upstream:track)%00%(upstream:remotename)%00%(upstream:remoteref) refs/heads/master refs/remotes/master [3ms]
2023-06-04 20:35:57.341 [info] > git config --get commit.template [32ms]
2023-06-04 20:35:57.474 [info] > git status -z -uall [109ms]
2023-06-04 20:36:02.706 [info] > git config --get commit.template [23ms]
2023-06-04 20:36:02.707 [info] > git for-each-ref --format=%(refname)%00%(upstream:short)%00%(objectname)%00%(upstream:track)%00%(upstream:remotename)%00%(upstream:remoteref) refs/heads/master refs/remotes/master [3ms]
2023-06-04 20:36:02.798 [info] > git status -z -uall [77ms]
2023-06-04 20:36:07.999 [info] > git config --get commit.template [2ms]
2023-06-04 20:36:08.017 [info] > git for-each-ref --format=%(refname)%00%(upstream:short)%00%(objectname)%00%(upstream:track)%00%(upstream:remotename)%00%(upstream:remoteref) refs/heads/master refs/remotes/master [3ms]
2023-06-04 20:36:08.154 [info] > git status -z -uall [122ms]
2023-06-04 20:36:13.364 [info] > git config --get commit.template [6ms]
2023-06-04 20:36:13.388 [info] > git for-each-ref --format=%(refname)%00%(upstream:short)%00%(objectname)%00%(upstream:track)%00%(upstream:remotename)%00%(upstream:remoteref) refs/heads/master refs/remotes/master [6ms]
2023-06-04 20:36:13.494 [info] > git status -z -uall [85ms]
2023-06-04 20:36:18.696 [info] > git config --get commit.template [3ms]
2023-06-04 20:36:18.718 [info] > git for-each-ref --format=%(refname)%00%(upstream:short)%00%(objectname)%00%(upstream:track)%00%(upstream:remotename)%00%(upstream:remoteref) refs/heads/master refs/remotes/master [2ms]
2023-06-04 20:36:18.811 [info] > git status -z -uall [77ms]
2023-06-04 20:36:24.019 [info] > git config --get commit.template [19ms]
2023-06-04 20:36:24.020 [info] > git for-each-ref --format=%(refname)%00%(upstream:short)%00%(objectname)%00%(upstream:track)%00%(upstream:remotename)%00%(upstream:remoteref) refs/heads/master refs/remotes/master [4ms]
2023-06-04 20:36:24.115 [info] > git status -z -uall [74ms]
2023-06-04 20:36:29.301 [info] > git config --get commit.template [3ms]
2023-06-04 20:36:29.320 [info] > git for-each-ref --format=%(refname)%00%(upstream:short)%00%(objectname)%00%(upstream:track)%00%(upstream:remotename)%00%(upstream:remoteref) refs/heads/master refs/remotes/master [3ms]
2023-06-04 20:36:29.407 [info] > git status -z -uall [67ms]
2023-06-04 20:36:34.711 [info] > git config --get commit.template [65ms]
2023-06-04 20:36:34.714 [info] > git for-each-ref --format=%(refname)%00%(upstream:short)%00%(objectname)%00%(upstream:track)%00%(upstream:remotename)%00%(upstream:remoteref) refs/heads/master refs/remotes/master [5ms]
2023-06-04 20:36:34.850 [info] > git status -z -uall [94ms]
2023-06-04 20:36:40.103 [info] > git config --get commit.template [7ms]
2023-06-04 20:36:40.125 [info] > git for-each-ref --format=%(refname)%00%(upstream:short)%00%(objectname)%00%(upstream:track)%00%(upstream:remotename)%00%(upstream:remoteref) refs/heads/master refs/remotes/master [2ms]
2023-06-04 20:36:40.219 [info] > git status -z -uall [78ms]
2023-06-04 20:36:45.432 [info] > git config --get commit.template [23ms]
2023-06-04 20:36:45.437 [info] > git for-each-ref --format=%(refname)%00%(upstream:short)%00%(objectname)%00%(upstream:track)%00%(upstream:remotename)%00%(upstream:remoteref) refs/heads/master refs/remotes/master [6ms]
2023-06-04 20:36:45.534 [info] > git status -z -uall [79ms]
2023-06-04 20:36:50.747 [info] > git config --get commit.template [19ms]
2023-06-04 20:36:50.748 [info] > git for-each-ref --format=%(refname)%00%(upstream:short)%00%(objectname)%00%(upstream:track)%00%(upstream:remotename)%00%(upstream:remoteref) refs/heads/master refs/remotes/master [5ms]
2023-06-04 20:36:50.839 [info] > git status -z -uall [77ms]
2023-06-04 20:36:56.020 [info] > git config --get commit.template [3ms]
2023-06-04 20:36:56.043 [info] > git for-each-ref --format=%(refname)%00%(upstream:short)%00%(objectname)%00%(upstream:track)%00%(upstream:remotename)%00%(upstream:remoteref) refs/heads/master refs/remotes/master [3ms]
2023-06-04 20:36:56.130 [info] > git status -z -uall [70ms]
2023-06-04 20:37:01.316 [info] > git config --get commit.template [3ms]
2023-06-04 20:37:01.334 [info] > git for-each-ref --format=%(refname)%00%(upstream:short)%00%(objectname)%00%(upstream:track)%00%(upstream:remotename)%00%(upstream:remoteref) refs/heads/master refs/remotes/master [3ms]
2023-06-04 20:37:01.437 [info] > git status -z -uall [84ms]
2023-06-04 20:37:06.637 [info] > git config --get commit.template [18ms]
2023-06-04 20:37:06.639 [info] > git for-each-ref --format=%(refname)%00%(upstream:short)%00%(objectname)%00%(upstream:track)%00%(upstream:remotename)%00%(upstream:remoteref) refs/heads/master refs/remotes/master [2ms]
2023-06-04 20:37:06.728 [info] > git status -z -uall [74ms]
2023-06-04 20:37:11.917 [info] > git config --get commit.template [4ms]
2023-06-04 20:37:11.936 [info] > git for-each-ref --format=%(refname)%00%(upstream:short)%00%(objectname)%00%(upstream:track)%00%(upstream:remotename)%00%(upstream:remoteref) refs/heads/master refs/remotes/master [2ms]
2023-06-04 20:37:12.034 [info] > git status -z -uall [83ms]
2023-06-04 20:37:17.355 [info] > git config --get commit.template [60ms]
2023-06-04 20:37:17.359 [info] > git for-each-ref --format=%(refname)%00%(upstream:short)%00%(objectname)%00%(upstream:track)%00%(upstream:remotename)%00%(upstream:remoteref) refs/heads/master refs/remotes/master [20ms]
2023-06-04 20:37:17.638 [info] > git status -z -uall [235ms]
2023-06-04 20:37:22.938 [info] > git config --get commit.template [3ms]
2023-06-04 20:37:22.957 [info] > git for-each-ref --format=%(refname)%00%(upstream:short)%00%(objectname)%00%(upstream:track)%00%(upstream:remotename)%00%(upstream:remoteref) refs/heads/master refs/remotes/master [3ms]
2023-06-04 20:37:23.056 [info] > git status -z -uall [77ms]
2023-06-04 20:37:28.256 [info] > git config --get commit.template [3ms]
2023-06-04 20:37:28.273 [info] > git for-each-ref --format=%(refname)%00%(upstream:short)%00%(objectname)%00%(upstream:track)%00%(upstream:remotename)%00%(upstream:remoteref) refs/heads/master refs/remotes/master [2ms]
2023-06-04 20:37:28.363 [info] > git status -z -uall [75ms]
2023-06-04 20:37:33.545 [info] > git config --get commit.template [2ms]
2023-06-04 20:37:33.572 [info] > git for-each-ref --format=%(refname)%00%(upstream:short)%00%(objectname)%00%(upstream:track)%00%(upstream:remotename)%00%(upstream:remoteref) refs/heads/master refs/remotes/master [4ms]
2023-06-04 20:37:33.672 [info] > git status -z -uall [78ms]
2023-06-04 20:37:38.921 [info] > git for-each-ref --format=%(refname)%00%(upstream:short)%00%(objectname)%00%(upstream:track)%00%(upstream:remotename)%00%(upstream:remoteref) refs/heads/master refs/remotes/master [2ms]
2023-06-04 20:37:38.926 [info] > git config --get commit.template [38ms]
2023-06-04 20:37:39.101 [info] > git status -z -uall [137ms]
